{"uuid": "b0840961-8f73-4168-b7d8-d429787ede10", "children": ["a2613b70-b24d-49ca-b942-4eddb9267fd3"], "befores": [{"name": "CommonFunctionality.Start Barrons Article", "status": "failed", "statusDetails": {"message": "SessionNotCreatedException: Message: session not created: This version of ChromeDriver only supports Chrome version 120\nCurrent browser version is 126.0.6478.127 with binary path C:\\Program Files\\Google\\Chrome\\Application\\chrome.exe\nStacktrace:\n\tGetHandleVerifier [0x00007FF60FB54D02+56194]\n\t(No symbol) [0x00007FF60FAC04B2]\n\t(No symbol) [0x00007FF60F9676AA]\n\t(No symbol) [0x00007FF60F9A1652]\n\t(No symbol) [0x00007FF60F9A094D]\n\t(No symbol) [0x00007FF60F99B84F]\n\t(No symbol) [0x00007FF60F997DC2]\n\t(No symbol) [0x00007FF60F9E0954]\n\t(No symbol) [0x00007FF60F9D5C23]\n\t(No symbol) [0x00007FF60F9A4A45]\n\t(No symbol) [0x00007FF60F9A5AD4]\n\tGetHandleVerifier [0x00007FF60FECD5BB+3695675]\n\tGetHandleVerifier [0x00007FF60FF26197+4059159]\n\tGetHandleVerifier [0x00007FF60FF1DF63+4025827]\n\tGetHandleVerifier [0x00007FF60FBEF029+687785]\n\t(No symbol) [0x00007FF60FACB508]\n\t(No symbol) [0x00007FF60FAC7564]\n\t(No symbol) [0x00007FF60FAC76E9]\n\t(No symbol) [0x00007FF60FAB8094]\n\tBaseThreadInitThunk [0x00007FFD67CF7344+20]\n\tRtlUserThreadStart [0x00007FFD68E1CC91+33]\n"}, "steps": [{"name": "SeleniumLibrary.Set Selenium Speed", "status": "passed", "statusDetails": {}, "parameters": [{"name": "arg1", "value": "0.5 seconds"}], "start": 1719932465187, "stop": 1719932465188}, {"name": "CommonFunctionality.Set Browser Options", "status": "passed", "statusDetails": {}, "steps": [{"name": "\"${Browser}\" == \"firefox\"", "status": "skipped", "statusDetails": {}, "steps": [{"name": "BuiltIn.Evaluate", "status": "skipped", "statusDetails": {}, "parameters": [{"name": "arg1", "value": "selenium.webdriver.FirefoxOptions()"}], "start": 1719932465188, "stop": 1719932465189}, {"name": "BuiltIn.Call Method", "status": "skipped", "statusDetails": {}, "parameters": [{"name": "arg1", "value": "${options}"}, {"name": "arg2", "value": "add_argument"}, {"name": "arg3", "value": "--CreateProfile"}], "start": 1719932465189, "stop": 1719932465189}, {"name": "BuiltIn.Call Method", "status": "skipped", "statusDetails": {}, "parameters": [{"name": "arg1", "value": "${options}"}, {"name": "arg2", "value": "add_argument"}, {"name": "arg3", "value": "--start-maximized"}], "start": 1719932465189, "stop": 1719932465189}, {"name": "BuiltIn.Call Method", "status": "skipped", "statusDetails": {}, "parameters": [{"name": "arg1", "value": "${options}"}, {"name": "arg2", "value": "add_argument"}, {"name": "arg3", "value": "--disable-dev-shm-usage"}], "start": 1719932465189, "stop": 1719932465190}, {"name": "BuiltIn.Call Method", "status": "skipped", "statusDetails": {}, "parameters": [{"name": "arg1", "value": "${options}"}, {"name": "arg2", "value": "add_argument"}, {"name": "arg3", "value": "--no-sandbox"}], "start": 1719932465190, "stop": 1719932465190}, {"name": "BuiltIn.Call Method", "status": "skipped", "statusDetails": {}, "parameters": [{"name": "arg1", "value": "${options}"}, {"name": "arg2", "value": "add_argument"}, {"name": "arg3", "value": "--disable-gpu"}], "start": 1719932465190, "stop": 1719932465190}, {"name": "BuiltIn.Call Method", "status": "skipped", "statusDetails": {}, "parameters": [{"name": "arg1", "value": "${options}"}, {"name": "arg2", "value": "add_argument"}, {"name": "arg3", "value": "--headless"}], "start": 1719932465191, "stop": 1719932465191}, {"name": "BuiltIn.Call Method", "status": "skipped", "statusDetails": {}, "parameters": [{"name": "arg1", "value": "${options}"}, {"name": "arg2", "value": "add_argument"}, {"name": "arg3", "value": "--devtools.debugger.force-local"}], "start": 1719932465192, "stop": 1719932465192}, {"name": "BuiltIn.Call Method", "status": "skipped", "statusDetails": {}, "parameters": [{"name": "arg1", "value": "${options}"}, {"name": "arg2", "value": "add_argument"}, {"name": "arg3", "value": "--devtools.debugger.remote-enabled"}], "start": 1719932465193, "stop": 1719932465193}, {"name": "BuiltIn.Call Method", "status": "skipped", "statusDetails": {}, "parameters": [{"name": "arg1", "value": "${options}"}, {"name": "arg2", "value": "add_argument"}, {"name": "arg3", "value": "--devtools.chrome.enabled"}], "start": 1719932465193, "stop": 1719932465193}, {"name": "BuiltIn.Call Method", "status": "skipped", "statusDetails": {}, "parameters": [{"name": "arg1", "value": "${options}"}, {"name": "arg2", "value": "add_argument"}, {"name": "arg3", "value": "--devtools.debugger.prompt-connection"}], "start": 1719932465193, "stop": 1719932465193}, {"name": "BuiltIn.Call Method", "status": "skipped", "statusDetails": {}, "parameters": [{"name": "arg1", "value": "${options}"}, {"name": "arg2", "value": "add_argument"}, {"name": "arg3", "value": "--browser.dom.window.dump.enabled"}], "start": 1719932465194, "stop": 1719932465194}, {"status": "skipped", "statusDetails": {}, "parameters": [{"name": "arg1", "value": "${options}"}], "start": 1719932465194, "stop": 1719932465194}], "start": 1719932465188, "stop": 1719932465194}, {"name": "\"${Browser}\" == \"chrome\"", "status": "passed", "statusDetails": {}, "steps": [{"name": "BuiltIn.Evaluate", "status": "passed", "statusDetails": {}, "attachments": [{"name": "Keyword Log", "source": "da9f1042-a424-464a-9989-ec97c0b30e86-attachment.html", "type": "text/html"}], "parameters": [{"name": "arg1", "value": "selenium.webdriver.ChromeOptions()"}], "start": 1719932465195, "stop": 1719932465197}, {"name": "BuiltIn.Call Method", "status": "passed", "statusDetails": {}, "parameters": [{"name": "arg1", "value": "${options}"}, {"name": "arg2", "value": "add_argument"}, {"name": "arg3", "value": "--start-maximized"}], "start": 1719932465198, "stop": 1719932465198}, {"name": "BuiltIn.Call Method", "status": "passed", "statusDetails": {}, "parameters": [{"name": "arg1", "value": "${options}"}, {"name": "arg2", "value": "add_argument"}, {"name": "arg3", "value": "--disable-dev-shm-usage"}], "start": 1719932465199, "stop": 1719932465199}, {"name": "BuiltIn.Call Method", "status": "passed", "statusDetails": {}, "parameters": [{"name": "arg1", "value": "${options}"}, {"name": "arg2", "value": "add_argument"}, {"name": "arg3", "value": "--no-sandbox"}], "start": 1719932465199, "stop": 1719932465199}, {"name": "BuiltIn.Call Method", "status": "passed", "statusDetails": {}, "parameters": [{"name": "arg1", "value": "${options}"}, {"name": "arg2", "value": "add_argument"}, {"name": "arg3", "value": "--headless"}], "start": 1719932465199, "stop": 1719932465200}, {"name": "BuiltIn.Call Method", "status": "passed", "statusDetails": {}, "parameters": [{"name": "arg1", "value": "${options}"}, {"name": "arg2", "value": "add_argument"}, {"name": "arg3", "value": "--disable-gpu"}], "start": 1719932465201, "stop": 1719932465201}, {"name": "BuiltIn.Call Method", "status": "passed", "statusDetails": {}, "parameters": [{"name": "arg1", "value": "${options}"}, {"name": "arg2", "value": "add_argument"}, {"name": "arg3", "value": "--ignore-certificate-errors"}], "start": 1719932465201, "stop": 1719932465202}, {"name": "BuiltIn.Call Method", "status": "passed", "statusDetails": {}, "parameters": [{"name": "arg1", "value": "${options}"}, {"name": "arg2", "value": "add_argument"}, {"name": "arg3", "value": "--disable-extensions"}], "start": 1719932465202, "stop": 1719932465202}, {"name": "BuiltIn.Call Method", "status": "passed", "statusDetails": {}, "parameters": [{"name": "arg1", "value": "${options}"}, {"name": "arg2", "value": "add_argument"}, {"name": "arg3", "value": "--no-user-gesture-required"}], "start": 1719932465202, "stop": 1719932465202}, {"name": "BuiltIn.Call Method", "status": "passed", "statusDetails": {}, "parameters": [{"name": "arg1", "value": "${options}"}, {"name": "arg2", "value": "add_argument"}, {"name": "arg3", "value": "--no-first-run"}], "start": 1719932465203, "stop": 1719932465203}, {"name": "BuiltIn.Call Method", "status": "passed", "statusDetails": {}, "parameters": [{"name": "arg1", "value": "${options}"}, {"name": "arg2", "value": "add_argument"}, {"name": "arg3", "value": "--use-fake-ui-for-media-stream"}], "start": 1719932465203, "stop": 1719932465204}, {"name": "BuiltIn.Call Method", "status": "passed", "statusDetails": {}, "parameters": [{"name": "arg1", "value": "${options}"}, {"name": "arg2", "value": "add_argument"}, {"name": "arg3", "value": "--use-fake-device-for-media-stream"}], "start": 1719932465204, "stop": 1719932465204}, {"name": "BuiltIn.Call Method", "status": "passed", "statusDetails": {}, "parameters": [{"name": "arg1", "value": "${options}"}, {"name": "arg2", "value": "add_argument"}, {"name": "arg3", "value": "--disable-sync"}], "start": 1719932465204, "stop": 1719932465205}, {"status": "passed", "statusDetails": {}, "parameters": [{"name": "arg1", "value": "${options}"}], "start": 1719932465205, "stop": 1719932465205}], "start": 1719932465195, "stop": 1719932465205}], "attachments": [{"name": "Keyword Log", "source": "4bc30aec-6431-4136-84a8-4419094ef8be-attachment.html", "type": "text/html"}], "start": 1719932465188, "stop": 1719932465209}, {"name": "\"${Env}\" == \"prod\"", "status": "skipped", "statusDetails": {}, "steps": [{"name": "SeleniumLibrary.Open Browser", "status": "skipped", "statusDetails": {}, "parameters": [{"name": "arg1", "value": "https://www.barrons.com"}, {"name": "arg2", "value": "${Browser}"}, {"name": "arg3", "value": "options=${options}"}], "start": 1719932465210, "stop": 1719932465210}, {"name": "SeleniumLibrary.Go To", "status": "skipped", "statusDetails": {}, "parameters": [{"name": "arg1", "value": "https://www.barrons.com/articles/wendys-wen-stock-earnings-51652268634"}], "start": 1719932465210, "stop": 1719932465210}], "start": 1719932465210, "stop": 1719932465211}, {"name": "\"${Env}\" == \"dev\"", "status": "failed", "statusDetails": {"message": "SessionNotCreatedException: Message: session not created: This version of ChromeDriver only supports Chrome version 120\nCurrent browser version is 126.0.6478.127 with binary path C:\\Program Files\\Google\\Chrome\\Application\\chrome.exe\nStacktrace:\n\tGetHandleVerifier [0x00007FF60FB54D02+56194]\n\t(No symbol) [0x00007FF60FAC04B2]\n\t(No symbol) [0x00007FF60F9676AA]\n\t(No symbol) [0x00007FF60F9A1652]\n\t(No symbol) [0x00007FF60F9A094D]\n\t(No symbol) [0x00007FF60F99B84F]\n\t(No symbol) [0x00007FF60F997DC2]\n\t(No symbol) [0x00007FF60F9E0954]\n\t(No symbol) [0x00007FF60F9D5C23]\n\t(No symbol) [0x00007FF60F9A4A45]\n\t(No symbol) [0x00007FF60F9A5AD4]\n\tGetHandleVerifier [0x00007FF60FECD5BB+3695675]\n\tGetHandleVerifier [0x00007FF60FF26197+4059159]\n\tGetHandleVerifier [0x00007FF60FF1DF63+4025827]\n\tGetHandleVerifier [0x00007FF60FBEF029+687785]\n\t(No symbol) [0x00007FF60FACB508]\n\t(No symbol) [0x00007FF60FAC7564]\n\t(No symbol) [0x00007FF60FAC76E9]\n\t(No symbol) [0x00007FF60FAB8094]\n\tBaseThreadInitThunk [0x00007FFD67CF7344+20]\n\tRtlUserThreadStart [0x00007FFD68E1CC91+33]\n"}, "steps": [{"name": "SeleniumLibrary.Open Browser", "status": "failed", "statusDetails": {"message": "SessionNotCreatedException: Message: session not created: This version of ChromeDriver only supports Chrome version 120\nCurrent browser version is 126.0.6478.127 with binary path C:\\Program Files\\Google\\Chrome\\Application\\chrome.exe\nStacktrace:\n\tGetHandleVerifier [0x00007FF60FB54D02+56194]\n\t(No symbol) [0x00007FF60FAC04B2]\n\t(No symbol) [0x00007FF60F9676AA]\n\t(No symbol) [0x00007FF60F9A1652]\n\t(No symbol) [0x00007FF60F9A094D]\n\t(No symbol) [0x00007FF60F99B84F]\n\t(No symbol) [0x00007FF60F997DC2]\n\t(No symbol) [0x00007FF60F9E0954]\n\t(No symbol) [0x00007FF60F9D5C23]\n\t(No symbol) [0x00007FF60F9A4A45]\n\t(No symbol) [0x00007FF60F9A5AD4]\n\tGetHandleVerifier [0x00007FF60FECD5BB+3695675]\n\tGetHandleVerifier [0x00007FF60FF26197+4059159]\n\tGetHandleVerifier [0x00007FF60FF1DF63+4025827]\n\tGetHandleVerifier [0x00007FF60FBEF029+687785]\n\t(No symbol) [0x00007FF60FACB508]\n\t(No symbol) [0x00007FF60FAC7564]\n\t(No symbol) [0x00007FF60FAC76E9]\n\t(No symbol) [0x00007FF60FAB8094]\n\tBaseThreadInitThunk [0x00007FFD67CF7344+20]\n\tRtlUserThreadStart [0x00007FFD68E1CC91+33]\n"}, "attachments": [{"name": "Keyword Log", "source": "b3fcef38-6583-46b4-8ab1-3d0cd3d18b6c-attachment.html", "type": "text/html"}], "parameters": [{"name": "arg1", "value": "https://www.barrons.com"}, {"name": "arg2", "value": "${Browser}"}, {"name": "arg3", "value": "options=${options}"}], "start": 1719932465211, "stop": 1719932473773}, {"name": "SeleniumLibrary.Go To", "status": "skipped", "statusDetails": {"message": "SessionNotCreatedException: Message: session not created: This version of ChromeDriver only supports Chrome version 120\nCurrent browser version is 126.0.6478.127 with binary path C:\\Program Files\\Google\\Chrome\\Application\\chrome.exe\nStacktrace:\n\tGetHandleVerifier [0x00007FF60FB54D02+56194]\n\t(No symbol) [0x00007FF60FAC04B2]\n\t(No symbol) [0x00007FF60F9676AA]\n\t(No symbol) [0x00007FF60F9A1652]\n\t(No symbol) [0x00007FF60F9A094D]\n\t(No symbol) [0x00007FF60F99B84F]\n\t(No symbol) [0x00007FF60F997DC2]\n\t(No symbol) [0x00007FF60F9E0954]\n\t(No symbol) [0x00007FF60F9D5C23]\n\t(No symbol) [0x00007FF60F9A4A45]\n\t(No symbol) [0x00007FF60F9A5AD4]\n\tGetHandleVerifier [0x00007FF60FECD5BB+3695675]\n\tGetHandleVerifier [0x00007FF60FF26197+4059159]\n\tGetHandleVerifier [0x00007FF60FF1DF63+4025827]\n\tGetHandleVerifier [0x00007FF60FBEF029+687785]\n\t(No symbol) [0x00007FF60FACB508]\n\t(No symbol) [0x00007FF60FAC7564]\n\t(No symbol) [0x00007FF60FAC76E9]\n\t(No symbol) [0x00007FF60FAB8094]\n\tBaseThreadInitThunk [0x00007FFD67CF7344+20]\n\tRtlUserThreadStart [0x00007FFD68E1CC91+33]\n"}, "parameters": [{"name": "arg1", "value": "https://www.barrons.com/articles/buy-under-armour-stock-pick-51650672000"}], "start": 1719932473773, "stop": 1719932473773}], "start": 1719932465211, "stop": 1719932473774}, {"name": "SeleniumLibrary.Wait Until Page Contains Element", "status": "skipped", "statusDetails": {"message": "SessionNotCreatedException: Message: session not created: This version of ChromeDriver only supports Chrome version 120\nCurrent browser version is 126.0.6478.127 with binary path C:\\Program Files\\Google\\Chrome\\Application\\chrome.exe\nStacktrace:\n\tGetHandleVerifier [0x00007FF60FB54D02+56194]\n\t(No symbol) [0x00007FF60FAC04B2]\n\t(No symbol) [0x00007FF60F9676AA]\n\t(No symbol) [0x00007FF60F9A1652]\n\t(No symbol) [0x00007FF60F9A094D]\n\t(No symbol) [0x00007FF60F99B84F]\n\t(No symbol) [0x00007FF60F997DC2]\n\t(No symbol) [0x00007FF60F9E0954]\n\t(No symbol) [0x00007FF60F9D5C23]\n\t(No symbol) [0x00007FF60F9A4A45]\n\t(No symbol) [0x00007FF60F9A5AD4]\n\tGetHandleVerifier [0x00007FF60FECD5BB+3695675]\n\tGetHandleVerifier [0x00007FF60FF26197+4059159]\n\tGetHandleVerifier [0x00007FF60FF1DF63+4025827]\n\tGetHandleVerifier [0x00007FF60FBEF029+687785]\n\t(No symbol) [0x00007FF60FACB508]\n\t(No symbol) [0x00007FF60FAC7564]\n\t(No symbol) [0x00007FF60FAC76E9]\n\t(No symbol) [0x00007FF60FAB8094]\n\tBaseThreadInitThunk [0x00007FFD67CF7344+20]\n\tRtlUserThreadStart [0x00007FFD68E1CC91+33]\n"}, "parameters": [{"name": "arg1", "value": "dom:${JSFollowButtonBarronsPath}"}], "start": 1719932473774, "stop": 1719932473774}, {"name": "SeleniumLibrary.Maximize Browser Window", "status": "skipped", "statusDetails": {"message": "SessionNotCreatedException: Message: session not created: This version of ChromeDriver only supports Chrome version 120\nCurrent browser version is 126.0.6478.127 with binary path C:\\Program Files\\Google\\Chrome\\Application\\chrome.exe\nStacktrace:\n\tGetHandleVerifier [0x00007FF60FB54D02+56194]\n\t(No symbol) [0x00007FF60FAC04B2]\n\t(No symbol) [0x00007FF60F9676AA]\n\t(No symbol) [0x00007FF60F9A1652]\n\t(No symbol) [0x00007FF60F9A094D]\n\t(No symbol) [0x00007FF60F99B84F]\n\t(No symbol) [0x00007FF60F997DC2]\n\t(No symbol) [0x00007FF60F9E0954]\n\t(No symbol) [0x00007FF60F9D5C23]\n\t(No symbol) [0x00007FF60F9A4A45]\n\t(No symbol) [0x00007FF60F9A5AD4]\n\tGetHandleVerifier [0x00007FF60FECD5BB+3695675]\n\tGetHandleVerifier [0x00007FF60FF26197+4059159]\n\tGetHandleVerifier [0x00007FF60FF1DF63+4025827]\n\tGetHandleVerifier [0x00007FF60FBEF029+687785]\n\t(No symbol) [0x00007FF60FACB508]\n\t(No symbol) [0x00007FF60FAC7564]\n\t(No symbol) [0x00007FF60FAC76E9]\n\t(No symbol) [0x00007FF60FAB8094]\n\tBaseThreadInitThunk [0x00007FFD67CF7344+20]\n\tRtlUserThreadStart [0x00007FFD68E1CC91+33]\n"}, "start": 1719932473774, "stop": 1719932473774}], "stop": 1719932473775}], "afters": [{"name": "CommonFunctionality.Finish Testcase", "status": "passed", "statusDetails": {"message": "SessionNotCreatedException: Message: session not created: This version of ChromeDriver only supports Chrome version 120\nCurrent browser version is 126.0.6478.127 with binary path C:\\Program Files\\Google\\Chrome\\Application\\chrome.exe\nStacktrace:\n\tGetHandleVerifier [0x00007FF60FB54D02+56194]\n\t(No symbol) [0x00007FF60FAC04B2]\n\t(No symbol) [0x00007FF60F9676AA]\n\t(No symbol) [0x00007FF60F9A1652]\n\t(No symbol) [0x00007FF60F9A094D]\n\t(No symbol) [0x00007FF60F99B84F]\n\t(No symbol) [0x00007FF60F997DC2]\n\t(No symbol) [0x00007FF60F9E0954]\n\t(No symbol) [0x00007FF60F9D5C23]\n\t(No symbol) [0x00007FF60F9A4A45]\n\t(No symbol) [0x00007FF60F9A5AD4]\n\tGetHandleVerifier [0x00007FF60FECD5BB+3695675]\n\tGetHandleVerifier [0x00007FF60FF26197+4059159]\n\tGetHandleVerifier [0x00007FF60FF1DF63+4025827]\n\tGetHandleVerifier [0x00007FF60FBEF029+687785]\n\t(No symbol) [0x00007FF60FACB508]\n\t(No symbol) [0x00007FF60FAC7564]\n\t(No symbol) [0x00007FF60FAC76E9]\n\t(No symbol) [0x00007FF60FAB8094]\n\tBaseThreadInitThunk [0x00007FFD67CF7344+20]\n\tRtlUserThreadStart [0x00007FFD68E1CC91+33]\n"}, "steps": [{"name": "SeleniumLibrary.Close Browser", "status": "passed", "statusDetails": {"message": "SessionNotCreatedException: Message: session not created: This version of ChromeDriver only supports Chrome version 120\nCurrent browser version is 126.0.6478.127 with binary path C:\\Program Files\\Google\\Chrome\\Application\\chrome.exe\nStacktrace:\n\tGetHandleVerifier [0x00007FF60FB54D02+56194]\n\t(No symbol) [0x00007FF60FAC04B2]\n\t(No symbol) [0x00007FF60F9676AA]\n\t(No symbol) [0x00007FF60F9A1652]\n\t(No symbol) [0x00007FF60F9A094D]\n\t(No symbol) [0x00007FF60F99B84F]\n\t(No symbol) [0x00007FF60F997DC2]\n\t(No symbol) [0x00007FF60F9E0954]\n\t(No symbol) [0x00007FF60F9D5C23]\n\t(No symbol) [0x00007FF60F9A4A45]\n\t(No symbol) [0x00007FF60F9A5AD4]\n\tGetHandleVerifier [0x00007FF60FECD5BB+3695675]\n\tGetHandleVerifier [0x00007FF60FF26197+4059159]\n\tGetHandleVerifier [0x00007FF60FF1DF63+4025827]\n\tGetHandleVerifier [0x00007FF60FBEF029+687785]\n\t(No symbol) [0x00007FF60FACB508]\n\t(No symbol) [0x00007FF60FAC7564]\n\t(No symbol) [0x00007FF60FAC76E9]\n\t(No symbol) [0x00007FF60FAB8094]\n\tBaseThreadInitThunk [0x00007FFD67CF7344+20]\n\tRtlUserThreadStart [0x00007FFD68E1CC91+33]\n"}, "start": 1719932473777, "stop": 1719932473777}], "stop": 1719932473777}]}