{"uuid": "e8472cb0-ae1b-432b-8bbe-9db92ef48c21", "children": ["a18c4333-b32b-429f-b706-078065e678c8"], "befores": [{"name": "CommonFunctionality.Start Barrons Article", "status": "failed", "statusDetails": {"message": "SessionNotCreatedException: Message: session not created: This version of ChromeDriver only supports Chrome version 120\nCurrent browser version is 126.0.6478.127 with binary path C:\\Program Files\\Google\\Chrome\\Application\\chrome.exe\nStacktrace:\n\tGetHandleVerifier [0x00007FF60FB54D02+56194]\n\t(No symbol) [0x00007FF60FAC04B2]\n\t(No symbol) [0x00007FF60F9676AA]\n\t(No symbol) [0x00007FF60F9A1652]\n\t(No symbol) [0x00007FF60F9A094D]\n\t(No symbol) [0x00007FF60F99B84F]\n\t(No symbol) [0x00007FF60F997DC2]\n\t(No symbol) [0x00007FF60F9E0954]\n\t(No symbol) [0x00007FF60F9D5C23]\n\t(No symbol) [0x00007FF60F9A4A45]\n\t(No symbol) [0x00007FF60F9A5AD4]\n\tGetHandleVerifier [0x00007FF60FECD5BB+3695675]\n\tGetHandleVerifier [0x00007FF60FF26197+4059159]\n\tGetHandleVerifier [0x00007FF60FF1DF63+4025827]\n\tGetHandleVerifier [0x00007FF60FBEF029+687785]\n\t(No symbol) [0x00007FF60FACB508]\n\t(No symbol) [0x00007FF60FAC7564]\n\t(No symbol) [0x00007FF60FAC76E9]\n\t(No symbol) [0x00007FF60FAB8094]\n\tBaseThreadInitThunk [0x00007FFD67CF7344+20]\n\tRtlUserThreadStart [0x00007FFD68E1CC91+33]\n"}, "steps": [{"name": "SeleniumLibrary.Set Selenium Speed", "status": "passed", "statusDetails": {}, "parameters": [{"name": "arg1", "value": "0.5 seconds"}], "start": 1719932454920, "stop": 1719932454921}, {"name": "CommonFunctionality.Set Browser Options", "status": "passed", "statusDetails": {}, "steps": [{"name": "\"${Browser}\" == \"firefox\"", "status": "skipped", "statusDetails": {}, "steps": [{"name": "BuiltIn.Evaluate", "status": "skipped", "statusDetails": {}, "parameters": [{"name": "arg1", "value": "selenium.webdriver.FirefoxOptions()"}], "start": 1719932454921, "stop": 1719932454921}, {"name": "BuiltIn.Call Method", "status": "skipped", "statusDetails": {}, "parameters": [{"name": "arg1", "value": "${options}"}, {"name": "arg2", "value": "add_argument"}, {"name": "arg3", "value": "--CreateProfile"}], "start": 1719932454922, "stop": 1719932454923}, {"name": "BuiltIn.Call Method", "status": "skipped", "statusDetails": {}, "parameters": [{"name": "arg1", "value": "${options}"}, {"name": "arg2", "value": "add_argument"}, {"name": "arg3", "value": "--start-maximized"}], "start": 1719932454923, "stop": 1719932454923}, {"name": "BuiltIn.Call Method", "status": "skipped", "statusDetails": {}, "parameters": [{"name": "arg1", "value": "${options}"}, {"name": "arg2", "value": "add_argument"}, {"name": "arg3", "value": "--disable-dev-shm-usage"}], "start": 1719932454923, "stop": 1719932454924}, {"name": "BuiltIn.Call Method", "status": "skipped", "statusDetails": {}, "parameters": [{"name": "arg1", "value": "${options}"}, {"name": "arg2", "value": "add_argument"}, {"name": "arg3", "value": "--no-sandbox"}], "start": 1719932454924, "stop": 1719932454924}, {"name": "BuiltIn.Call Method", "status": "skipped", "statusDetails": {}, "parameters": [{"name": "arg1", "value": "${options}"}, {"name": "arg2", "value": "add_argument"}, {"name": "arg3", "value": "--disable-gpu"}], "start": 1719932454924, "stop": 1719932454925}, {"name": "BuiltIn.Call Method", "status": "skipped", "statusDetails": {}, "parameters": [{"name": "arg1", "value": "${options}"}, {"name": "arg2", "value": "add_argument"}, {"name": "arg3", "value": "--headless"}], "start": 1719932454926, "stop": 1719932454926}, {"name": "BuiltIn.Call Method", "status": "skipped", "statusDetails": {}, "parameters": [{"name": "arg1", "value": "${options}"}, {"name": "arg2", "value": "add_argument"}, {"name": "arg3", "value": "--devtools.debugger.force-local"}], "start": 1719932454926, "stop": 1719932454926}, {"name": "BuiltIn.Call Method", "status": "skipped", "statusDetails": {}, "parameters": [{"name": "arg1", "value": "${options}"}, {"name": "arg2", "value": "add_argument"}, {"name": "arg3", "value": "--devtools.debugger.remote-enabled"}], "start": 1719932454926, "stop": 1719932454927}, {"name": "BuiltIn.Call Method", "status": "skipped", "statusDetails": {}, "parameters": [{"name": "arg1", "value": "${options}"}, {"name": "arg2", "value": "add_argument"}, {"name": "arg3", "value": "--devtools.chrome.enabled"}], "start": 1719932454927, "stop": 1719932454927}, {"name": "BuiltIn.Call Method", "status": "skipped", "statusDetails": {}, "parameters": [{"name": "arg1", "value": "${options}"}, {"name": "arg2", "value": "add_argument"}, {"name": "arg3", "value": "--devtools.debugger.prompt-connection"}], "start": 1719932454927, "stop": 1719932454927}, {"name": "BuiltIn.Call Method", "status": "skipped", "statusDetails": {}, "parameters": [{"name": "arg1", "value": "${options}"}, {"name": "arg2", "value": "add_argument"}, {"name": "arg3", "value": "--browser.dom.window.dump.enabled"}], "start": 1719932454927, "stop": 1719932454928}, {"status": "skipped", "statusDetails": {}, "parameters": [{"name": "arg1", "value": "${options}"}], "start": 1719932454928, "stop": 1719932454928}], "start": 1719932454921, "stop": 1719932454928}, {"name": "\"${Browser}\" == \"chrome\"", "status": "passed", "statusDetails": {}, "steps": [{"name": "BuiltIn.Evaluate", "status": "passed", "statusDetails": {}, "attachments": [{"name": "Keyword Log", "source": "19ca5705-2d4f-40e5-adbc-6c5dd351f616-attachment.html", "type": "text/html"}], "parameters": [{"name": "arg1", "value": "selenium.webdriver.ChromeOptions()"}], "start": 1719932454928, "stop": 1719932454930}, {"name": "BuiltIn.Call Method", "status": "passed", "statusDetails": {}, "parameters": [{"name": "arg1", "value": "${options}"}, {"name": "arg2", "value": "add_argument"}, {"name": "arg3", "value": "--start-maximized"}], "start": 1719932454930, "stop": 1719932454931}, {"name": "BuiltIn.Call Method", "status": "passed", "statusDetails": {}, "parameters": [{"name": "arg1", "value": "${options}"}, {"name": "arg2", "value": "add_argument"}, {"name": "arg3", "value": "--disable-dev-shm-usage"}], "start": 1719932454931, "stop": 1719932454932}, {"name": "BuiltIn.Call Method", "status": "passed", "statusDetails": {}, "parameters": [{"name": "arg1", "value": "${options}"}, {"name": "arg2", "value": "add_argument"}, {"name": "arg3", "value": "--no-sandbox"}], "start": 1719932454932, "stop": 1719932454932}, {"name": "BuiltIn.Call Method", "status": "passed", "statusDetails": {}, "parameters": [{"name": "arg1", "value": "${options}"}, {"name": "arg2", "value": "add_argument"}, {"name": "arg3", "value": "--headless"}], "start": 1719932454932, "stop": 1719932454932}, {"name": "BuiltIn.Call Method", "status": "passed", "statusDetails": {}, "parameters": [{"name": "arg1", "value": "${options}"}, {"name": "arg2", "value": "add_argument"}, {"name": "arg3", "value": "--disable-gpu"}], "start": 1719932454932, "stop": 1719932454933}, {"name": "BuiltIn.Call Method", "status": "passed", "statusDetails": {}, "parameters": [{"name": "arg1", "value": "${options}"}, {"name": "arg2", "value": "add_argument"}, {"name": "arg3", "value": "--ignore-certificate-errors"}], "start": 1719932454933, "stop": 1719932454933}, {"name": "BuiltIn.Call Method", "status": "passed", "statusDetails": {}, "parameters": [{"name": "arg1", "value": "${options}"}, {"name": "arg2", "value": "add_argument"}, {"name": "arg3", "value": "--disable-extensions"}], "start": 1719932454933, "stop": 1719932454934}, {"name": "BuiltIn.Call Method", "status": "passed", "statusDetails": {}, "parameters": [{"name": "arg1", "value": "${options}"}, {"name": "arg2", "value": "add_argument"}, {"name": "arg3", "value": "--no-user-gesture-required"}], "start": 1719932454934, "stop": 1719932454934}, {"name": "BuiltIn.Call Method", "status": "passed", "statusDetails": {}, "parameters": [{"name": "arg1", "value": "${options}"}, {"name": "arg2", "value": "add_argument"}, {"name": "arg3", "value": "--no-first-run"}], "start": 1719932454934, "stop": 1719932454936}, {"name": "BuiltIn.Call Method", "status": "passed", "statusDetails": {}, "parameters": [{"name": "arg1", "value": "${options}"}, {"name": "arg2", "value": "add_argument"}, {"name": "arg3", "value": "--use-fake-ui-for-media-stream"}], "start": 1719932454936, "stop": 1719932454936}, {"name": "BuiltIn.Call Method", "status": "passed", "statusDetails": {}, "parameters": [{"name": "arg1", "value": "${options}"}, {"name": "arg2", "value": "add_argument"}, {"name": "arg3", "value": "--use-fake-device-for-media-stream"}], "start": 1719932454937, "stop": 1719932454937}, {"name": "BuiltIn.Call Method", "status": "passed", "statusDetails": {}, "parameters": [{"name": "arg1", "value": "${options}"}, {"name": "arg2", "value": "add_argument"}, {"name": "arg3", "value": "--disable-sync"}], "start": 1719932454937, "stop": 1719932454937}, {"status": "passed", "statusDetails": {}, "parameters": [{"name": "arg1", "value": "${options}"}], "start": 1719932454937, "stop": 1719932454938}], "start": 1719932454928, "stop": 1719932454938}], "attachments": [{"name": "Keyword Log", "source": "f779d660-c145-48fc-a450-7bf74b2b68ad-attachment.html", "type": "text/html"}], "start": 1719932454921, "stop": 1719932454941}, {"name": "\"${Env}\" == \"prod\"", "status": "skipped", "statusDetails": {}, "steps": [{"name": "SeleniumLibrary.Open Browser", "status": "skipped", "statusDetails": {}, "parameters": [{"name": "arg1", "value": "https://www.barrons.com"}, {"name": "arg2", "value": "${Browser}"}, {"name": "arg3", "value": "options=${options}"}], "start": 1719932454942, "stop": 1719932454942}, {"name": "SeleniumLibrary.Go To", "status": "skipped", "statusDetails": {}, "parameters": [{"name": "arg1", "value": "https://www.barrons.com/articles/wendys-wen-stock-earnings-51652268634"}], "start": 1719932454942, "stop": 1719932454942}], "start": 1719932454942, "stop": 1719932454943}, {"name": "\"${Env}\" == \"dev\"", "status": "failed", "statusDetails": {"message": "SessionNotCreatedException: Message: session not created: This version of ChromeDriver only supports Chrome version 120\nCurrent browser version is 126.0.6478.127 with binary path C:\\Program Files\\Google\\Chrome\\Application\\chrome.exe\nStacktrace:\n\tGetHandleVerifier [0x00007FF60FB54D02+56194]\n\t(No symbol) [0x00007FF60FAC04B2]\n\t(No symbol) [0x00007FF60F9676AA]\n\t(No symbol) [0x00007FF60F9A1652]\n\t(No symbol) [0x00007FF60F9A094D]\n\t(No symbol) [0x00007FF60F99B84F]\n\t(No symbol) [0x00007FF60F997DC2]\n\t(No symbol) [0x00007FF60F9E0954]\n\t(No symbol) [0x00007FF60F9D5C23]\n\t(No symbol) [0x00007FF60F9A4A45]\n\t(No symbol) [0x00007FF60F9A5AD4]\n\tGetHandleVerifier [0x00007FF60FECD5BB+3695675]\n\tGetHandleVerifier [0x00007FF60FF26197+4059159]\n\tGetHandleVerifier [0x00007FF60FF1DF63+4025827]\n\tGetHandleVerifier [0x00007FF60FBEF029+687785]\n\t(No symbol) [0x00007FF60FACB508]\n\t(No symbol) [0x00007FF60FAC7564]\n\t(No symbol) [0x00007FF60FAC76E9]\n\t(No symbol) [0x00007FF60FAB8094]\n\tBaseThreadInitThunk [0x00007FFD67CF7344+20]\n\tRtlUserThreadStart [0x00007FFD68E1CC91+33]\n"}, "steps": [{"name": "SeleniumLibrary.Open Browser", "status": "failed", "statusDetails": {"message": "SessionNotCreatedException: Message: session not created: This version of ChromeDriver only supports Chrome version 120\nCurrent browser version is 126.0.6478.127 with binary path C:\\Program Files\\Google\\Chrome\\Application\\chrome.exe\nStacktrace:\n\tGetHandleVerifier [0x00007FF60FB54D02+56194]\n\t(No symbol) [0x00007FF60FAC04B2]\n\t(No symbol) [0x00007FF60F9676AA]\n\t(No symbol) [0x00007FF60F9A1652]\n\t(No symbol) [0x00007FF60F9A094D]\n\t(No symbol) [0x00007FF60F99B84F]\n\t(No symbol) [0x00007FF60F997DC2]\n\t(No symbol) [0x00007FF60F9E0954]\n\t(No symbol) [0x00007FF60F9D5C23]\n\t(No symbol) [0x00007FF60F9A4A45]\n\t(No symbol) [0x00007FF60F9A5AD4]\n\tGetHandleVerifier [0x00007FF60FECD5BB+3695675]\n\tGetHandleVerifier [0x00007FF60FF26197+4059159]\n\tGetHandleVerifier [0x00007FF60FF1DF63+4025827]\n\tGetHandleVerifier [0x00007FF60FBEF029+687785]\n\t(No symbol) [0x00007FF60FACB508]\n\t(No symbol) [0x00007FF60FAC7564]\n\t(No symbol) [0x00007FF60FAC76E9]\n\t(No symbol) [0x00007FF60FAB8094]\n\tBaseThreadInitThunk [0x00007FFD67CF7344+20]\n\tRtlUserThreadStart [0x00007FFD68E1CC91+33]\n"}, "attachments": [{"name": "Keyword Log", "source": "2a39c756-c441-4862-a6f9-a02d29df95f5-attachment.html", "type": "text/html"}], "parameters": [{"name": "arg1", "value": "https://www.barrons.com"}, {"name": "arg2", "value": "${Browser}"}, {"name": "arg3", "value": "options=${options}"}], "start": 1719932454943, "stop": 1719932459946}, {"name": "SeleniumLibrary.Go To", "status": "skipped", "statusDetails": {"message": "SessionNotCreatedException: Message: session not created: This version of ChromeDriver only supports Chrome version 120\nCurrent browser version is 126.0.6478.127 with binary path C:\\Program Files\\Google\\Chrome\\Application\\chrome.exe\nStacktrace:\n\tGetHandleVerifier [0x00007FF60FB54D02+56194]\n\t(No symbol) [0x00007FF60FAC04B2]\n\t(No symbol) [0x00007FF60F9676AA]\n\t(No symbol) [0x00007FF60F9A1652]\n\t(No symbol) [0x00007FF60F9A094D]\n\t(No symbol) [0x00007FF60F99B84F]\n\t(No symbol) [0x00007FF60F997DC2]\n\t(No symbol) [0x00007FF60F9E0954]\n\t(No symbol) [0x00007FF60F9D5C23]\n\t(No symbol) [0x00007FF60F9A4A45]\n\t(No symbol) [0x00007FF60F9A5AD4]\n\tGetHandleVerifier [0x00007FF60FECD5BB+3695675]\n\tGetHandleVerifier [0x00007FF60FF26197+4059159]\n\tGetHandleVerifier [0x00007FF60FF1DF63+4025827]\n\tGetHandleVerifier [0x00007FF60FBEF029+687785]\n\t(No symbol) [0x00007FF60FACB508]\n\t(No symbol) [0x00007FF60FAC7564]\n\t(No symbol) [0x00007FF60FAC76E9]\n\t(No symbol) [0x00007FF60FAB8094]\n\tBaseThreadInitThunk [0x00007FFD67CF7344+20]\n\tRtlUserThreadStart [0x00007FFD68E1CC91+33]\n"}, "parameters": [{"name": "arg1", "value": "https://www.barrons.com/articles/buy-under-armour-stock-pick-51650672000"}], "start": 1719932459946, "stop": 1719932459946}], "start": 1719932454943, "stop": 1719932459946}, {"name": "SeleniumLibrary.Wait Until Page Contains Element", "status": "skipped", "statusDetails": {"message": "SessionNotCreatedException: Message: session not created: This version of ChromeDriver only supports Chrome version 120\nCurrent browser version is 126.0.6478.127 with binary path C:\\Program Files\\Google\\Chrome\\Application\\chrome.exe\nStacktrace:\n\tGetHandleVerifier [0x00007FF60FB54D02+56194]\n\t(No symbol) [0x00007FF60FAC04B2]\n\t(No symbol) [0x00007FF60F9676AA]\n\t(No symbol) [0x00007FF60F9A1652]\n\t(No symbol) [0x00007FF60F9A094D]\n\t(No symbol) [0x00007FF60F99B84F]\n\t(No symbol) [0x00007FF60F997DC2]\n\t(No symbol) [0x00007FF60F9E0954]\n\t(No symbol) [0x00007FF60F9D5C23]\n\t(No symbol) [0x00007FF60F9A4A45]\n\t(No symbol) [0x00007FF60F9A5AD4]\n\tGetHandleVerifier [0x00007FF60FECD5BB+3695675]\n\tGetHandleVerifier [0x00007FF60FF26197+4059159]\n\tGetHandleVerifier [0x00007FF60FF1DF63+4025827]\n\tGetHandleVerifier [0x00007FF60FBEF029+687785]\n\t(No symbol) [0x00007FF60FACB508]\n\t(No symbol) [0x00007FF60FAC7564]\n\t(No symbol) [0x00007FF60FAC76E9]\n\t(No symbol) [0x00007FF60FAB8094]\n\tBaseThreadInitThunk [0x00007FFD67CF7344+20]\n\tRtlUserThreadStart [0x00007FFD68E1CC91+33]\n"}, "parameters": [{"name": "arg1", "value": "dom:${JSFollowButtonBarronsPath}"}], "start": 1719932459947, "stop": 1719932459947}, {"name": "SeleniumLibrary.Maximize Browser Window", "status": "skipped", "statusDetails": {"message": "SessionNotCreatedException: Message: session not created: This version of ChromeDriver only supports Chrome version 120\nCurrent browser version is 126.0.6478.127 with binary path C:\\Program Files\\Google\\Chrome\\Application\\chrome.exe\nStacktrace:\n\tGetHandleVerifier [0x00007FF60FB54D02+56194]\n\t(No symbol) [0x00007FF60FAC04B2]\n\t(No symbol) [0x00007FF60F9676AA]\n\t(No symbol) [0x00007FF60F9A1652]\n\t(No symbol) [0x00007FF60F9A094D]\n\t(No symbol) [0x00007FF60F99B84F]\n\t(No symbol) [0x00007FF60F997DC2]\n\t(No symbol) [0x00007FF60F9E0954]\n\t(No symbol) [0x00007FF60F9D5C23]\n\t(No symbol) [0x00007FF60F9A4A45]\n\t(No symbol) [0x00007FF60F9A5AD4]\n\tGetHandleVerifier [0x00007FF60FECD5BB+3695675]\n\tGetHandleVerifier [0x00007FF60FF26197+4059159]\n\tGetHandleVerifier [0x00007FF60FF1DF63+4025827]\n\tGetHandleVerifier [0x00007FF60FBEF029+687785]\n\t(No symbol) [0x00007FF60FACB508]\n\t(No symbol) [0x00007FF60FAC7564]\n\t(No symbol) [0x00007FF60FAC76E9]\n\t(No symbol) [0x00007FF60FAB8094]\n\tBaseThreadInitThunk [0x00007FFD67CF7344+20]\n\tRtlUserThreadStart [0x00007FFD68E1CC91+33]\n"}, "start": 1719932459947, "stop": 1719932459947}], "stop": 1719932459947}], "afters": [{"name": "CommonFunctionality.Finish Testcase", "status": "passed", "statusDetails": {"message": "SessionNotCreatedException: Message: session not created: This version of ChromeDriver only supports Chrome version 120\nCurrent browser version is 126.0.6478.127 with binary path C:\\Program Files\\Google\\Chrome\\Application\\chrome.exe\nStacktrace:\n\tGetHandleVerifier [0x00007FF60FB54D02+56194]\n\t(No symbol) [0x00007FF60FAC04B2]\n\t(No symbol) [0x00007FF60F9676AA]\n\t(No symbol) [0x00007FF60F9A1652]\n\t(No symbol) [0x00007FF60F9A094D]\n\t(No symbol) [0x00007FF60F99B84F]\n\t(No symbol) [0x00007FF60F997DC2]\n\t(No symbol) [0x00007FF60F9E0954]\n\t(No symbol) [0x00007FF60F9D5C23]\n\t(No symbol) [0x00007FF60F9A4A45]\n\t(No symbol) [0x00007FF60F9A5AD4]\n\tGetHandleVerifier [0x00007FF60FECD5BB+3695675]\n\tGetHandleVerifier [0x00007FF60FF26197+4059159]\n\tGetHandleVerifier [0x00007FF60FF1DF63+4025827]\n\tGetHandleVerifier [0x00007FF60FBEF029+687785]\n\t(No symbol) [0x00007FF60FACB508]\n\t(No symbol) [0x00007FF60FAC7564]\n\t(No symbol) [0x00007FF60FAC76E9]\n\t(No symbol) [0x00007FF60FAB8094]\n\tBaseThreadInitThunk [0x00007FFD67CF7344+20]\n\tRtlUserThreadStart [0x00007FFD68E1CC91+33]\n"}, "steps": [{"name": "SeleniumLibrary.Close Browser", "status": "passed", "statusDetails": {"message": "SessionNotCreatedException: Message: session not created: This version of ChromeDriver only supports Chrome version 120\nCurrent browser version is 126.0.6478.127 with binary path C:\\Program Files\\Google\\Chrome\\Application\\chrome.exe\nStacktrace:\n\tGetHandleVerifier [0x00007FF60FB54D02+56194]\n\t(No symbol) [0x00007FF60FAC04B2]\n\t(No symbol) [0x00007FF60F9676AA]\n\t(No symbol) [0x00007FF60F9A1652]\n\t(No symbol) [0x00007FF60F9A094D]\n\t(No symbol) [0x00007FF60F99B84F]\n\t(No symbol) [0x00007FF60F997DC2]\n\t(No symbol) [0x00007FF60F9E0954]\n\t(No symbol) [0x00007FF60F9D5C23]\n\t(No symbol) [0x00007FF60F9A4A45]\n\t(No symbol) [0x00007FF60F9A5AD4]\n\tGetHandleVerifier [0x00007FF60FECD5BB+3695675]\n\tGetHandleVerifier [0x00007FF60FF26197+4059159]\n\tGetHandleVerifier [0x00007FF60FF1DF63+4025827]\n\tGetHandleVerifier [0x00007FF60FBEF029+687785]\n\t(No symbol) [0x00007FF60FACB508]\n\t(No symbol) [0x00007FF60FAC7564]\n\t(No symbol) [0x00007FF60FAC76E9]\n\t(No symbol) [0x00007FF60FAB8094]\n\tBaseThreadInitThunk [0x00007FFD67CF7344+20]\n\tRtlUserThreadStart [0x00007FFD68E1CC91+33]\n"}, "start": 1719932459949, "stop": 1719932459949}], "stop": 1719932459950}]}