{"uuid": "ecf968a1-334d-4d10-9462-3c53a75c9e96", "children": ["636f9d6d-2ac0-4575-9d38-4eb5d03979f7"], "befores": [{"name": "CommonFunctionality.Start Barrons Article", "status": "failed", "statusDetails": {"message": "SessionNotCreatedException: Message: session not created: This version of ChromeDriver only supports Chrome version 120\nCurrent browser version is 126.0.6478.127 with binary path C:\\Program Files\\Google\\Chrome\\Application\\chrome.exe\nStacktrace:\n\tGetHandleVerifier [0x00007FF60FB54D02+56194]\n\t(No symbol) [0x00007FF60FAC04B2]\n\t(No symbol) [0x00007FF60F9676AA]\n\t(No symbol) [0x00007FF60F9A1652]\n\t(No symbol) [0x00007FF60F9A094D]\n\t(No symbol) [0x00007FF60F99B84F]\n\t(No symbol) [0x00007FF60F997DC2]\n\t(No symbol) [0x00007FF60F9E0954]\n\t(No symbol) [0x00007FF60F9D5C23]\n\t(No symbol) [0x00007FF60F9A4A45]\n\t(No symbol) [0x00007FF60F9A5AD4]\n\tGetHandleVerifier [0x00007FF60FECD5BB+3695675]\n\tGetHandleVerifier [0x00007FF60FF26197+4059159]\n\tGetHandleVerifier [0x00007FF60FF1DF63+4025827]\n\tGetHandleVerifier [0x00007FF60FBEF029+687785]\n\t(No symbol) [0x00007FF60FACB508]\n\t(No symbol) [0x00007FF60FAC7564]\n\t(No symbol) [0x00007FF60FAC76E9]\n\t(No symbol) [0x00007FF60FAB8094]\n\tBaseThreadInitThunk [0x00007FFD67CF7344+20]\n\tRtlUserThreadStart [0x00007FFD68E1CC91+33]\n"}, "steps": [{"name": "SeleniumLibrary.Set Selenium Speed", "status": "passed", "statusDetails": {}, "parameters": [{"name": "arg1", "value": "0.5 seconds"}], "start": 1719932459967, "stop": 1719932459968}, {"name": "CommonFunctionality.Set Browser Options", "status": "passed", "statusDetails": {}, "steps": [{"name": "\"${Browser}\" == \"firefox\"", "status": "skipped", "statusDetails": {}, "steps": [{"name": "BuiltIn.Evaluate", "status": "skipped", "statusDetails": {}, "parameters": [{"name": "arg1", "value": "selenium.webdriver.FirefoxOptions()"}], "start": 1719932459968, "stop": 1719932459969}, {"name": "BuiltIn.Call Method", "status": "skipped", "statusDetails": {}, "parameters": [{"name": "arg1", "value": "${options}"}, {"name": "arg2", "value": "add_argument"}, {"name": "arg3", "value": "--CreateProfile"}], "start": 1719932459969, "stop": 1719932459969}, {"name": "BuiltIn.Call Method", "status": "skipped", "statusDetails": {}, "parameters": [{"name": "arg1", "value": "${options}"}, {"name": "arg2", "value": "add_argument"}, {"name": "arg3", "value": "--start-maximized"}], "start": 1719932459969, "stop": 1719932459969}, {"name": "BuiltIn.Call Method", "status": "skipped", "statusDetails": {}, "parameters": [{"name": "arg1", "value": "${options}"}, {"name": "arg2", "value": "add_argument"}, {"name": "arg3", "value": "--disable-dev-shm-usage"}], "start": 1719932459970, "stop": 1719932459970}, {"name": "BuiltIn.Call Method", "status": "skipped", "statusDetails": {}, "parameters": [{"name": "arg1", "value": "${options}"}, {"name": "arg2", "value": "add_argument"}, {"name": "arg3", "value": "--no-sandbox"}], "start": 1719932459970, "stop": 1719932459970}, {"name": "BuiltIn.Call Method", "status": "skipped", "statusDetails": {}, "parameters": [{"name": "arg1", "value": "${options}"}, {"name": "arg2", "value": "add_argument"}, {"name": "arg3", "value": "--disable-gpu"}], "start": 1719932459970, "stop": 1719932459971}, {"name": "BuiltIn.Call Method", "status": "skipped", "statusDetails": {}, "parameters": [{"name": "arg1", "value": "${options}"}, {"name": "arg2", "value": "add_argument"}, {"name": "arg3", "value": "--headless"}], "start": 1719932459971, "stop": 1719932459971}, {"name": "BuiltIn.Call Method", "status": "skipped", "statusDetails": {}, "parameters": [{"name": "arg1", "value": "${options}"}, {"name": "arg2", "value": "add_argument"}, {"name": "arg3", "value": "--devtools.debugger.force-local"}], "start": 1719932459972, "stop": 1719932459972}, {"name": "BuiltIn.Call Method", "status": "skipped", "statusDetails": {}, "parameters": [{"name": "arg1", "value": "${options}"}, {"name": "arg2", "value": "add_argument"}, {"name": "arg3", "value": "--devtools.debugger.remote-enabled"}], "start": 1719932459972, "stop": 1719932459972}, {"name": "BuiltIn.Call Method", "status": "skipped", "statusDetails": {}, "parameters": [{"name": "arg1", "value": "${options}"}, {"name": "arg2", "value": "add_argument"}, {"name": "arg3", "value": "--devtools.chrome.enabled"}], "start": 1719932459972, "stop": 1719932459973}, {"name": "BuiltIn.Call Method", "status": "skipped", "statusDetails": {}, "parameters": [{"name": "arg1", "value": "${options}"}, {"name": "arg2", "value": "add_argument"}, {"name": "arg3", "value": "--devtools.debugger.prompt-connection"}], "start": 1719932459973, "stop": 1719932459974}, {"name": "BuiltIn.Call Method", "status": "skipped", "statusDetails": {}, "parameters": [{"name": "arg1", "value": "${options}"}, {"name": "arg2", "value": "add_argument"}, {"name": "arg3", "value": "--browser.dom.window.dump.enabled"}], "start": 1719932459974, "stop": 1719932459974}, {"status": "skipped", "statusDetails": {}, "parameters": [{"name": "arg1", "value": "${options}"}], "start": 1719932459974, "stop": 1719932459974}], "start": 1719932459968, "stop": 1719932459975}, {"name": "\"${Browser}\" == \"chrome\"", "status": "passed", "statusDetails": {}, "steps": [{"name": "BuiltIn.Evaluate", "status": "passed", "statusDetails": {}, "attachments": [{"name": "Keyword Log", "source": "4fa92001-2651-40fe-a700-cb5104997783-attachment.html", "type": "text/html"}], "parameters": [{"name": "arg1", "value": "selenium.webdriver.ChromeOptions()"}], "start": 1719932459975, "stop": 1719932459977}, {"name": "BuiltIn.Call Method", "status": "passed", "statusDetails": {}, "parameters": [{"name": "arg1", "value": "${options}"}, {"name": "arg2", "value": "add_argument"}, {"name": "arg3", "value": "--start-maximized"}], "start": 1719932459977, "stop": 1719932459977}, {"name": "BuiltIn.Call Method", "status": "passed", "statusDetails": {}, "parameters": [{"name": "arg1", "value": "${options}"}, {"name": "arg2", "value": "add_argument"}, {"name": "arg3", "value": "--disable-dev-shm-usage"}], "start": 1719932459978, "stop": 1719932459978}, {"name": "BuiltIn.Call Method", "status": "passed", "statusDetails": {}, "parameters": [{"name": "arg1", "value": "${options}"}, {"name": "arg2", "value": "add_argument"}, {"name": "arg3", "value": "--no-sandbox"}], "start": 1719932459978, "stop": 1719932459978}, {"name": "BuiltIn.Call Method", "status": "passed", "statusDetails": {}, "parameters": [{"name": "arg1", "value": "${options}"}, {"name": "arg2", "value": "add_argument"}, {"name": "arg3", "value": "--headless"}], "start": 1719932459978, "stop": 1719932459979}, {"name": "BuiltIn.Call Method", "status": "passed", "statusDetails": {}, "parameters": [{"name": "arg1", "value": "${options}"}, {"name": "arg2", "value": "add_argument"}, {"name": "arg3", "value": "--disable-gpu"}], "start": 1719932459979, "stop": 1719932459979}, {"name": "BuiltIn.Call Method", "status": "passed", "statusDetails": {}, "parameters": [{"name": "arg1", "value": "${options}"}, {"name": "arg2", "value": "add_argument"}, {"name": "arg3", "value": "--ignore-certificate-errors"}], "start": 1719932459979, "stop": 1719932459980}, {"name": "BuiltIn.Call Method", "status": "passed", "statusDetails": {}, "parameters": [{"name": "arg1", "value": "${options}"}, {"name": "arg2", "value": "add_argument"}, {"name": "arg3", "value": "--disable-extensions"}], "start": 1719932459980, "stop": 1719932459981}, {"name": "BuiltIn.Call Method", "status": "passed", "statusDetails": {}, "parameters": [{"name": "arg1", "value": "${options}"}, {"name": "arg2", "value": "add_argument"}, {"name": "arg3", "value": "--no-user-gesture-required"}], "start": 1719932459981, "stop": 1719932459982}, {"name": "BuiltIn.Call Method", "status": "passed", "statusDetails": {}, "parameters": [{"name": "arg1", "value": "${options}"}, {"name": "arg2", "value": "add_argument"}, {"name": "arg3", "value": "--no-first-run"}], "start": 1719932459982, "stop": 1719932459983}, {"name": "BuiltIn.Call Method", "status": "passed", "statusDetails": {}, "parameters": [{"name": "arg1", "value": "${options}"}, {"name": "arg2", "value": "add_argument"}, {"name": "arg3", "value": "--use-fake-ui-for-media-stream"}], "start": 1719932459983, "stop": 1719932459983}, {"name": "BuiltIn.Call Method", "status": "passed", "statusDetails": {}, "parameters": [{"name": "arg1", "value": "${options}"}, {"name": "arg2", "value": "add_argument"}, {"name": "arg3", "value": "--use-fake-device-for-media-stream"}], "start": 1719932459984, "stop": 1719932459984}, {"name": "BuiltIn.Call Method", "status": "passed", "statusDetails": {}, "parameters": [{"name": "arg1", "value": "${options}"}, {"name": "arg2", "value": "add_argument"}, {"name": "arg3", "value": "--disable-sync"}], "start": 1719932459984, "stop": 1719932459984}, {"status": "passed", "statusDetails": {}, "parameters": [{"name": "arg1", "value": "${options}"}], "start": 1719932459985, "stop": 1719932459985}], "start": 1719932459975, "stop": 1719932459985}], "attachments": [{"name": "Keyword Log", "source": "7d15b28e-e712-4cc9-afca-d5f015fb2e57-attachment.html", "type": "text/html"}], "start": 1719932459968, "stop": 1719932459987}, {"name": "\"${Env}\" == \"prod\"", "status": "skipped", "statusDetails": {}, "steps": [{"name": "SeleniumLibrary.Open Browser", "status": "skipped", "statusDetails": {}, "parameters": [{"name": "arg1", "value": "https://www.barrons.com"}, {"name": "arg2", "value": "${Browser}"}, {"name": "arg3", "value": "options=${options}"}], "start": 1719932459987, "stop": 1719932459988}, {"name": "SeleniumLibrary.Go To", "status": "skipped", "statusDetails": {}, "parameters": [{"name": "arg1", "value": "https://www.barrons.com/articles/wendys-wen-stock-earnings-51652268634"}], "start": 1719932459988, "stop": 1719932459989}], "start": 1719932459987, "stop": 1719932459989}, {"name": "\"${Env}\" == \"dev\"", "status": "failed", "statusDetails": {"message": "SessionNotCreatedException: Message: session not created: This version of ChromeDriver only supports Chrome version 120\nCurrent browser version is 126.0.6478.127 with binary path C:\\Program Files\\Google\\Chrome\\Application\\chrome.exe\nStacktrace:\n\tGetHandleVerifier [0x00007FF60FB54D02+56194]\n\t(No symbol) [0x00007FF60FAC04B2]\n\t(No symbol) [0x00007FF60F9676AA]\n\t(No symbol) [0x00007FF60F9A1652]\n\t(No symbol) [0x00007FF60F9A094D]\n\t(No symbol) [0x00007FF60F99B84F]\n\t(No symbol) [0x00007FF60F997DC2]\n\t(No symbol) [0x00007FF60F9E0954]\n\t(No symbol) [0x00007FF60F9D5C23]\n\t(No symbol) [0x00007FF60F9A4A45]\n\t(No symbol) [0x00007FF60F9A5AD4]\n\tGetHandleVerifier [0x00007FF60FECD5BB+3695675]\n\tGetHandleVerifier [0x00007FF60FF26197+4059159]\n\tGetHandleVerifier [0x00007FF60FF1DF63+4025827]\n\tGetHandleVerifier [0x00007FF60FBEF029+687785]\n\t(No symbol) [0x00007FF60FACB508]\n\t(No symbol) [0x00007FF60FAC7564]\n\t(No symbol) [0x00007FF60FAC76E9]\n\t(No symbol) [0x00007FF60FAB8094]\n\tBaseThreadInitThunk [0x00007FFD67CF7344+20]\n\tRtlUserThreadStart [0x00007FFD68E1CC91+33]\n"}, "steps": [{"name": "SeleniumLibrary.Open Browser", "status": "failed", "statusDetails": {"message": "SessionNotCreatedException: Message: session not created: This version of ChromeDriver only supports Chrome version 120\nCurrent browser version is 126.0.6478.127 with binary path C:\\Program Files\\Google\\Chrome\\Application\\chrome.exe\nStacktrace:\n\tGetHandleVerifier [0x00007FF60FB54D02+56194]\n\t(No symbol) [0x00007FF60FAC04B2]\n\t(No symbol) [0x00007FF60F9676AA]\n\t(No symbol) [0x00007FF60F9A1652]\n\t(No symbol) [0x00007FF60F9A094D]\n\t(No symbol) [0x00007FF60F99B84F]\n\t(No symbol) [0x00007FF60F997DC2]\n\t(No symbol) [0x00007FF60F9E0954]\n\t(No symbol) [0x00007FF60F9D5C23]\n\t(No symbol) [0x00007FF60F9A4A45]\n\t(No symbol) [0x00007FF60F9A5AD4]\n\tGetHandleVerifier [0x00007FF60FECD5BB+3695675]\n\tGetHandleVerifier [0x00007FF60FF26197+4059159]\n\tGetHandleVerifier [0x00007FF60FF1DF63+4025827]\n\tGetHandleVerifier [0x00007FF60FBEF029+687785]\n\t(No symbol) [0x00007FF60FACB508]\n\t(No symbol) [0x00007FF60FAC7564]\n\t(No symbol) [0x00007FF60FAC76E9]\n\t(No symbol) [0x00007FF60FAB8094]\n\tBaseThreadInitThunk [0x00007FFD67CF7344+20]\n\tRtlUserThreadStart [0x00007FFD68E1CC91+33]\n"}, "attachments": [{"name": "Keyword Log", "source": "7e21b746-97f4-4ecb-a6fd-6df627609773-attachment.html", "type": "text/html"}], "parameters": [{"name": "arg1", "value": "https://www.barrons.com"}, {"name": "arg2", "value": "${Browser}"}, {"name": "arg3", "value": "options=${options}"}], "start": 1719932459991, "stop": 1719932465152}, {"name": "SeleniumLibrary.Go To", "status": "skipped", "statusDetails": {"message": "SessionNotCreatedException: Message: session not created: This version of ChromeDriver only supports Chrome version 120\nCurrent browser version is 126.0.6478.127 with binary path C:\\Program Files\\Google\\Chrome\\Application\\chrome.exe\nStacktrace:\n\tGetHandleVerifier [0x00007FF60FB54D02+56194]\n\t(No symbol) [0x00007FF60FAC04B2]\n\t(No symbol) [0x00007FF60F9676AA]\n\t(No symbol) [0x00007FF60F9A1652]\n\t(No symbol) [0x00007FF60F9A094D]\n\t(No symbol) [0x00007FF60F99B84F]\n\t(No symbol) [0x00007FF60F997DC2]\n\t(No symbol) [0x00007FF60F9E0954]\n\t(No symbol) [0x00007FF60F9D5C23]\n\t(No symbol) [0x00007FF60F9A4A45]\n\t(No symbol) [0x00007FF60F9A5AD4]\n\tGetHandleVerifier [0x00007FF60FECD5BB+3695675]\n\tGetHandleVerifier [0x00007FF60FF26197+4059159]\n\tGetHandleVerifier [0x00007FF60FF1DF63+4025827]\n\tGetHandleVerifier [0x00007FF60FBEF029+687785]\n\t(No symbol) [0x00007FF60FACB508]\n\t(No symbol) [0x00007FF60FAC7564]\n\t(No symbol) [0x00007FF60FAC76E9]\n\t(No symbol) [0x00007FF60FAB8094]\n\tBaseThreadInitThunk [0x00007FFD67CF7344+20]\n\tRtlUserThreadStart [0x00007FFD68E1CC91+33]\n"}, "parameters": [{"name": "arg1", "value": "https://www.barrons.com/articles/buy-under-armour-stock-pick-51650672000"}], "start": 1719932465153, "stop": 1719932465153}], "start": 1719932459989, "stop": 1719932465153}, {"name": "SeleniumLibrary.Wait Until Page Contains Element", "status": "skipped", "statusDetails": {"message": "SessionNotCreatedException: Message: session not created: This version of ChromeDriver only supports Chrome version 120\nCurrent browser version is 126.0.6478.127 with binary path C:\\Program Files\\Google\\Chrome\\Application\\chrome.exe\nStacktrace:\n\tGetHandleVerifier [0x00007FF60FB54D02+56194]\n\t(No symbol) [0x00007FF60FAC04B2]\n\t(No symbol) [0x00007FF60F9676AA]\n\t(No symbol) [0x00007FF60F9A1652]\n\t(No symbol) [0x00007FF60F9A094D]\n\t(No symbol) [0x00007FF60F99B84F]\n\t(No symbol) [0x00007FF60F997DC2]\n\t(No symbol) [0x00007FF60F9E0954]\n\t(No symbol) [0x00007FF60F9D5C23]\n\t(No symbol) [0x00007FF60F9A4A45]\n\t(No symbol) [0x00007FF60F9A5AD4]\n\tGetHandleVerifier [0x00007FF60FECD5BB+3695675]\n\tGetHandleVerifier [0x00007FF60FF26197+4059159]\n\tGetHandleVerifier [0x00007FF60FF1DF63+4025827]\n\tGetHandleVerifier [0x00007FF60FBEF029+687785]\n\t(No symbol) [0x00007FF60FACB508]\n\t(No symbol) [0x00007FF60FAC7564]\n\t(No symbol) [0x00007FF60FAC76E9]\n\t(No symbol) [0x00007FF60FAB8094]\n\tBaseThreadInitThunk [0x00007FFD67CF7344+20]\n\tRtlUserThreadStart [0x00007FFD68E1CC91+33]\n"}, "parameters": [{"name": "arg1", "value": "dom:${JSFollowButtonBarronsPath}"}], "start": 1719932465154, "stop": 1719932465154}, {"name": "SeleniumLibrary.Maximize Browser Window", "status": "skipped", "statusDetails": {"message": "SessionNotCreatedException: Message: session not created: This version of ChromeDriver only supports Chrome version 120\nCurrent browser version is 126.0.6478.127 with binary path C:\\Program Files\\Google\\Chrome\\Application\\chrome.exe\nStacktrace:\n\tGetHandleVerifier [0x00007FF60FB54D02+56194]\n\t(No symbol) [0x00007FF60FAC04B2]\n\t(No symbol) [0x00007FF60F9676AA]\n\t(No symbol) [0x00007FF60F9A1652]\n\t(No symbol) [0x00007FF60F9A094D]\n\t(No symbol) [0x00007FF60F99B84F]\n\t(No symbol) [0x00007FF60F997DC2]\n\t(No symbol) [0x00007FF60F9E0954]\n\t(No symbol) [0x00007FF60F9D5C23]\n\t(No symbol) [0x00007FF60F9A4A45]\n\t(No symbol) [0x00007FF60F9A5AD4]\n\tGetHandleVerifier [0x00007FF60FECD5BB+3695675]\n\tGetHandleVerifier [0x00007FF60FF26197+4059159]\n\tGetHandleVerifier [0x00007FF60FF1DF63+4025827]\n\tGetHandleVerifier [0x00007FF60FBEF029+687785]\n\t(No symbol) [0x00007FF60FACB508]\n\t(No symbol) [0x00007FF60FAC7564]\n\t(No symbol) [0x00007FF60FAC76E9]\n\t(No symbol) [0x00007FF60FAB8094]\n\tBaseThreadInitThunk [0x00007FFD67CF7344+20]\n\tRtlUserThreadStart [0x00007FFD68E1CC91+33]\n"}, "start": 1719932465154, "stop": 1719932465154}], "stop": 1719932465154}], "afters": [{"name": "CommonFunctionality.Finish Testcase", "status": "passed", "statusDetails": {"message": "SessionNotCreatedException: Message: session not created: This version of ChromeDriver only supports Chrome version 120\nCurrent browser version is 126.0.6478.127 with binary path C:\\Program Files\\Google\\Chrome\\Application\\chrome.exe\nStacktrace:\n\tGetHandleVerifier [0x00007FF60FB54D02+56194]\n\t(No symbol) [0x00007FF60FAC04B2]\n\t(No symbol) [0x00007FF60F9676AA]\n\t(No symbol) [0x00007FF60F9A1652]\n\t(No symbol) [0x00007FF60F9A094D]\n\t(No symbol) [0x00007FF60F99B84F]\n\t(No symbol) [0x00007FF60F997DC2]\n\t(No symbol) [0x00007FF60F9E0954]\n\t(No symbol) [0x00007FF60F9D5C23]\n\t(No symbol) [0x00007FF60F9A4A45]\n\t(No symbol) [0x00007FF60F9A5AD4]\n\tGetHandleVerifier [0x00007FF60FECD5BB+3695675]\n\tGetHandleVerifier [0x00007FF60FF26197+4059159]\n\tGetHandleVerifier [0x00007FF60FF1DF63+4025827]\n\tGetHandleVerifier [0x00007FF60FBEF029+687785]\n\t(No symbol) [0x00007FF60FACB508]\n\t(No symbol) [0x00007FF60FAC7564]\n\t(No symbol) [0x00007FF60FAC76E9]\n\t(No symbol) [0x00007FF60FAB8094]\n\tBaseThreadInitThunk [0x00007FFD67CF7344+20]\n\tRtlUserThreadStart [0x00007FFD68E1CC91+33]\n"}, "steps": [{"name": "SeleniumLibrary.Close Browser", "status": "passed", "statusDetails": {"message": "SessionNotCreatedException: Message: session not created: This version of ChromeDriver only supports Chrome version 120\nCurrent browser version is 126.0.6478.127 with binary path C:\\Program Files\\Google\\Chrome\\Application\\chrome.exe\nStacktrace:\n\tGetHandleVerifier [0x00007FF60FB54D02+56194]\n\t(No symbol) [0x00007FF60FAC04B2]\n\t(No symbol) [0x00007FF60F9676AA]\n\t(No symbol) [0x00007FF60F9A1652]\n\t(No symbol) [0x00007FF60F9A094D]\n\t(No symbol) [0x00007FF60F99B84F]\n\t(No symbol) [0x00007FF60F997DC2]\n\t(No symbol) [0x00007FF60F9E0954]\n\t(No symbol) [0x00007FF60F9D5C23]\n\t(No symbol) [0x00007FF60F9A4A45]\n\t(No symbol) [0x00007FF60F9A5AD4]\n\tGetHandleVerifier [0x00007FF60FECD5BB+3695675]\n\tGetHandleVerifier [0x00007FF60FF26197+4059159]\n\tGetHandleVerifier [0x00007FF60FF1DF63+4025827]\n\tGetHandleVerifier [0x00007FF60FBEF029+687785]\n\t(No symbol) [0x00007FF60FACB508]\n\t(No symbol) [0x00007FF60FAC7564]\n\t(No symbol) [0x00007FF60FAC76E9]\n\t(No symbol) [0x00007FF60FAB8094]\n\tBaseThreadInitThunk [0x00007FFD67CF7344+20]\n\tRtlUserThreadStart [0x00007FFD68E1CC91+33]\n"}, "start": 1719932465156, "stop": 1719932465157}], "stop": 1719932465157}]}