{"uuid": "1b337693-5f88-4c50-becb-fa604a8f5506", "children": ["ab9be408-aaa0-40f4-b536-f87f7bd39cab"], "befores": [{"name": "CommonFunctionality.Start Barrons Article", "status": "failed", "statusDetails": {"message": "SessionNotCreatedException: Message: session not created: This version of ChromeDriver only supports Chrome version 120\nCurrent browser version is 126.0.6478.127 with binary path C:\\Program Files\\Google\\Chrome\\Application\\chrome.exe\nStacktrace:\n\tGetHandleVerifier [0x00007FF60FB54D02+56194]\n\t(No symbol) [0x00007FF60FAC04B2]\n\t(No symbol) [0x00007FF60F9676AA]\n\t(No symbol) [0x00007FF60F9A1652]\n\t(No symbol) [0x00007FF60F9A094D]\n\t(No symbol) [0x00007FF60F99B84F]\n\t(No symbol) [0x00007FF60F997DC2]\n\t(No symbol) [0x00007FF60F9E0954]\n\t(No symbol) [0x00007FF60F9D5C23]\n\t(No symbol) [0x00007FF60F9A4A45]\n\t(No symbol) [0x00007FF60F9A5AD4]\n\tGetHandleVerifier [0x00007FF60FECD5BB+3695675]\n\tGetHandleVerifier [0x00007FF60FF26197+4059159]\n\tGetHandleVerifier [0x00007FF60FF1DF63+4025827]\n\tGetHandleVerifier [0x00007FF60FBEF029+687785]\n\t(No symbol) [0x00007FF60FACB508]\n\t(No symbol) [0x00007FF60FAC7564]\n\t(No symbol) [0x00007FF60FAC76E9]\n\t(No symbol) [0x00007FF60FAB8094]\n\tBaseThreadInitThunk [0x00007FFD67CF7344+20]\n\tRtlUserThreadStart [0x00007FFD68E1CC91+33]\n"}, "steps": [{"name": "SeleniumLibrary.Set Selenium Speed", "status": "passed", "statusDetails": {}, "parameters": [{"name": "arg1", "value": "0.5 seconds"}], "start": 1719932443682, "stop": 1719932443683}, {"name": "CommonFunctionality.Set Browser Options", "status": "passed", "statusDetails": {}, "steps": [{"name": "\"${Browser}\" == \"firefox\"", "status": "skipped", "statusDetails": {}, "steps": [{"name": "BuiltIn.Evaluate", "status": "skipped", "statusDetails": {}, "parameters": [{"name": "arg1", "value": "selenium.webdriver.FirefoxOptions()"}], "start": 1719932443684, "stop": 1719932443684}, {"name": "BuiltIn.Call Method", "status": "skipped", "statusDetails": {}, "parameters": [{"name": "arg1", "value": "${options}"}, {"name": "arg2", "value": "add_argument"}, {"name": "arg3", "value": "--CreateProfile"}], "start": 1719932443684, "stop": 1719932443684}, {"name": "BuiltIn.Call Method", "status": "skipped", "statusDetails": {}, "parameters": [{"name": "arg1", "value": "${options}"}, {"name": "arg2", "value": "add_argument"}, {"name": "arg3", "value": "--start-maximized"}], "start": 1719932443684, "stop": 1719932443685}, {"name": "BuiltIn.Call Method", "status": "skipped", "statusDetails": {}, "parameters": [{"name": "arg1", "value": "${options}"}, {"name": "arg2", "value": "add_argument"}, {"name": "arg3", "value": "--disable-dev-shm-usage"}], "start": 1719932443685, "stop": 1719932443685}, {"name": "BuiltIn.Call Method", "status": "skipped", "statusDetails": {}, "parameters": [{"name": "arg1", "value": "${options}"}, {"name": "arg2", "value": "add_argument"}, {"name": "arg3", "value": "--no-sandbox"}], "start": 1719932443685, "stop": 1719932443685}, {"name": "BuiltIn.Call Method", "status": "skipped", "statusDetails": {}, "parameters": [{"name": "arg1", "value": "${options}"}, {"name": "arg2", "value": "add_argument"}, {"name": "arg3", "value": "--disable-gpu"}], "start": 1719932443685, "stop": 1719932443686}, {"name": "BuiltIn.Call Method", "status": "skipped", "statusDetails": {}, "parameters": [{"name": "arg1", "value": "${options}"}, {"name": "arg2", "value": "add_argument"}, {"name": "arg3", "value": "--headless"}], "start": 1719932443686, "stop": 1719932443686}, {"name": "BuiltIn.Call Method", "status": "skipped", "statusDetails": {}, "parameters": [{"name": "arg1", "value": "${options}"}, {"name": "arg2", "value": "add_argument"}, {"name": "arg3", "value": "--devtools.debugger.force-local"}], "start": 1719932443686, "stop": 1719932443686}, {"name": "BuiltIn.Call Method", "status": "skipped", "statusDetails": {}, "parameters": [{"name": "arg1", "value": "${options}"}, {"name": "arg2", "value": "add_argument"}, {"name": "arg3", "value": "--devtools.debugger.remote-enabled"}], "start": 1719932443686, "stop": 1719932443687}, {"name": "BuiltIn.Call Method", "status": "skipped", "statusDetails": {}, "parameters": [{"name": "arg1", "value": "${options}"}, {"name": "arg2", "value": "add_argument"}, {"name": "arg3", "value": "--devtools.chrome.enabled"}], "start": 1719932443687, "stop": 1719932443687}, {"name": "BuiltIn.Call Method", "status": "skipped", "statusDetails": {}, "parameters": [{"name": "arg1", "value": "${options}"}, {"name": "arg2", "value": "add_argument"}, {"name": "arg3", "value": "--devtools.debugger.prompt-connection"}], "start": 1719932443687, "stop": 1719932443688}, {"name": "BuiltIn.Call Method", "status": "skipped", "statusDetails": {}, "parameters": [{"name": "arg1", "value": "${options}"}, {"name": "arg2", "value": "add_argument"}, {"name": "arg3", "value": "--browser.dom.window.dump.enabled"}], "start": 1719932443688, "stop": 1719932443688}, {"status": "skipped", "statusDetails": {}, "parameters": [{"name": "arg1", "value": "${options}"}], "start": 1719932443689, "stop": 1719932443689}], "start": 1719932443683, "stop": 1719932443689}, {"name": "\"${Browser}\" == \"chrome\"", "status": "passed", "statusDetails": {}, "steps": [{"name": "BuiltIn.Evaluate", "status": "passed", "statusDetails": {}, "attachments": [{"name": "Keyword Log", "source": "e7904a07-dbef-4f1f-bead-cd4835081404-attachment.html", "type": "text/html"}], "parameters": [{"name": "arg1", "value": "selenium.webdriver.ChromeOptions()"}], "start": 1719932443690, "stop": 1719932443692}, {"name": "BuiltIn.Call Method", "status": "passed", "statusDetails": {}, "parameters": [{"name": "arg1", "value": "${options}"}, {"name": "arg2", "value": "add_argument"}, {"name": "arg3", "value": "--start-maximized"}], "start": 1719932443692, "stop": 1719932443692}, {"name": "BuiltIn.Call Method", "status": "passed", "statusDetails": {}, "parameters": [{"name": "arg1", "value": "${options}"}, {"name": "arg2", "value": "add_argument"}, {"name": "arg3", "value": "--disable-dev-shm-usage"}], "start": 1719932443692, "stop": 1719932443693}, {"name": "BuiltIn.Call Method", "status": "passed", "statusDetails": {}, "parameters": [{"name": "arg1", "value": "${options}"}, {"name": "arg2", "value": "add_argument"}, {"name": "arg3", "value": "--no-sandbox"}], "start": 1719932443693, "stop": 1719932443693}, {"name": "BuiltIn.Call Method", "status": "passed", "statusDetails": {}, "parameters": [{"name": "arg1", "value": "${options}"}, {"name": "arg2", "value": "add_argument"}, {"name": "arg3", "value": "--headless"}], "start": 1719932443693, "stop": 1719932443694}, {"name": "BuiltIn.Call Method", "status": "passed", "statusDetails": {}, "parameters": [{"name": "arg1", "value": "${options}"}, {"name": "arg2", "value": "add_argument"}, {"name": "arg3", "value": "--disable-gpu"}], "start": 1719932443694, "stop": 1719932443694}, {"name": "BuiltIn.Call Method", "status": "passed", "statusDetails": {}, "parameters": [{"name": "arg1", "value": "${options}"}, {"name": "arg2", "value": "add_argument"}, {"name": "arg3", "value": "--ignore-certificate-errors"}], "start": 1719932443694, "stop": 1719932443695}, {"name": "BuiltIn.Call Method", "status": "passed", "statusDetails": {}, "parameters": [{"name": "arg1", "value": "${options}"}, {"name": "arg2", "value": "add_argument"}, {"name": "arg3", "value": "--disable-extensions"}], "start": 1719932443695, "stop": 1719932443695}, {"name": "BuiltIn.Call Method", "status": "passed", "statusDetails": {}, "parameters": [{"name": "arg1", "value": "${options}"}, {"name": "arg2", "value": "add_argument"}, {"name": "arg3", "value": "--no-user-gesture-required"}], "start": 1719932443695, "stop": 1719932443696}, {"name": "BuiltIn.Call Method", "status": "passed", "statusDetails": {}, "parameters": [{"name": "arg1", "value": "${options}"}, {"name": "arg2", "value": "add_argument"}, {"name": "arg3", "value": "--no-first-run"}], "start": 1719932443696, "stop": 1719932443696}, {"name": "BuiltIn.Call Method", "status": "passed", "statusDetails": {}, "parameters": [{"name": "arg1", "value": "${options}"}, {"name": "arg2", "value": "add_argument"}, {"name": "arg3", "value": "--use-fake-ui-for-media-stream"}], "start": 1719932443696, "stop": 1719932443697}, {"name": "BuiltIn.Call Method", "status": "passed", "statusDetails": {}, "parameters": [{"name": "arg1", "value": "${options}"}, {"name": "arg2", "value": "add_argument"}, {"name": "arg3", "value": "--use-fake-device-for-media-stream"}], "start": 1719932443697, "stop": 1719932443697}, {"name": "BuiltIn.Call Method", "status": "passed", "statusDetails": {}, "parameters": [{"name": "arg1", "value": "${options}"}, {"name": "arg2", "value": "add_argument"}, {"name": "arg3", "value": "--disable-sync"}], "start": 1719932443697, "stop": 1719932443697}, {"status": "passed", "statusDetails": {}, "parameters": [{"name": "arg1", "value": "${options}"}], "start": 1719932443698, "stop": 1719932443698}], "start": 1719932443690, "stop": 1719932443698}], "attachments": [{"name": "Keyword Log", "source": "462158a3-cb26-45bd-a6b5-ae6e44006013-attachment.html", "type": "text/html"}], "start": 1719932443683, "stop": 1719932443701}, {"name": "\"${Env}\" == \"prod\"", "status": "skipped", "statusDetails": {}, "steps": [{"name": "SeleniumLibrary.Open Browser", "status": "skipped", "statusDetails": {}, "parameters": [{"name": "arg1", "value": "https://www.barrons.com"}, {"name": "arg2", "value": "${Browser}"}, {"name": "arg3", "value": "options=${options}"}], "start": 1719932443701, "stop": 1719932443701}, {"name": "SeleniumLibrary.Go To", "status": "skipped", "statusDetails": {}, "parameters": [{"name": "arg1", "value": "https://www.barrons.com/articles/wendys-wen-stock-earnings-51652268634"}], "start": 1719932443702, "stop": 1719932443702}], "start": 1719932443701, "stop": 1719932443702}, {"name": "\"${Env}\" == \"dev\"", "status": "failed", "statusDetails": {"message": "SessionNotCreatedException: Message: session not created: This version of ChromeDriver only supports Chrome version 120\nCurrent browser version is 126.0.6478.127 with binary path C:\\Program Files\\Google\\Chrome\\Application\\chrome.exe\nStacktrace:\n\tGetHandleVerifier [0x00007FF60FB54D02+56194]\n\t(No symbol) [0x00007FF60FAC04B2]\n\t(No symbol) [0x00007FF60F9676AA]\n\t(No symbol) [0x00007FF60F9A1652]\n\t(No symbol) [0x00007FF60F9A094D]\n\t(No symbol) [0x00007FF60F99B84F]\n\t(No symbol) [0x00007FF60F997DC2]\n\t(No symbol) [0x00007FF60F9E0954]\n\t(No symbol) [0x00007FF60F9D5C23]\n\t(No symbol) [0x00007FF60F9A4A45]\n\t(No symbol) [0x00007FF60F9A5AD4]\n\tGetHandleVerifier [0x00007FF60FECD5BB+3695675]\n\tGetHandleVerifier [0x00007FF60FF26197+4059159]\n\tGetHandleVerifier [0x00007FF60FF1DF63+4025827]\n\tGetHandleVerifier [0x00007FF60FBEF029+687785]\n\t(No symbol) [0x00007FF60FACB508]\n\t(No symbol) [0x00007FF60FAC7564]\n\t(No symbol) [0x00007FF60FAC76E9]\n\t(No symbol) [0x00007FF60FAB8094]\n\tBaseThreadInitThunk [0x00007FFD67CF7344+20]\n\tRtlUserThreadStart [0x00007FFD68E1CC91+33]\n"}, "steps": [{"name": "SeleniumLibrary.Open Browser", "status": "failed", "statusDetails": {"message": "SessionNotCreatedException: Message: session not created: This version of ChromeDriver only supports Chrome version 120\nCurrent browser version is 126.0.6478.127 with binary path C:\\Program Files\\Google\\Chrome\\Application\\chrome.exe\nStacktrace:\n\tGetHandleVerifier [0x00007FF60FB54D02+56194]\n\t(No symbol) [0x00007FF60FAC04B2]\n\t(No symbol) [0x00007FF60F9676AA]\n\t(No symbol) [0x00007FF60F9A1652]\n\t(No symbol) [0x00007FF60F9A094D]\n\t(No symbol) [0x00007FF60F99B84F]\n\t(No symbol) [0x00007FF60F997DC2]\n\t(No symbol) [0x00007FF60F9E0954]\n\t(No symbol) [0x00007FF60F9D5C23]\n\t(No symbol) [0x00007FF60F9A4A45]\n\t(No symbol) [0x00007FF60F9A5AD4]\n\tGetHandleVerifier [0x00007FF60FECD5BB+3695675]\n\tGetHandleVerifier [0x00007FF60FF26197+4059159]\n\tGetHandleVerifier [0x00007FF60FF1DF63+4025827]\n\tGetHandleVerifier [0x00007FF60FBEF029+687785]\n\t(No symbol) [0x00007FF60FACB508]\n\t(No symbol) [0x00007FF60FAC7564]\n\t(No symbol) [0x00007FF60FAC76E9]\n\t(No symbol) [0x00007FF60FAB8094]\n\tBaseThreadInitThunk [0x00007FFD67CF7344+20]\n\tRtlUserThreadStart [0x00007FFD68E1CC91+33]\n"}, "attachments": [{"name": "Keyword Log", "source": "9cc1cd51-71ce-4db3-a0d4-4bee4d14f74d-attachment.html", "type": "text/html"}], "parameters": [{"name": "arg1", "value": "https://www.barrons.com"}, {"name": "arg2", "value": "${Browser}"}, {"name": "arg3", "value": "options=${options}"}], "start": 1719932443703, "stop": 1719932449664}, {"name": "SeleniumLibrary.Go To", "status": "skipped", "statusDetails": {"message": "SessionNotCreatedException: Message: session not created: This version of ChromeDriver only supports Chrome version 120\nCurrent browser version is 126.0.6478.127 with binary path C:\\Program Files\\Google\\Chrome\\Application\\chrome.exe\nStacktrace:\n\tGetHandleVerifier [0x00007FF60FB54D02+56194]\n\t(No symbol) [0x00007FF60FAC04B2]\n\t(No symbol) [0x00007FF60F9676AA]\n\t(No symbol) [0x00007FF60F9A1652]\n\t(No symbol) [0x00007FF60F9A094D]\n\t(No symbol) [0x00007FF60F99B84F]\n\t(No symbol) [0x00007FF60F997DC2]\n\t(No symbol) [0x00007FF60F9E0954]\n\t(No symbol) [0x00007FF60F9D5C23]\n\t(No symbol) [0x00007FF60F9A4A45]\n\t(No symbol) [0x00007FF60F9A5AD4]\n\tGetHandleVerifier [0x00007FF60FECD5BB+3695675]\n\tGetHandleVerifier [0x00007FF60FF26197+4059159]\n\tGetHandleVerifier [0x00007FF60FF1DF63+4025827]\n\tGetHandleVerifier [0x00007FF60FBEF029+687785]\n\t(No symbol) [0x00007FF60FACB508]\n\t(No symbol) [0x00007FF60FAC7564]\n\t(No symbol) [0x00007FF60FAC76E9]\n\t(No symbol) [0x00007FF60FAB8094]\n\tBaseThreadInitThunk [0x00007FFD67CF7344+20]\n\tRtlUserThreadStart [0x00007FFD68E1CC91+33]\n"}, "parameters": [{"name": "arg1", "value": "https://www.barrons.com/articles/buy-under-armour-stock-pick-51650672000"}], "start": 1719932449664, "stop": 1719932449665}], "start": 1719932443702, "stop": 1719932449665}, {"name": "SeleniumLibrary.Wait Until Page Contains Element", "status": "skipped", "statusDetails": {"message": "SessionNotCreatedException: Message: session not created: This version of ChromeDriver only supports Chrome version 120\nCurrent browser version is 126.0.6478.127 with binary path C:\\Program Files\\Google\\Chrome\\Application\\chrome.exe\nStacktrace:\n\tGetHandleVerifier [0x00007FF60FB54D02+56194]\n\t(No symbol) [0x00007FF60FAC04B2]\n\t(No symbol) [0x00007FF60F9676AA]\n\t(No symbol) [0x00007FF60F9A1652]\n\t(No symbol) [0x00007FF60F9A094D]\n\t(No symbol) [0x00007FF60F99B84F]\n\t(No symbol) [0x00007FF60F997DC2]\n\t(No symbol) [0x00007FF60F9E0954]\n\t(No symbol) [0x00007FF60F9D5C23]\n\t(No symbol) [0x00007FF60F9A4A45]\n\t(No symbol) [0x00007FF60F9A5AD4]\n\tGetHandleVerifier [0x00007FF60FECD5BB+3695675]\n\tGetHandleVerifier [0x00007FF60FF26197+4059159]\n\tGetHandleVerifier [0x00007FF60FF1DF63+4025827]\n\tGetHandleVerifier [0x00007FF60FBEF029+687785]\n\t(No symbol) [0x00007FF60FACB508]\n\t(No symbol) [0x00007FF60FAC7564]\n\t(No symbol) [0x00007FF60FAC76E9]\n\t(No symbol) [0x00007FF60FAB8094]\n\tBaseThreadInitThunk [0x00007FFD67CF7344+20]\n\tRtlUserThreadStart [0x00007FFD68E1CC91+33]\n"}, "parameters": [{"name": "arg1", "value": "dom:${JSFollowButtonBarronsPath}"}], "start": 1719932449665, "stop": 1719932449665}, {"name": "SeleniumLibrary.Maximize Browser Window", "status": "skipped", "statusDetails": {"message": "SessionNotCreatedException: Message: session not created: This version of ChromeDriver only supports Chrome version 120\nCurrent browser version is 126.0.6478.127 with binary path C:\\Program Files\\Google\\Chrome\\Application\\chrome.exe\nStacktrace:\n\tGetHandleVerifier [0x00007FF60FB54D02+56194]\n\t(No symbol) [0x00007FF60FAC04B2]\n\t(No symbol) [0x00007FF60F9676AA]\n\t(No symbol) [0x00007FF60F9A1652]\n\t(No symbol) [0x00007FF60F9A094D]\n\t(No symbol) [0x00007FF60F99B84F]\n\t(No symbol) [0x00007FF60F997DC2]\n\t(No symbol) [0x00007FF60F9E0954]\n\t(No symbol) [0x00007FF60F9D5C23]\n\t(No symbol) [0x00007FF60F9A4A45]\n\t(No symbol) [0x00007FF60F9A5AD4]\n\tGetHandleVerifier [0x00007FF60FECD5BB+3695675]\n\tGetHandleVerifier [0x00007FF60FF26197+4059159]\n\tGetHandleVerifier [0x00007FF60FF1DF63+4025827]\n\tGetHandleVerifier [0x00007FF60FBEF029+687785]\n\t(No symbol) [0x00007FF60FACB508]\n\t(No symbol) [0x00007FF60FAC7564]\n\t(No symbol) [0x00007FF60FAC76E9]\n\t(No symbol) [0x00007FF60FAB8094]\n\tBaseThreadInitThunk [0x00007FFD67CF7344+20]\n\tRtlUserThreadStart [0x00007FFD68E1CC91+33]\n"}, "start": 1719932449666, "stop": 1719932449666}], "stop": 1719932449666}], "afters": [{"name": "CommonFunctionality.Finish Testcase", "status": "passed", "statusDetails": {"message": "SessionNotCreatedException: Message: session not created: This version of ChromeDriver only supports Chrome version 120\nCurrent browser version is 126.0.6478.127 with binary path C:\\Program Files\\Google\\Chrome\\Application\\chrome.exe\nStacktrace:\n\tGetHandleVerifier [0x00007FF60FB54D02+56194]\n\t(No symbol) [0x00007FF60FAC04B2]\n\t(No symbol) [0x00007FF60F9676AA]\n\t(No symbol) [0x00007FF60F9A1652]\n\t(No symbol) [0x00007FF60F9A094D]\n\t(No symbol) [0x00007FF60F99B84F]\n\t(No symbol) [0x00007FF60F997DC2]\n\t(No symbol) [0x00007FF60F9E0954]\n\t(No symbol) [0x00007FF60F9D5C23]\n\t(No symbol) [0x00007FF60F9A4A45]\n\t(No symbol) [0x00007FF60F9A5AD4]\n\tGetHandleVerifier [0x00007FF60FECD5BB+3695675]\n\tGetHandleVerifier [0x00007FF60FF26197+4059159]\n\tGetHandleVerifier [0x00007FF60FF1DF63+4025827]\n\tGetHandleVerifier [0x00007FF60FBEF029+687785]\n\t(No symbol) [0x00007FF60FACB508]\n\t(No symbol) [0x00007FF60FAC7564]\n\t(No symbol) [0x00007FF60FAC76E9]\n\t(No symbol) [0x00007FF60FAB8094]\n\tBaseThreadInitThunk [0x00007FFD67CF7344+20]\n\tRtlUserThreadStart [0x00007FFD68E1CC91+33]\n"}, "steps": [{"name": "SeleniumLibrary.Close Browser", "status": "passed", "statusDetails": {"message": "SessionNotCreatedException: Message: session not created: This version of ChromeDriver only supports Chrome version 120\nCurrent browser version is 126.0.6478.127 with binary path C:\\Program Files\\Google\\Chrome\\Application\\chrome.exe\nStacktrace:\n\tGetHandleVerifier [0x00007FF60FB54D02+56194]\n\t(No symbol) [0x00007FF60FAC04B2]\n\t(No symbol) [0x00007FF60F9676AA]\n\t(No symbol) [0x00007FF60F9A1652]\n\t(No symbol) [0x00007FF60F9A094D]\n\t(No symbol) [0x00007FF60F99B84F]\n\t(No symbol) [0x00007FF60F997DC2]\n\t(No symbol) [0x00007FF60F9E0954]\n\t(No symbol) [0x00007FF60F9D5C23]\n\t(No symbol) [0x00007FF60F9A4A45]\n\t(No symbol) [0x00007FF60F9A5AD4]\n\tGetHandleVerifier [0x00007FF60FECD5BB+3695675]\n\tGetHandleVerifier [0x00007FF60FF26197+4059159]\n\tGetHandleVerifier [0x00007FF60FF1DF63+4025827]\n\tGetHandleVerifier [0x00007FF60FBEF029+687785]\n\t(No symbol) [0x00007FF60FACB508]\n\t(No symbol) [0x00007FF60FAC7564]\n\t(No symbol) [0x00007FF60FAC76E9]\n\t(No symbol) [0x00007FF60FAB8094]\n\tBaseThreadInitThunk [0x00007FFD67CF7344+20]\n\tRtlUserThreadStart [0x00007FFD68E1CC91+33]\n"}, "start": 1719932449667, "stop": 1719932449668}], "stop": 1719932449668}]}