{"uuid": "32f2ad8a-e462-4959-a7a7-74b9ec1a679f", "children": ["21ea5785-c7d4-48f1-b6a5-22af475b5fd2"], "befores": [{"name": "CommonFunctionality.Start Barrons Article", "status": "failed", "statusDetails": {"message": "SessionNotCreatedException: Message: session not created: This version of ChromeDriver only supports Chrome version 120\nCurrent browser version is 126.0.6478.127 with binary path C:\\Program Files\\Google\\Chrome\\Application\\chrome.exe\nStacktrace:\n\tGetHandleVerifier [0x00007FF60FB54D02+56194]\n\t(No symbol) [0x00007FF60FAC04B2]\n\t(No symbol) [0x00007FF60F9676AA]\n\t(No symbol) [0x00007FF60F9A1652]\n\t(No symbol) [0x00007FF60F9A094D]\n\t(No symbol) [0x00007FF60F99B84F]\n\t(No symbol) [0x00007FF60F997DC2]\n\t(No symbol) [0x00007FF60F9E0954]\n\t(No symbol) [0x00007FF60F9D5C23]\n\t(No symbol) [0x00007FF60F9A4A45]\n\t(No symbol) [0x00007FF60F9A5AD4]\n\tGetHandleVerifier [0x00007FF60FECD5BB+3695675]\n\tGetHandleVerifier [0x00007FF60FF26197+4059159]\n\tGetHandleVerifier [0x00007FF60FF1DF63+4025827]\n\tGetHandleVerifier [0x00007FF60FBEF029+687785]\n\t(No symbol) [0x00007FF60FACB508]\n\t(No symbol) [0x00007FF60FAC7564]\n\t(No symbol) [0x00007FF60FAC76E9]\n\t(No symbol) [0x00007FF60FAB8094]\n\tBaseThreadInitThunk [0x00007FFD67CF7344+20]\n\tRtlUserThreadStart [0x00007FFD68E1CC91+33]\n"}, "steps": [{"name": "SeleniumLibrary.Set Selenium Speed", "status": "passed", "statusDetails": {}, "parameters": [{"name": "arg1", "value": "0.5 seconds"}], "start": 1719932449689, "stop": 1719932449689}, {"name": "CommonFunctionality.Set Browser Options", "status": "passed", "statusDetails": {}, "steps": [{"name": "\"${Browser}\" == \"firefox\"", "status": "skipped", "statusDetails": {}, "steps": [{"name": "BuiltIn.Evaluate", "status": "skipped", "statusDetails": {}, "parameters": [{"name": "arg1", "value": "selenium.webdriver.FirefoxOptions()"}], "start": 1719932449690, "stop": 1719932449691}, {"name": "BuiltIn.Call Method", "status": "skipped", "statusDetails": {}, "parameters": [{"name": "arg1", "value": "${options}"}, {"name": "arg2", "value": "add_argument"}, {"name": "arg3", "value": "--CreateProfile"}], "start": 1719932449691, "stop": 1719932449691}, {"name": "BuiltIn.Call Method", "status": "skipped", "statusDetails": {}, "parameters": [{"name": "arg1", "value": "${options}"}, {"name": "arg2", "value": "add_argument"}, {"name": "arg3", "value": "--start-maximized"}], "start": 1719932449691, "stop": 1719932449691}, {"name": "BuiltIn.Call Method", "status": "skipped", "statusDetails": {}, "parameters": [{"name": "arg1", "value": "${options}"}, {"name": "arg2", "value": "add_argument"}, {"name": "arg3", "value": "--disable-dev-shm-usage"}], "start": 1719932449692, "stop": 1719932449692}, {"name": "BuiltIn.Call Method", "status": "skipped", "statusDetails": {}, "parameters": [{"name": "arg1", "value": "${options}"}, {"name": "arg2", "value": "add_argument"}, {"name": "arg3", "value": "--no-sandbox"}], "start": 1719932449692, "stop": 1719932449692}, {"name": "BuiltIn.Call Method", "status": "skipped", "statusDetails": {}, "parameters": [{"name": "arg1", "value": "${options}"}, {"name": "arg2", "value": "add_argument"}, {"name": "arg3", "value": "--disable-gpu"}], "start": 1719932449692, "stop": 1719932449692}, {"name": "BuiltIn.Call Method", "status": "skipped", "statusDetails": {}, "parameters": [{"name": "arg1", "value": "${options}"}, {"name": "arg2", "value": "add_argument"}, {"name": "arg3", "value": "--headless"}], "start": 1719932449693, "stop": 1719932449693}, {"name": "BuiltIn.Call Method", "status": "skipped", "statusDetails": {}, "parameters": [{"name": "arg1", "value": "${options}"}, {"name": "arg2", "value": "add_argument"}, {"name": "arg3", "value": "--devtools.debugger.force-local"}], "start": 1719932449693, "stop": 1719932449693}, {"name": "BuiltIn.Call Method", "status": "skipped", "statusDetails": {}, "parameters": [{"name": "arg1", "value": "${options}"}, {"name": "arg2", "value": "add_argument"}, {"name": "arg3", "value": "--devtools.debugger.remote-enabled"}], "start": 1719932449693, "stop": 1719932449694}, {"name": "BuiltIn.Call Method", "status": "skipped", "statusDetails": {}, "parameters": [{"name": "arg1", "value": "${options}"}, {"name": "arg2", "value": "add_argument"}, {"name": "arg3", "value": "--devtools.chrome.enabled"}], "start": 1719932449694, "stop": 1719932449694}, {"name": "BuiltIn.Call Method", "status": "skipped", "statusDetails": {}, "parameters": [{"name": "arg1", "value": "${options}"}, {"name": "arg2", "value": "add_argument"}, {"name": "arg3", "value": "--devtools.debugger.prompt-connection"}], "start": 1719932449694, "stop": 1719932449694}, {"name": "BuiltIn.Call Method", "status": "skipped", "statusDetails": {}, "parameters": [{"name": "arg1", "value": "${options}"}, {"name": "arg2", "value": "add_argument"}, {"name": "arg3", "value": "--browser.dom.window.dump.enabled"}], "start": 1719932449694, "stop": 1719932449695}, {"status": "skipped", "statusDetails": {}, "parameters": [{"name": "arg1", "value": "${options}"}], "start": 1719932449695, "stop": 1719932449695}], "start": 1719932449690, "stop": 1719932449695}, {"name": "\"${Browser}\" == \"chrome\"", "status": "passed", "statusDetails": {}, "steps": [{"name": "BuiltIn.Evaluate", "status": "passed", "statusDetails": {}, "attachments": [{"name": "Keyword Log", "source": "ec3e23b5-5d00-48f2-92e1-97f97fff939c-attachment.html", "type": "text/html"}], "parameters": [{"name": "arg1", "value": "selenium.webdriver.ChromeOptions()"}], "start": 1719932449696, "stop": 1719932449698}, {"name": "BuiltIn.Call Method", "status": "passed", "statusDetails": {}, "parameters": [{"name": "arg1", "value": "${options}"}, {"name": "arg2", "value": "add_argument"}, {"name": "arg3", "value": "--start-maximized"}], "start": 1719932449699, "stop": 1719932449699}, {"name": "BuiltIn.Call Method", "status": "passed", "statusDetails": {}, "parameters": [{"name": "arg1", "value": "${options}"}, {"name": "arg2", "value": "add_argument"}, {"name": "arg3", "value": "--disable-dev-shm-usage"}], "start": 1719932449699, "stop": 1719932449700}, {"name": "BuiltIn.Call Method", "status": "passed", "statusDetails": {}, "parameters": [{"name": "arg1", "value": "${options}"}, {"name": "arg2", "value": "add_argument"}, {"name": "arg3", "value": "--no-sandbox"}], "start": 1719932449700, "stop": 1719932449700}, {"name": "BuiltIn.Call Method", "status": "passed", "statusDetails": {}, "parameters": [{"name": "arg1", "value": "${options}"}, {"name": "arg2", "value": "add_argument"}, {"name": "arg3", "value": "--headless"}], "start": 1719932449700, "stop": 1719932449702}, {"name": "BuiltIn.Call Method", "status": "passed", "statusDetails": {}, "parameters": [{"name": "arg1", "value": "${options}"}, {"name": "arg2", "value": "add_argument"}, {"name": "arg3", "value": "--disable-gpu"}], "start": 1719932449704, "stop": 1719932449704}, {"name": "BuiltIn.Call Method", "status": "passed", "statusDetails": {}, "parameters": [{"name": "arg1", "value": "${options}"}, {"name": "arg2", "value": "add_argument"}, {"name": "arg3", "value": "--ignore-certificate-errors"}], "start": 1719932449713, "stop": 1719932449715}, {"name": "BuiltIn.Call Method", "status": "passed", "statusDetails": {}, "parameters": [{"name": "arg1", "value": "${options}"}, {"name": "arg2", "value": "add_argument"}, {"name": "arg3", "value": "--disable-extensions"}], "start": 1719932449715, "stop": 1719932449716}, {"name": "BuiltIn.Call Method", "status": "passed", "statusDetails": {}, "parameters": [{"name": "arg1", "value": "${options}"}, {"name": "arg2", "value": "add_argument"}, {"name": "arg3", "value": "--no-user-gesture-required"}], "start": 1719932449716, "stop": 1719932449725}, {"name": "BuiltIn.Call Method", "status": "passed", "statusDetails": {}, "parameters": [{"name": "arg1", "value": "${options}"}, {"name": "arg2", "value": "add_argument"}, {"name": "arg3", "value": "--no-first-run"}], "start": 1719932449725, "stop": 1719932449726}, {"name": "BuiltIn.Call Method", "status": "passed", "statusDetails": {}, "parameters": [{"name": "arg1", "value": "${options}"}, {"name": "arg2", "value": "add_argument"}, {"name": "arg3", "value": "--use-fake-ui-for-media-stream"}], "start": 1719932449726, "stop": 1719932449727}, {"name": "BuiltIn.Call Method", "status": "passed", "statusDetails": {}, "parameters": [{"name": "arg1", "value": "${options}"}, {"name": "arg2", "value": "add_argument"}, {"name": "arg3", "value": "--use-fake-device-for-media-stream"}], "start": 1719932449727, "stop": 1719932449737}, {"name": "BuiltIn.Call Method", "status": "passed", "statusDetails": {}, "parameters": [{"name": "arg1", "value": "${options}"}, {"name": "arg2", "value": "add_argument"}, {"name": "arg3", "value": "--disable-sync"}], "start": 1719932449739, "stop": 1719932449739}, {"status": "passed", "statusDetails": {}, "parameters": [{"name": "arg1", "value": "${options}"}], "start": 1719932449739, "stop": 1719932449739}], "start": 1719932449695, "stop": 1719932449741}], "attachments": [{"name": "Keyword Log", "source": "e5048311-4446-458f-a148-e74900376b1e-attachment.html", "type": "text/html"}], "start": 1719932449690, "stop": 1719932449744}, {"name": "\"${Env}\" == \"prod\"", "status": "skipped", "statusDetails": {}, "steps": [{"name": "SeleniumLibrary.Open Browser", "status": "skipped", "statusDetails": {}, "parameters": [{"name": "arg1", "value": "https://www.barrons.com"}, {"name": "arg2", "value": "${Browser}"}, {"name": "arg3", "value": "options=${options}"}], "start": 1719932449744, "stop": 1719932449744}, {"name": "SeleniumLibrary.Go To", "status": "skipped", "statusDetails": {}, "parameters": [{"name": "arg1", "value": "https://www.barrons.com/articles/wendys-wen-stock-earnings-51652268634"}], "start": 1719932449744, "stop": 1719932449745}], "start": 1719932449744, "stop": 1719932449745}, {"name": "\"${Env}\" == \"dev\"", "status": "failed", "statusDetails": {"message": "SessionNotCreatedException: Message: session not created: This version of ChromeDriver only supports Chrome version 120\nCurrent browser version is 126.0.6478.127 with binary path C:\\Program Files\\Google\\Chrome\\Application\\chrome.exe\nStacktrace:\n\tGetHandleVerifier [0x00007FF60FB54D02+56194]\n\t(No symbol) [0x00007FF60FAC04B2]\n\t(No symbol) [0x00007FF60F9676AA]\n\t(No symbol) [0x00007FF60F9A1652]\n\t(No symbol) [0x00007FF60F9A094D]\n\t(No symbol) [0x00007FF60F99B84F]\n\t(No symbol) [0x00007FF60F997DC2]\n\t(No symbol) [0x00007FF60F9E0954]\n\t(No symbol) [0x00007FF60F9D5C23]\n\t(No symbol) [0x00007FF60F9A4A45]\n\t(No symbol) [0x00007FF60F9A5AD4]\n\tGetHandleVerifier [0x00007FF60FECD5BB+3695675]\n\tGetHandleVerifier [0x00007FF60FF26197+4059159]\n\tGetHandleVerifier [0x00007FF60FF1DF63+4025827]\n\tGetHandleVerifier [0x00007FF60FBEF029+687785]\n\t(No symbol) [0x00007FF60FACB508]\n\t(No symbol) [0x00007FF60FAC7564]\n\t(No symbol) [0x00007FF60FAC76E9]\n\t(No symbol) [0x00007FF60FAB8094]\n\tBaseThreadInitThunk [0x00007FFD67CF7344+20]\n\tRtlUserThreadStart [0x00007FFD68E1CC91+33]\n"}, "steps": [{"name": "SeleniumLibrary.Open Browser", "status": "failed", "statusDetails": {"message": "SessionNotCreatedException: Message: session not created: This version of ChromeDriver only supports Chrome version 120\nCurrent browser version is 126.0.6478.127 with binary path C:\\Program Files\\Google\\Chrome\\Application\\chrome.exe\nStacktrace:\n\tGetHandleVerifier [0x00007FF60FB54D02+56194]\n\t(No symbol) [0x00007FF60FAC04B2]\n\t(No symbol) [0x00007FF60F9676AA]\n\t(No symbol) [0x00007FF60F9A1652]\n\t(No symbol) [0x00007FF60F9A094D]\n\t(No symbol) [0x00007FF60F99B84F]\n\t(No symbol) [0x00007FF60F997DC2]\n\t(No symbol) [0x00007FF60F9E0954]\n\t(No symbol) [0x00007FF60F9D5C23]\n\t(No symbol) [0x00007FF60F9A4A45]\n\t(No symbol) [0x00007FF60F9A5AD4]\n\tGetHandleVerifier [0x00007FF60FECD5BB+3695675]\n\tGetHandleVerifier [0x00007FF60FF26197+4059159]\n\tGetHandleVerifier [0x00007FF60FF1DF63+4025827]\n\tGetHandleVerifier [0x00007FF60FBEF029+687785]\n\t(No symbol) [0x00007FF60FACB508]\n\t(No symbol) [0x00007FF60FAC7564]\n\t(No symbol) [0x00007FF60FAC76E9]\n\t(No symbol) [0x00007FF60FAB8094]\n\tBaseThreadInitThunk [0x00007FFD67CF7344+20]\n\tRtlUserThreadStart [0x00007FFD68E1CC91+33]\n"}, "attachments": [{"name": "Keyword Log", "source": "48d2c858-ca20-4a0b-abe1-ef0673d0749b-attachment.html", "type": "text/html"}], "parameters": [{"name": "arg1", "value": "https://www.barrons.com"}, {"name": "arg2", "value": "${Browser}"}, {"name": "arg3", "value": "options=${options}"}], "start": 1719932449745, "stop": 1719932454899}, {"name": "SeleniumLibrary.Go To", "status": "skipped", "statusDetails": {"message": "SessionNotCreatedException: Message: session not created: This version of ChromeDriver only supports Chrome version 120\nCurrent browser version is 126.0.6478.127 with binary path C:\\Program Files\\Google\\Chrome\\Application\\chrome.exe\nStacktrace:\n\tGetHandleVerifier [0x00007FF60FB54D02+56194]\n\t(No symbol) [0x00007FF60FAC04B2]\n\t(No symbol) [0x00007FF60F9676AA]\n\t(No symbol) [0x00007FF60F9A1652]\n\t(No symbol) [0x00007FF60F9A094D]\n\t(No symbol) [0x00007FF60F99B84F]\n\t(No symbol) [0x00007FF60F997DC2]\n\t(No symbol) [0x00007FF60F9E0954]\n\t(No symbol) [0x00007FF60F9D5C23]\n\t(No symbol) [0x00007FF60F9A4A45]\n\t(No symbol) [0x00007FF60F9A5AD4]\n\tGetHandleVerifier [0x00007FF60FECD5BB+3695675]\n\tGetHandleVerifier [0x00007FF60FF26197+4059159]\n\tGetHandleVerifier [0x00007FF60FF1DF63+4025827]\n\tGetHandleVerifier [0x00007FF60FBEF029+687785]\n\t(No symbol) [0x00007FF60FACB508]\n\t(No symbol) [0x00007FF60FAC7564]\n\t(No symbol) [0x00007FF60FAC76E9]\n\t(No symbol) [0x00007FF60FAB8094]\n\tBaseThreadInitThunk [0x00007FFD67CF7344+20]\n\tRtlUserThreadStart [0x00007FFD68E1CC91+33]\n"}, "parameters": [{"name": "arg1", "value": "https://www.barrons.com/articles/buy-under-armour-stock-pick-51650672000"}], "start": 1719932454899, "stop": 1719932454899}], "start": 1719932449745, "stop": 1719932454899}, {"name": "SeleniumLibrary.Wait Until Page Contains Element", "status": "skipped", "statusDetails": {"message": "SessionNotCreatedException: Message: session not created: This version of ChromeDriver only supports Chrome version 120\nCurrent browser version is 126.0.6478.127 with binary path C:\\Program Files\\Google\\Chrome\\Application\\chrome.exe\nStacktrace:\n\tGetHandleVerifier [0x00007FF60FB54D02+56194]\n\t(No symbol) [0x00007FF60FAC04B2]\n\t(No symbol) [0x00007FF60F9676AA]\n\t(No symbol) [0x00007FF60F9A1652]\n\t(No symbol) [0x00007FF60F9A094D]\n\t(No symbol) [0x00007FF60F99B84F]\n\t(No symbol) [0x00007FF60F997DC2]\n\t(No symbol) [0x00007FF60F9E0954]\n\t(No symbol) [0x00007FF60F9D5C23]\n\t(No symbol) [0x00007FF60F9A4A45]\n\t(No symbol) [0x00007FF60F9A5AD4]\n\tGetHandleVerifier [0x00007FF60FECD5BB+3695675]\n\tGetHandleVerifier [0x00007FF60FF26197+4059159]\n\tGetHandleVerifier [0x00007FF60FF1DF63+4025827]\n\tGetHandleVerifier [0x00007FF60FBEF029+687785]\n\t(No symbol) [0x00007FF60FACB508]\n\t(No symbol) [0x00007FF60FAC7564]\n\t(No symbol) [0x00007FF60FAC76E9]\n\t(No symbol) [0x00007FF60FAB8094]\n\tBaseThreadInitThunk [0x00007FFD67CF7344+20]\n\tRtlUserThreadStart [0x00007FFD68E1CC91+33]\n"}, "parameters": [{"name": "arg1", "value": "dom:${JSFollowButtonBarronsPath}"}], "start": 1719932454899, "stop": 1719932454900}, {"name": "SeleniumLibrary.Maximize Browser Window", "status": "skipped", "statusDetails": {"message": "SessionNotCreatedException: Message: session not created: This version of ChromeDriver only supports Chrome version 120\nCurrent browser version is 126.0.6478.127 with binary path C:\\Program Files\\Google\\Chrome\\Application\\chrome.exe\nStacktrace:\n\tGetHandleVerifier [0x00007FF60FB54D02+56194]\n\t(No symbol) [0x00007FF60FAC04B2]\n\t(No symbol) [0x00007FF60F9676AA]\n\t(No symbol) [0x00007FF60F9A1652]\n\t(No symbol) [0x00007FF60F9A094D]\n\t(No symbol) [0x00007FF60F99B84F]\n\t(No symbol) [0x00007FF60F997DC2]\n\t(No symbol) [0x00007FF60F9E0954]\n\t(No symbol) [0x00007FF60F9D5C23]\n\t(No symbol) [0x00007FF60F9A4A45]\n\t(No symbol) [0x00007FF60F9A5AD4]\n\tGetHandleVerifier [0x00007FF60FECD5BB+3695675]\n\tGetHandleVerifier [0x00007FF60FF26197+4059159]\n\tGetHandleVerifier [0x00007FF60FF1DF63+4025827]\n\tGetHandleVerifier [0x00007FF60FBEF029+687785]\n\t(No symbol) [0x00007FF60FACB508]\n\t(No symbol) [0x00007FF60FAC7564]\n\t(No symbol) [0x00007FF60FAC76E9]\n\t(No symbol) [0x00007FF60FAB8094]\n\tBaseThreadInitThunk [0x00007FFD67CF7344+20]\n\tRtlUserThreadStart [0x00007FFD68E1CC91+33]\n"}, "start": 1719932454900, "stop": 1719932454900}], "stop": 1719932454900}], "afters": [{"name": "CommonFunctionality.Finish Testcase", "status": "passed", "statusDetails": {"message": "SessionNotCreatedException: Message: session not created: This version of ChromeDriver only supports Chrome version 120\nCurrent browser version is 126.0.6478.127 with binary path C:\\Program Files\\Google\\Chrome\\Application\\chrome.exe\nStacktrace:\n\tGetHandleVerifier [0x00007FF60FB54D02+56194]\n\t(No symbol) [0x00007FF60FAC04B2]\n\t(No symbol) [0x00007FF60F9676AA]\n\t(No symbol) [0x00007FF60F9A1652]\n\t(No symbol) [0x00007FF60F9A094D]\n\t(No symbol) [0x00007FF60F99B84F]\n\t(No symbol) [0x00007FF60F997DC2]\n\t(No symbol) [0x00007FF60F9E0954]\n\t(No symbol) [0x00007FF60F9D5C23]\n\t(No symbol) [0x00007FF60F9A4A45]\n\t(No symbol) [0x00007FF60F9A5AD4]\n\tGetHandleVerifier [0x00007FF60FECD5BB+3695675]\n\tGetHandleVerifier [0x00007FF60FF26197+4059159]\n\tGetHandleVerifier [0x00007FF60FF1DF63+4025827]\n\tGetHandleVerifier [0x00007FF60FBEF029+687785]\n\t(No symbol) [0x00007FF60FACB508]\n\t(No symbol) [0x00007FF60FAC7564]\n\t(No symbol) [0x00007FF60FAC76E9]\n\t(No symbol) [0x00007FF60FAB8094]\n\tBaseThreadInitThunk [0x00007FFD67CF7344+20]\n\tRtlUserThreadStart [0x00007FFD68E1CC91+33]\n"}, "steps": [{"name": "SeleniumLibrary.Close Browser", "status": "passed", "statusDetails": {"message": "SessionNotCreatedException: Message: session not created: This version of ChromeDriver only supports Chrome version 120\nCurrent browser version is 126.0.6478.127 with binary path C:\\Program Files\\Google\\Chrome\\Application\\chrome.exe\nStacktrace:\n\tGetHandleVerifier [0x00007FF60FB54D02+56194]\n\t(No symbol) [0x00007FF60FAC04B2]\n\t(No symbol) [0x00007FF60F9676AA]\n\t(No symbol) [0x00007FF60F9A1652]\n\t(No symbol) [0x00007FF60F9A094D]\n\t(No symbol) [0x00007FF60F99B84F]\n\t(No symbol) [0x00007FF60F997DC2]\n\t(No symbol) [0x00007FF60F9E0954]\n\t(No symbol) [0x00007FF60F9D5C23]\n\t(No symbol) [0x00007FF60F9A4A45]\n\t(No symbol) [0x00007FF60F9A5AD4]\n\tGetHandleVerifier [0x00007FF60FECD5BB+3695675]\n\tGetHandleVerifier [0x00007FF60FF26197+4059159]\n\tGetHandleVerifier [0x00007FF60FF1DF63+4025827]\n\tGetHandleVerifier [0x00007FF60FBEF029+687785]\n\t(No symbol) [0x00007FF60FACB508]\n\t(No symbol) [0x00007FF60FAC7564]\n\t(No symbol) [0x00007FF60FAC76E9]\n\t(No symbol) [0x00007FF60FAB8094]\n\tBaseThreadInitThunk [0x00007FFD67CF7344+20]\n\tRtlUserThreadStart [0x00007FFD68E1CC91+33]\n"}, "start": 1719932454902, "stop": 1719932454902}], "stop": 1719932454902}]}