<?xml version="1.0" encoding="UTF-8"?>
<robot generator="Robot 6.1.1 (Python 3.12.5 on win32)" generated="20241018 01:10:45.525" rpa="false" schemaversion="4">
<suite id="s1" name="Userservices-Qa-Automation" source="D:\Users\sasikumarj\PycharmProjects\userservices-qa-automation">
<suite id="s1-s1" name="Panda-Qa" source="D:\Users\sasikumarj\PycharmProjects\userservices-qa-automation\panda-qa">
<suite id="s1-s1-s1" name="Tests" source="D:\Users\sasikumarj\PycharmProjects\userservices-qa-automation\panda-qa\Tests">
<suite id="s1-s1-s1-s1" name="FollowWidget" source="D:\Users\sasikumarj\PycharmProjects\userservices-qa-automation\panda-qa\Tests\FollowWidget">
<suite id="s1-s1-s1-s1-s1" name="Regression" source="D:\Users\sasikumarj\PycharmProjects\userservices-qa-automation\panda-qa\Tests\FollowWidget\Regression">
<suite id="s1-s1-s1-s1-s1-s1" name="Barrons Regression" source="D:\Users\sasikumarj\PycharmProjects\userservices-qa-automation\panda-qa\Tests\FollowWidget\Regression\Barrons_Regression.robot">
<test id="s1-s1-s1-s1-s1-s1-t1" name="Validate the Barrons Preference Center page" line="43">
<kw name="Start Barrons Article" library="CommonFunctionality" type="SETUP">
<kw name="Set Selenium Speed" library="SeleniumLibrary">
<arg>20 seconds</arg>
<doc>Sets the delay that is waited after each Selenium command.</doc>
<status status="PASS" starttime="20241018 01:10:45.917" endtime="20241018 01:10:45.919"/>
</kw>
<kw name="Set Browser Options" library="CommonFunctionality">
<var>${options}</var>
<if>
<branch type="IF" condition="&quot;${Browser}&quot; == &quot;firefox&quot;">
<kw name="Evaluate" library="BuiltIn">
<var>${options}</var>
<arg>selenium.webdriver.FirefoxOptions()</arg>
<doc>Evaluates the given expression in Python and returns the result.</doc>
<status status="NOT RUN" starttime="20241018 01:10:45.923" endtime="20241018 01:10:45.924"/>
</kw>
<kw name="Call Method" library="BuiltIn">
<arg>${options}</arg>
<arg>add_argument</arg>
<arg>--CreateProfile</arg>
<doc>Calls the named method of the given object with the provided arguments.</doc>
<status status="NOT RUN" starttime="20241018 01:10:45.926" endtime="20241018 01:10:45.927"/>
</kw>
<kw name="Call Method" library="BuiltIn">
<arg>${options}</arg>
<arg>add_argument</arg>
<arg>--start-maximized</arg>
<doc>Calls the named method of the given object with the provided arguments.</doc>
<status status="NOT RUN" starttime="20241018 01:10:45.929" endtime="20241018 01:10:45.929"/>
</kw>
<kw name="Call Method" library="BuiltIn">
<arg>${options}</arg>
<arg>add_argument</arg>
<arg>--disable-dev-shm-usage</arg>
<doc>Calls the named method of the given object with the provided arguments.</doc>
<status status="NOT RUN" starttime="20241018 01:10:45.931" endtime="20241018 01:10:45.933"/>
</kw>
<kw name="Call Method" library="BuiltIn">
<arg>${options}</arg>
<arg>add_argument</arg>
<arg>--no-sandbox</arg>
<doc>Calls the named method of the given object with the provided arguments.</doc>
<status status="NOT RUN" starttime="20241018 01:10:45.935" endtime="20241018 01:10:45.936"/>
</kw>
<kw name="Call Method" library="BuiltIn">
<arg>${options}</arg>
<arg>add_argument</arg>
<arg>--disable-gpu</arg>
<doc>Calls the named method of the given object with the provided arguments.</doc>
<status status="NOT RUN" starttime="20241018 01:10:45.937" endtime="20241018 01:10:45.938"/>
</kw>
<kw name="Call Method" library="BuiltIn">
<arg>${options}</arg>
<arg>add_argument</arg>
<arg>--headless</arg>
<doc>Calls the named method of the given object with the provided arguments.</doc>
<status status="NOT RUN" starttime="20241018 01:10:45.940" endtime="20241018 01:10:45.940"/>
</kw>
<kw name="Call Method" library="BuiltIn">
<arg>${options}</arg>
<arg>add_argument</arg>
<arg>--devtools.debugger.force-local</arg>
<doc>Calls the named method of the given object with the provided arguments.</doc>
<status status="NOT RUN" starttime="20241018 01:10:45.943" endtime="20241018 01:10:45.944"/>
</kw>
<kw name="Call Method" library="BuiltIn">
<arg>${options}</arg>
<arg>add_argument</arg>
<arg>--devtools.debugger.remote-enabled</arg>
<doc>Calls the named method of the given object with the provided arguments.</doc>
<status status="NOT RUN" starttime="20241018 01:10:45.946" endtime="20241018 01:10:45.947"/>
</kw>
<kw name="Call Method" library="BuiltIn">
<arg>${options}</arg>
<arg>add_argument</arg>
<arg>--devtools.chrome.enabled</arg>
<doc>Calls the named method of the given object with the provided arguments.</doc>
<status status="NOT RUN" starttime="20241018 01:10:45.949" endtime="20241018 01:10:45.950"/>
</kw>
<kw name="Call Method" library="BuiltIn">
<arg>${options}</arg>
<arg>add_argument</arg>
<arg>--devtools.debugger.prompt-connection</arg>
<doc>Calls the named method of the given object with the provided arguments.</doc>
<status status="NOT RUN" starttime="20241018 01:10:45.951" endtime="20241018 01:10:45.952"/>
</kw>
<kw name="Call Method" library="BuiltIn">
<arg>${options}</arg>
<arg>add_argument</arg>
<arg>--browser.dom.window.dump.enabled</arg>
<doc>Calls the named method of the given object with the provided arguments.</doc>
<status status="NOT RUN" starttime="20241018 01:10:45.953" endtime="20241018 01:10:45.954"/>
</kw>
<return>
<value>${options}</value>
<status status="NOT RUN" starttime="20241018 01:10:45.955" endtime="20241018 01:10:45.955"/>
</return>
<status status="NOT RUN" starttime="20241018 01:10:45.922" endtime="20241018 01:10:45.957"/>
</branch>
<branch type="ELSE IF" condition="&quot;${Browser}&quot; == &quot;chrome&quot;">
<kw name="Evaluate" library="BuiltIn">
<var>${options}</var>
<arg>selenium.webdriver.ChromeOptions()</arg>
<doc>Evaluates the given expression in Python and returns the result.</doc>
<msg timestamp="20241018 01:10:45.960" level="INFO">${options} = &lt;selenium.webdriver.chrome.options.Options object at 0x000001E9A1DB66F0&gt;</msg>
<status status="PASS" starttime="20241018 01:10:45.959" endtime="20241018 01:10:45.961"/>
</kw>
<kw name="Call Method" library="BuiltIn">
<arg>${options}</arg>
<arg>add_argument</arg>
<arg>--start-maximized</arg>
<doc>Calls the named method of the given object with the provided arguments.</doc>
<status status="PASS" starttime="20241018 01:10:45.965" endtime="20241018 01:10:45.965"/>
</kw>
<kw name="Call Method" library="BuiltIn">
<arg>${options}</arg>
<arg>add_argument</arg>
<arg>--disable-dev-shm-usage</arg>
<doc>Calls the named method of the given object with the provided arguments.</doc>
<status status="PASS" starttime="20241018 01:10:45.967" endtime="20241018 01:10:45.967"/>
</kw>
<kw name="Call Method" library="BuiltIn">
<arg>${options}</arg>
<arg>add_argument</arg>
<arg>--no-sandbox</arg>
<doc>Calls the named method of the given object with the provided arguments.</doc>
<status status="PASS" starttime="20241018 01:10:45.969" endtime="20241018 01:10:45.969"/>
</kw>
<kw name="Call Method" library="BuiltIn">
<arg>${options}</arg>
<arg>add_argument</arg>
<arg>--headless</arg>
<doc>Calls the named method of the given object with the provided arguments.</doc>
<status status="PASS" starttime="20241018 01:10:45.971" endtime="20241018 01:10:45.971"/>
</kw>
<kw name="Call Method" library="BuiltIn">
<arg>${options}</arg>
<arg>add_argument</arg>
<arg>--disable-gpu</arg>
<doc>Calls the named method of the given object with the provided arguments.</doc>
<status status="PASS" starttime="20241018 01:10:45.972" endtime="20241018 01:10:45.973"/>
</kw>
<kw name="Call Method" library="BuiltIn">
<arg>${options}</arg>
<arg>add_argument</arg>
<arg>--ignore-certificate-errors</arg>
<doc>Calls the named method of the given object with the provided arguments.</doc>
<status status="PASS" starttime="20241018 01:10:45.974" endtime="20241018 01:10:45.975"/>
</kw>
<kw name="Call Method" library="BuiltIn">
<arg>${options}</arg>
<arg>add_argument</arg>
<arg>--disable-extensions</arg>
<doc>Calls the named method of the given object with the provided arguments.</doc>
<status status="PASS" starttime="20241018 01:10:45.976" endtime="20241018 01:10:45.977"/>
</kw>
<kw name="Call Method" library="BuiltIn">
<arg>${options}</arg>
<arg>add_argument</arg>
<arg>--no-user-gesture-required</arg>
<doc>Calls the named method of the given object with the provided arguments.</doc>
<status status="PASS" starttime="20241018 01:10:45.978" endtime="20241018 01:10:45.980"/>
</kw>
<kw name="Call Method" library="BuiltIn">
<arg>${options}</arg>
<arg>add_argument</arg>
<arg>--no-first-run</arg>
<doc>Calls the named method of the given object with the provided arguments.</doc>
<status status="PASS" starttime="20241018 01:10:45.982" endtime="20241018 01:10:45.983"/>
</kw>
<kw name="Call Method" library="BuiltIn">
<arg>${options}</arg>
<arg>add_argument</arg>
<arg>--use-fake-ui-for-media-stream</arg>
<doc>Calls the named method of the given object with the provided arguments.</doc>
<status status="PASS" starttime="20241018 01:10:45.984" endtime="20241018 01:10:45.984"/>
</kw>
<kw name="Call Method" library="BuiltIn">
<arg>${options}</arg>
<arg>add_argument</arg>
<arg>--use-fake-device-for-media-stream</arg>
<doc>Calls the named method of the given object with the provided arguments.</doc>
<status status="PASS" starttime="20241018 01:10:45.986" endtime="20241018 01:10:45.987"/>
</kw>
<kw name="Call Method" library="BuiltIn">
<arg>${options}</arg>
<arg>add_argument</arg>
<arg>--disable-sync</arg>
<doc>Calls the named method of the given object with the provided arguments.</doc>
<status status="PASS" starttime="20241018 01:10:45.989" endtime="20241018 01:10:45.989"/>
</kw>
<return>
<value>${options}</value>
<status status="PASS" starttime="20241018 01:10:45.990" endtime="20241018 01:10:45.991"/>
</return>
<status status="PASS" starttime="20241018 01:10:45.959" endtime="20241018 01:10:45.992"/>
</branch>
<status status="PASS" starttime="20241018 01:10:45.922" endtime="20241018 01:10:45.993"/>
</if>
<msg timestamp="20241018 01:10:45.994" level="INFO">${options} = &lt;selenium.webdriver.chrome.options.Options object at 0x000001E9A1DB66F0&gt;</msg>
<status status="PASS" starttime="20241018 01:10:45.920" endtime="20241018 01:10:45.994"/>
</kw>
<if>
<branch type="IF" condition="&quot;${Env}&quot; == &quot;prod&quot;">
<kw name="Open Browser" library="SeleniumLibrary">
<arg>https://www.barrons.com</arg>
<arg>${Browser}</arg>
<arg>options=${options}</arg>
<doc>Opens a new browser instance to the optional ``url``.</doc>
<status status="NOT RUN" starttime="20241018 01:10:45.996" endtime="20241018 01:10:45.997"/>
</kw>
<kw name="Go To" library="SeleniumLibrary">
<arg>https://www.barrons.com/articles/wendys-wen-stock-earnings-51652268634</arg>
<doc>Navigates the current browser window to the provided ``url``.</doc>
<status status="NOT RUN" starttime="20241018 01:10:45.998" endtime="20241018 01:10:45.999"/>
</kw>
<status status="NOT RUN" starttime="20241018 01:10:45.995" endtime="20241018 01:10:46.001"/>
</branch>
<branch type="ELSE IF" condition="&quot;${Env}&quot; == &quot;dev&quot;">
<kw name="Open Browser" library="SeleniumLibrary">
<arg>https://www.barrons.com</arg>
<arg>${Browser}</arg>
<arg>options=${options}</arg>
<doc>Opens a new browser instance to the optional ``url``.</doc>
<msg timestamp="20241018 01:10:46.004" level="INFO">Opening browser 'chrome' to base url 'https://www.barrons.com'.</msg>
<msg timestamp="20241018 01:10:47.357" level="INFO">Completed setup!</msg>
<msg timestamp="20241018 01:10:48.122" level="INFO">Cannot capture screenshot because no browser is open.</msg>
<msg timestamp="20241018 01:10:48.123" level="FAIL">WebDriverException: Message: Automate testing time expired.
</msg>
<status status="FAIL" starttime="20241018 01:10:46.003" endtime="20241018 01:10:48.132"/>
</kw>
<kw name="Go To" library="SeleniumLibrary">
<arg>https://www.s.dev.barrons.com/articles/buy-under-armour-stock-pick-51650672000</arg>
<doc>Navigates the current browser window to the provided ``url``.</doc>
<status status="NOT RUN" starttime="20241018 01:10:48.133" endtime="20241018 01:10:48.134"/>
</kw>
<status status="FAIL" starttime="20241018 01:10:46.002" endtime="20241018 01:10:48.135"/>
</branch>
<status status="FAIL" starttime="20241018 01:10:45.995" endtime="20241018 01:10:48.136"/>
</if>
<kw name="Wait Until Page Contains Element" library="SeleniumLibrary">
<arg>dom:${JSFollowButtonBarronsPath}</arg>
<doc>Waits until the element ``locator`` appears on the current page.</doc>
<status status="NOT RUN" starttime="20241018 01:10:48.136" endtime="20241018 01:10:48.137"/>
</kw>
<kw name="Maximize Browser Window" library="SeleniumLibrary">
<doc>Maximizes current browser window.</doc>
<status status="NOT RUN" starttime="20241018 01:10:48.137" endtime="20241018 01:10:48.138"/>
</kw>
<status status="FAIL" starttime="20241018 01:10:45.915" endtime="20241018 01:10:48.139"/>
</kw>
<kw name="Finish Testcase" library="CommonFunctionality" type="TEARDOWN">
<kw name="Close Browser" library="SeleniumLibrary">
<doc>Closes the current browser.</doc>
<status status="PASS" starttime="20241018 01:10:48.141" endtime="20241018 01:10:48.143"/>
</kw>
<status status="PASS" starttime="20241018 01:10:48.140" endtime="20241018 01:10:48.144"/>
</kw>
<doc>This test case validates the barrons preference center page</doc>
<tag>477</tag>
<tag>Barrons</tag>
<tag>PreferenceCenter</tag>
<tag>Regression</tag>
<status status="FAIL" starttime="20241018 01:10:45.910" endtime="20241018 01:10:48.146">Setup failed:
WebDriverException: Message: Automate testing time expired.
</status>
</test>
<doc>Barrons Regression Tests</doc>
<status status="FAIL" starttime="20241018 01:10:45.583" endtime="20241018 01:10:48.147"/>
</suite>
<status status="FAIL" starttime="20241018 01:10:45.578" endtime="20241018 01:10:48.150"/>
</suite>
<status status="FAIL" starttime="20241018 01:10:45.574" endtime="20241018 01:10:48.152"/>
</suite>
<status status="FAIL" starttime="20241018 01:10:45.561" endtime="20241018 01:10:48.154"/>
</suite>
<status status="FAIL" starttime="20241018 01:10:45.555" endtime="20241018 01:10:48.156"/>
</suite>
<status status="FAIL" starttime="20241018 01:10:45.532" endtime="20241018 01:10:48.157"/>
</suite>
<statistics>
<total>
<stat pass="0" fail="1" skip="0">All Tests</stat>
</total>
<tag>
<stat pass="0" fail="1" skip="0">477</stat>
<stat pass="0" fail="1" skip="0">Barrons</stat>
<stat pass="0" fail="1" skip="0">PreferenceCenter</stat>
<stat pass="0" fail="1" skip="0">Regression</stat>
</tag>
<suite>
<stat pass="0" fail="1" skip="0" id="s1" name="Userservices-Qa-Automation">Userservices-Qa-Automation</stat>
<stat pass="0" fail="1" skip="0" id="s1-s1" name="Panda-Qa">Userservices-Qa-Automation.Panda-Qa</stat>
<stat pass="0" fail="1" skip="0" id="s1-s1-s1" name="Tests">Userservices-Qa-Automation.Panda-Qa.Tests</stat>
<stat pass="0" fail="1" skip="0" id="s1-s1-s1-s1" name="FollowWidget">Userservices-Qa-Automation.Panda-Qa.Tests.FollowWidget</stat>
<stat pass="0" fail="1" skip="0" id="s1-s1-s1-s1-s1" name="Regression">Userservices-Qa-Automation.Panda-Qa.Tests.FollowWidget.Regression</stat>
<stat pass="0" fail="1" skip="0" id="s1-s1-s1-s1-s1-s1" name="Barrons Regression">Userservices-Qa-Automation.Panda-Qa.Tests.FollowWidget.Regression.Barrons Regression</stat>
</suite>
</statistics>
<errors>
</errors>
</robot>
