[ WARN ] Multiple tests with name 'Validate the WSJ Preference Center page' executed in suite 'Userservices-Qa-Automation.Panda-Qa.Tests.FollowWidget.Regression.WSJ Regression'.
[ WARN ] Multiple tests with name 'Validate WSJ Legacy company Tesla to be added to New Preference Center' executed in suite 'Userservices-Qa-Automation.Panda-Qa.Tests.FollowWidget.Regression.WSJ Regression'.
[ WARN ] Keyword 'Capture Page Screenshot' could not be run on failure: Message: Session not started or terminated

[ ERROR ] Unexpected error: WebDriverException: Message: Session not started or terminated

Traceback (most recent call last):
  File "D:\Users\sasikumarj\AppData\Local\Programs\Python\Python312\Lib\site-packages\robot\utils\application.py", line 81, in _execute
    rc = self.main(arguments, **options)
         ^^^^^^^^^^^^^^^^^^^^^^^^^^^^^^^
  File "D:\Users\sasikumarj\AppData\Local\Programs\Python\Python312\Lib\site-packages\robot\run.py", line 458, in main
    result = suite.run(settings)
             ^^^^^^^^^^^^^^^^^^^
  File "D:\Users\sasikumarj\AppData\Local\Programs\Python\Python312\Lib\site-packages\robot\running\model.py", line 606, in run
    self.visit(runner)
  File "D:\Users\sasikumarj\AppData\Local\Programs\Python\Python312\Lib\site-packages\robot\model\testsuite.py", line 426, in visit
    visitor.visit_suite(self)
  File "D:\Users\sasikumarj\AppData\Local\Programs\Python\Python312\Lib\site-packages\robot\model\visitor.py", line 131, in visit_suite
    suite.suites.visit(self)
  File "D:\Users\sasikumarj\AppData\Local\Programs\Python\Python312\Lib\site-packages\robot\model\itemlist.py", line 102, in visit
    item.visit(visitor)    # type: ignore
    ^^^^^^^^^^^^^^^^^^^
  File "D:\Users\sasikumarj\AppData\Local\Programs\Python\Python312\Lib\site-packages\robot\model\testsuite.py", line 426, in visit
    visitor.visit_suite(self)
  File "D:\Users\sasikumarj\AppData\Local\Programs\Python\Python312\Lib\site-packages\robot\model\visitor.py", line 131, in visit_suite
    suite.suites.visit(self)
  File "D:\Users\sasikumarj\AppData\Local\Programs\Python\Python312\Lib\site-packages\robot\model\itemlist.py", line 102, in visit
    item.visit(visitor)    # type: ignore
    ^^^^^^^^^^^^^^^^^^^
  File "D:\Users\sasikumarj\AppData\Local\Programs\Python\Python312\Lib\site-packages\robot\model\testsuite.py", line 426, in visit
    visitor.visit_suite(self)
  File "D:\Users\sasikumarj\AppData\Local\Programs\Python\Python312\Lib\site-packages\robot\model\visitor.py", line 131, in visit_suite
    suite.suites.visit(self)
  File "D:\Users\sasikumarj\AppData\Local\Programs\Python\Python312\Lib\site-packages\robot\model\itemlist.py", line 102, in visit
    item.visit(visitor)    # type: ignore
    ^^^^^^^^^^^^^^^^^^^
  File "D:\Users\sasikumarj\AppData\Local\Programs\Python\Python312\Lib\site-packages\robot\model\testsuite.py", line 426, in visit
    visitor.visit_suite(self)
  File "D:\Users\sasikumarj\AppData\Local\Programs\Python\Python312\Lib\site-packages\robot\model\visitor.py", line 131, in visit_suite
    suite.suites.visit(self)
  File "D:\Users\sasikumarj\AppData\Local\Programs\Python\Python312\Lib\site-packages\robot\model\itemlist.py", line 102, in visit
    item.visit(visitor)    # type: ignore
    ^^^^^^^^^^^^^^^^^^^
  File "D:\Users\sasikumarj\AppData\Local\Programs\Python\Python312\Lib\site-packages\robot\model\testsuite.py", line 426, in visit
    visitor.visit_suite(self)
  File "D:\Users\sasikumarj\AppData\Local\Programs\Python\Python312\Lib\site-packages\robot\model\visitor.py", line 131, in visit_suite
    suite.suites.visit(self)
  File "D:\Users\sasikumarj\AppData\Local\Programs\Python\Python312\Lib\site-packages\robot\model\itemlist.py", line 102, in visit
    item.visit(visitor)    # type: ignore
    ^^^^^^^^^^^^^^^^^^^
  File "D:\Users\sasikumarj\AppData\Local\Programs\Python\Python312\Lib\site-packages\robot\model\testsuite.py", line 426, in visit
    visitor.visit_suite(self)
  File "D:\Users\sasikumarj\AppData\Local\Programs\Python\Python312\Lib\site-packages\robot\model\visitor.py", line 132, in visit_suite
    suite.tests.visit(self)
  File "D:\Users\sasikumarj\AppData\Local\Programs\Python\Python312\Lib\site-packages\robot\model\itemlist.py", line 102, in visit
    item.visit(visitor)    # type: ignore
    ^^^^^^^^^^^^^^^^^^^
  File "D:\Users\sasikumarj\AppData\Local\Programs\Python\Python312\Lib\site-packages\robot\model\testcase.py", line 186, in visit
    visitor.visit_test(self)
  File "D:\Users\sasikumarj\AppData\Local\Programs\Python\Python312\Lib\site-packages\robot\running\suiterunner.py", line 192, in visit_test
    self._output.end_test(ModelCombiner(test, result))
  File "D:\Users\sasikumarj\AppData\Local\Programs\Python\Python312\Lib\site-packages\browserstack_sdk\__init__.py", line 1582, in bstack1lll11111l_opy_
    bstack1lllll11_opy_(test, bstack1l1l1111l1_opy_)
  File "D:\Users\sasikumarj\AppData\Local\Programs\Python\Python312\Lib\site-packages\browserstack_sdk\__init__.py", line 1569, in bstack1lllll11_opy_
    bstack1lllll1ll1_opy_(driver, bstack1l1l1111l1_opy_)
  File "D:\Users\sasikumarj\AppData\Local\Programs\Python\Python312\Lib\site-packages\browserstack_sdk\__init__.py", line 1486, in bstack1lllll1ll1_opy_
    driver.execute_script(bstack1l111l1l1_opy_)
  File "D:\Users\sasikumarj\AppData\Local\Programs\Python\Python312\Lib\site-packages\selenium\webdriver\remote\webdriver.py", line 414, in execute_script
    return self.execute(command, {"script": script, "args": converted_args})["value"]
           ^^^^^^^^^^^^^^^^^^^^^^^^^^^^^^^^^^^^^^^^^^^^^^^^^^^^^^^^^^^^^^^^^
  File "D:\Users\sasikumarj\AppData\Local\Programs\Python\Python312\Lib\site-packages\SeleniumLibrary\keywords\browsermanagement.py", line 785, in execute
    result = self._base_execute(driver_command, params)
             ^^^^^^^^^^^^^^^^^^^^^^^^^^^^^^^^^^^^^^^^^^
  File "D:\Users\sasikumarj\AppData\Local\Programs\Python\Python312\Lib\site-packages\browserstack_sdk\__init__.py", line 1178, in bstack1ll1111l11_opy_
    response = bstack1l1l1ll1l1_opy_(self, driver_command, *args, **kwargs)
               ^^^^^^^^^^^^^^^^^^^^^^^^^^^^^^^^^^^^^^^^^^^^^^^^^^^^^^^^^^^^
  File "D:\Users\sasikumarj\AppData\Local\Programs\Python\Python312\Lib\site-packages\selenium\webdriver\remote\webdriver.py", line 354, in execute
    self.error_handler.check_response(response)
  File "D:\Users\sasikumarj\AppData\Local\Programs\Python\Python312\Lib\site-packages\selenium\webdriver\remote\errorhandler.py", line 229, in check_response
    raise exception_class(message, screen, stacktrace)
selenium.common.exceptions.WebDriverException: Message: Session not started or terminated
