
20:55:23 [browserstack_sdk.__init__][INFO] - Project and debug logs are captured by default. To disable, set disableAutoCaptureLogs: true in config.

20:55:24 [browserstack_sdk.__init__][INFO] - Setting up for Browserstack, using framework: robot
==============================================================================
Userservices-Qa-Automation                                                    
==============================================================================
Userservices-Qa-Automation.Panda-Qa                                           
==============================================================================
Userservices-Qa-Automation.Panda-Qa.Tests                                     
==============================================================================
Userservices-Qa-Automation.Panda-Qa.Tests.FollowWidget                        
==============================================================================
Userservices-Qa-Automation.Panda-Qa.Tests.FollowWidget.Regression             
==============================================================================
Userservices-Qa-Automation.Panda-Qa.Tests.FollowWidget.Regression.PEN Regre...
==============================================================================
Validate the PEN Preference Center page :: This test case validate... 
20:55:26 [browserstack_sdk.__init__][INFO] - Completed setup!
| PASS |
------------------------------------------------------------------------------
Validate Authors for PEN Article page without byline :: This test ... 
20:57:28 [browserstack_sdk.__init__][INFO] - Completed setup!

20:57:47 [browserstack_sdk.__init__][INFO] - Completed setup!
| PASS |
------------------------------------------------------------------------------
Validate the PEN digest notification :: This test case validates t... 
20:58:09 [browserstack_sdk.__init__][INFO] - Completed setup!
| FAIL |
Element '//div[@id="groupHeaderTop results"]/../div[2]' did not appear in 5 seconds.
------------------------------------------------------------------------------
Validate the PEN real-time author notification :: This test case v... 
21:00:58 [browserstack_sdk.__init__][INFO] - Completed setup!
| FAIL |
Setup failed:
JavascriptException: Message: javascript error: Cannot read properties of null (reading 'shadowRoot')
  (Session info: chrome=132.0.6834.84)
Stacktrace:
	GetHandleVerifier [0x00007FF6A23FFBE5+28741]
	(No symbol) [0x00007FF6A2367890]
	(No symbol) [0x00007FF6A2204FDA]
	(No symbol) [0x00007FF6A220BC22]
	(No symbol) [0x00007FF6A220ECD8]
	(No symbol) [0x00007FF6A22A1390]
	(No symbol) [0x00007FF6A227FF0A]
	(No symbol) [0x00007FF6A22A00B4]
	(No symbol) [0x00007FF6A227FCB3]
	(No symbol) [0x00007FF6A2249FB3]
	(No symbol) [0x00007FF6A224B331]
	GetHandleVerifier [0x00007FF6A273A73D+3414941]
	GetHandleVerifier [0x00007FF6A274E64A+3496618]
	GetHandleVerifier [0x00007FF6A274413D+3454365]
	GetHandleVerifier [0x00007FF6A24C848B+850155]
	(No symbol) [0x00007FF6A23737FF]
	(No symbol) [0x00007FF6A236F0C4]
	(No symbol) [0x00007FF6A236F25D]
	(No symbol) [0x00007FF6A235E079]
	BaseThreadInitThunk [0x00007FFCF2563034+20]
	RtlUserThreadStart [0x00007FFCF2831551+33]
------------------------------------------------------------------------------
Validate the PEN real-time company notification :: This test case ... 
21:01:19 [browserstack_sdk.__init__][INFO] - Completed setup!
| PASS |
------------------------------------------------------------------------------
Validate Postback on Preference Center :: This test case validates... 
21:03:26 [browserstack_sdk.__init__][INFO] - Completed setup!
| FAIL |
WebDriverException: Message: Session not started or terminated
------------------------------------------------------------------------------
Validate Private Equity News Capabilities Dashboard for Author :: ... 
21:04:16 [browserstack_sdk.__init__][INFO] - Completed setup!
| FAIL |
WebDriverException: Message: Session not started or terminated
------------------------------------------------------------------------------
Validate Private Equity News Capabilities Dashboard for Company ::... 
21:04:56 [browserstack_sdk.__init__][INFO] - Completed setup!
| FAIL |
WebDriverException: Message: Session not started or terminated
------------------------------------------------------------------------------
Userservices-Qa-Automation.Panda-Qa.Tests.FollowWidget.Regression.... | FAIL |
8 tests, 3 passed, 5 failed
==============================================================================
Userservices-Qa-Automation.Panda-Qa.Tests.FollowWidget.Regression     | FAIL |
8 tests, 3 passed, 5 failed
==============================================================================
Userservices-Qa-Automation.Panda-Qa.Tests.FollowWidget                | FAIL |
8 tests, 3 passed, 5 failed
==============================================================================
Userservices-Qa-Automation.Panda-Qa.Tests                             | FAIL |
8 tests, 3 passed, 5 failed
==============================================================================
Userservices-Qa-Automation.Panda-Qa                                   | FAIL |
8 tests, 3 passed, 5 failed
==============================================================================
Userservices-Qa-Automation                                            | FAIL |
8 tests, 3 passed, 5 failed
==============================================================================
Output:  D:\Users\sasikumarj\PycharmProjects\userservices-qa-automation\resultspabot\pabot_results\10\output.xml

21:05:30 [browserstack_sdk.__init__][INFO] - Handling session close

21:05:32 [browserstack_sdk.__init__][INFO] - All done!
