<?xml version="1.0" encoding="UTF-8"?>
<robot generator="Robot 6.1.1 (Python 3.12.0 on win32)" generated="20240307 20:10:13.334" rpa="false" schemaversion="4">
<suite id="s1" name="Panda-Qa-Develop" source="D:\Users\khanduria\PycharmProjects\panda-qa-develop">
<suite id="s1-s1" name="Panda-Qa" source="D:\Users\khanduria\PycharmProjects\panda-qa-develop\panda-qa">
<suite id="s1-s1-s1" name="Tests" source="D:\Users\khanduria\PycharmProjects\panda-qa-develop\panda-qa\Tests">
<suite id="s1-s1-s1-s1" name="FollowWidget" source="D:\Users\khanduria\PycharmProjects\panda-qa-develop\panda-qa\Tests\FollowWidget">
<suite id="s1-s1-s1-s1-s1" name="Regression" source="D:\Users\khanduria\PycharmProjects\panda-qa-develop\panda-qa\Tests\FollowWidget\Regression">
<suite id="s1-s1-s1-s1-s1-s1" name="Sailthru Regression" source="D:\Users\khanduria\PycharmProjects\panda-qa-develop\panda-qa\Tests\FollowWidget\Regression\Sailthru_Regression.robot">
<test id="s1-s1-s1-s1-s1-s1-t1" name="Validate the Sailthru page for ST author" line="15">
<kw name="Start Sailthru Page" library="CommonFunctionality" type="SETUP">
<kw name="Set Selenium Speed" library="SeleniumLibrary">
<arg>0.5 seconds</arg>
<doc>Sets the delay that is waited after each Selenium command.</doc>
<status status="PASS" starttime="20240307 20:10:13.804" endtime="20240307 20:10:13.804"/>
</kw>
<kw name="Set Browser Options" library="CommonFunctionality">
<var>${options}</var>
<if>
<branch type="IF" condition="&quot;${Browser}&quot; == &quot;firefox&quot;">
<kw name="Evaluate" library="BuiltIn">
<var>${options}</var>
<arg>selenium.webdriver.FirefoxOptions()</arg>
<doc>Evaluates the given expression in Python and returns the result.</doc>
<status status="NOT RUN" starttime="20240307 20:10:13.805" endtime="20240307 20:10:13.805"/>
</kw>
<kw name="Call Method" library="BuiltIn">
<arg>${options}</arg>
<arg>add_argument</arg>
<arg>--CreateProfile</arg>
<doc>Calls the named method of the given object with the provided arguments.</doc>
<status status="NOT RUN" starttime="20240307 20:10:13.805" endtime="20240307 20:10:13.805"/>
</kw>
<kw name="Call Method" library="BuiltIn">
<arg>${options}</arg>
<arg>add_argument</arg>
<arg>--start-maximized</arg>
<doc>Calls the named method of the given object with the provided arguments.</doc>
<status status="NOT RUN" starttime="20240307 20:10:13.805" endtime="20240307 20:10:13.805"/>
</kw>
<kw name="Call Method" library="BuiltIn">
<arg>${options}</arg>
<arg>add_argument</arg>
<arg>--disable-dev-shm-usage</arg>
<doc>Calls the named method of the given object with the provided arguments.</doc>
<status status="NOT RUN" starttime="20240307 20:10:13.805" endtime="20240307 20:10:13.805"/>
</kw>
<kw name="Call Method" library="BuiltIn">
<arg>${options}</arg>
<arg>add_argument</arg>
<arg>--no-sandbox</arg>
<doc>Calls the named method of the given object with the provided arguments.</doc>
<status status="NOT RUN" starttime="20240307 20:10:13.805" endtime="20240307 20:10:13.805"/>
</kw>
<kw name="Call Method" library="BuiltIn">
<arg>${options}</arg>
<arg>add_argument</arg>
<arg>--disable-gpu</arg>
<doc>Calls the named method of the given object with the provided arguments.</doc>
<status status="NOT RUN" starttime="20240307 20:10:13.805" endtime="20240307 20:10:13.805"/>
</kw>
<kw name="Call Method" library="BuiltIn">
<arg>${options}</arg>
<arg>add_argument</arg>
<arg>--headless</arg>
<doc>Calls the named method of the given object with the provided arguments.</doc>
<status status="NOT RUN" starttime="20240307 20:10:13.805" endtime="20240307 20:10:13.805"/>
</kw>
<kw name="Call Method" library="BuiltIn">
<arg>${options}</arg>
<arg>add_argument</arg>
<arg>--devtools.debugger.force-local</arg>
<doc>Calls the named method of the given object with the provided arguments.</doc>
<status status="NOT RUN" starttime="20240307 20:10:13.805" endtime="20240307 20:10:13.806"/>
</kw>
<kw name="Call Method" library="BuiltIn">
<arg>${options}</arg>
<arg>add_argument</arg>
<arg>--devtools.debugger.remote-enabled</arg>
<doc>Calls the named method of the given object with the provided arguments.</doc>
<status status="NOT RUN" starttime="20240307 20:10:13.806" endtime="20240307 20:10:13.806"/>
</kw>
<kw name="Call Method" library="BuiltIn">
<arg>${options}</arg>
<arg>add_argument</arg>
<arg>--devtools.chrome.enabled</arg>
<doc>Calls the named method of the given object with the provided arguments.</doc>
<status status="NOT RUN" starttime="20240307 20:10:13.806" endtime="20240307 20:10:13.806"/>
</kw>
<kw name="Call Method" library="BuiltIn">
<arg>${options}</arg>
<arg>add_argument</arg>
<arg>--devtools.debugger.prompt-connection</arg>
<doc>Calls the named method of the given object with the provided arguments.</doc>
<status status="NOT RUN" starttime="20240307 20:10:13.806" endtime="20240307 20:10:13.806"/>
</kw>
<kw name="Call Method" library="BuiltIn">
<arg>${options}</arg>
<arg>add_argument</arg>
<arg>--browser.dom.window.dump.enabled</arg>
<doc>Calls the named method of the given object with the provided arguments.</doc>
<status status="NOT RUN" starttime="20240307 20:10:13.806" endtime="20240307 20:10:13.806"/>
</kw>
<return>
<value>${options}</value>
<status status="NOT RUN" starttime="20240307 20:10:13.806" endtime="20240307 20:10:13.806"/>
</return>
<status status="NOT RUN" starttime="20240307 20:10:13.805" endtime="20240307 20:10:13.806"/>
</branch>
<branch type="ELSE IF" condition="&quot;${Browser}&quot; == &quot;chrome&quot;">
<kw name="Evaluate" library="BuiltIn">
<var>${options}</var>
<arg>selenium.webdriver.ChromeOptions()</arg>
<doc>Evaluates the given expression in Python and returns the result.</doc>
<status status="NOT RUN" starttime="20240307 20:10:13.806" endtime="20240307 20:10:13.806"/>
</kw>
<kw name="Call Method" library="BuiltIn">
<arg>${options}</arg>
<arg>add_argument</arg>
<arg>--start-maximized</arg>
<doc>Calls the named method of the given object with the provided arguments.</doc>
<status status="NOT RUN" starttime="20240307 20:10:13.806" endtime="20240307 20:10:13.806"/>
</kw>
<kw name="Call Method" library="BuiltIn">
<arg>${options}</arg>
<arg>add_argument</arg>
<arg>--disable-dev-shm-usage</arg>
<doc>Calls the named method of the given object with the provided arguments.</doc>
<status status="NOT RUN" starttime="20240307 20:10:13.806" endtime="20240307 20:10:13.806"/>
</kw>
<kw name="Call Method" library="BuiltIn">
<arg>${options}</arg>
<arg>add_argument</arg>
<arg>--no-sandbox</arg>
<doc>Calls the named method of the given object with the provided arguments.</doc>
<status status="NOT RUN" starttime="20240307 20:10:13.807" endtime="20240307 20:10:13.807"/>
</kw>
<kw name="Call Method" library="BuiltIn">
<arg>${options}</arg>
<arg>add_argument</arg>
<arg>--headless</arg>
<doc>Calls the named method of the given object with the provided arguments.</doc>
<status status="NOT RUN" starttime="20240307 20:10:13.807" endtime="20240307 20:10:13.807"/>
</kw>
<kw name="Call Method" library="BuiltIn">
<arg>${options}</arg>
<arg>add_argument</arg>
<arg>--disable-gpu</arg>
<doc>Calls the named method of the given object with the provided arguments.</doc>
<status status="NOT RUN" starttime="20240307 20:10:13.807" endtime="20240307 20:10:13.807"/>
</kw>
<kw name="Call Method" library="BuiltIn">
<arg>${options}</arg>
<arg>add_argument</arg>
<arg>--ignore-certificate-errors</arg>
<doc>Calls the named method of the given object with the provided arguments.</doc>
<status status="NOT RUN" starttime="20240307 20:10:13.807" endtime="20240307 20:10:13.807"/>
</kw>
<kw name="Call Method" library="BuiltIn">
<arg>${options}</arg>
<arg>add_argument</arg>
<arg>--disable-extensions</arg>
<doc>Calls the named method of the given object with the provided arguments.</doc>
<status status="NOT RUN" starttime="20240307 20:10:13.807" endtime="20240307 20:10:13.807"/>
</kw>
<kw name="Call Method" library="BuiltIn">
<arg>${options}</arg>
<arg>add_argument</arg>
<arg>--no-user-gesture-required</arg>
<doc>Calls the named method of the given object with the provided arguments.</doc>
<status status="NOT RUN" starttime="20240307 20:10:13.807" endtime="20240307 20:10:13.807"/>
</kw>
<kw name="Call Method" library="BuiltIn">
<arg>${options}</arg>
<arg>add_argument</arg>
<arg>--no-first-run</arg>
<doc>Calls the named method of the given object with the provided arguments.</doc>
<status status="NOT RUN" starttime="20240307 20:10:13.807" endtime="20240307 20:10:13.807"/>
</kw>
<kw name="Call Method" library="BuiltIn">
<arg>${options}</arg>
<arg>add_argument</arg>
<arg>--use-fake-ui-for-media-stream</arg>
<doc>Calls the named method of the given object with the provided arguments.</doc>
<status status="NOT RUN" starttime="20240307 20:10:13.807" endtime="20240307 20:10:13.807"/>
</kw>
<kw name="Call Method" library="BuiltIn">
<arg>${options}</arg>
<arg>add_argument</arg>
<arg>--use-fake-device-for-media-stream</arg>
<doc>Calls the named method of the given object with the provided arguments.</doc>
<status status="NOT RUN" starttime="20240307 20:10:13.807" endtime="20240307 20:10:13.807"/>
</kw>
<kw name="Call Method" library="BuiltIn">
<arg>${options}</arg>
<arg>add_argument</arg>
<arg>--disable-sync</arg>
<doc>Calls the named method of the given object with the provided arguments.</doc>
<status status="NOT RUN" starttime="20240307 20:10:13.807" endtime="20240307 20:10:13.807"/>
</kw>
<return>
<value>${options}</value>
<status status="NOT RUN" starttime="20240307 20:10:13.807" endtime="20240307 20:10:13.807"/>
</return>
<status status="NOT RUN" starttime="20240307 20:10:13.806" endtime="20240307 20:10:13.808"/>
</branch>
<status status="PASS" starttime="20240307 20:10:13.805" endtime="20240307 20:10:13.808"/>
</if>
<msg timestamp="20240307 20:10:13.809" level="INFO">${options} = None</msg>
<status status="PASS" starttime="20240307 20:10:13.804" endtime="20240307 20:10:13.809"/>
</kw>
<if>
<branch type="IF" condition="&quot;${Env}&quot; == &quot;prod&quot;">
<kw name="Open Browser" library="SeleniumLibrary">
<arg>https://my.sailthru.com/</arg>
<arg>${Browser}</arg>
<arg>options=${options}</arg>
<doc>Opens a new browser instance to the optional ``url``.</doc>
<status status="NOT RUN" starttime="20240307 20:10:13.809" endtime="20240307 20:10:13.809"/>
</kw>
<kw name="Go To" library="SeleniumLibrary">
<arg>https://my.sailthru.com/</arg>
<doc>Navigates the current browser window to the provided ``url``.</doc>
<status status="NOT RUN" starttime="20240307 20:10:13.809" endtime="20240307 20:10:13.809"/>
</kw>
<status status="NOT RUN" starttime="20240307 20:10:13.809" endtime="20240307 20:10:13.809"/>
</branch>
<branch type="ELSE IF" condition="&quot;${Env}&quot; == &quot;dev&quot;">
<kw name="Open Browser" library="SeleniumLibrary">
<arg>https://my.sailthru.com/</arg>
<arg>${Browser}</arg>
<arg>options=${options}</arg>
<doc>Opens a new browser instance to the optional ``url``.</doc>
<msg timestamp="20240307 20:10:13.810" level="INFO">Opening browser 'ff' to base url 'https://my.sailthru.com/'.</msg>
<msg timestamp="20240307 20:10:19.093" level="INFO">Cannot capture screenshot because no browser is open.</msg>
<msg timestamp="20240307 20:10:19.093" level="FAIL">WebDriverException: Message: Process unexpectedly closed with status 0
</msg>
<status status="FAIL" starttime="20240307 20:10:13.809" endtime="20240307 20:10:19.112"/>
</kw>
<kw name="Go To" library="SeleniumLibrary">
<arg>https://my.sailthru.com/</arg>
<doc>Navigates the current browser window to the provided ``url``.</doc>
<status status="NOT RUN" starttime="20240307 20:10:19.112" endtime="20240307 20:10:19.112"/>
</kw>
<status status="FAIL" starttime="20240307 20:10:13.809" endtime="20240307 20:10:19.112"/>
</branch>
<status status="FAIL" starttime="20240307 20:10:13.809" endtime="20240307 20:10:19.112"/>
</if>
<kw name="Maximize Browser Window" library="SeleniumLibrary">
<doc>Maximizes current browser window.</doc>
<status status="NOT RUN" starttime="20240307 20:10:19.112" endtime="20240307 20:10:19.113"/>
</kw>
<status status="FAIL" starttime="20240307 20:10:13.804" endtime="20240307 20:10:19.113"/>
</kw>
<kw name="Finish Testcase" library="CommonFunctionality" type="TEARDOWN">
<kw name="Close Browser" library="SeleniumLibrary">
<doc>Closes the current browser.</doc>
<status status="PASS" starttime="20240307 20:10:19.114" endtime="20240307 20:10:19.114"/>
</kw>
<status status="PASS" starttime="20240307 20:10:19.113" endtime="20240307 20:10:19.114"/>
</kw>
<doc>This test case validates the WSJ follow dashboard for ST author</doc>
<tag>Regression PreferenceCenterAuthor</tag>
<tag>Sailthru</tag>
<tag>TagWSA</tag>
<status status="FAIL" starttime="20240307 20:10:13.803" endtime="20240307 20:10:19.115">Setup failed:
WebDriverException: Message: Process unexpectedly closed with status 0
</status>
</test>
<doc>Sailthru Regression Tests</doc>
<status status="FAIL" starttime="20240307 20:10:13.390" endtime="20240307 20:10:19.118"/>
</suite>
<status status="FAIL" starttime="20240307 20:10:13.386" endtime="20240307 20:10:19.120"/>
</suite>
<status status="FAIL" starttime="20240307 20:10:13.382" endtime="20240307 20:10:19.124"/>
</suite>
<status status="FAIL" starttime="20240307 20:10:13.379" endtime="20240307 20:10:19.125"/>
</suite>
<status status="FAIL" starttime="20240307 20:10:13.375" endtime="20240307 20:10:19.126"/>
</suite>
<status status="FAIL" starttime="20240307 20:10:13.337" endtime="20240307 20:10:19.129"/>
</suite>
<statistics>
<total>
<stat pass="0" fail="1" skip="0">All Tests</stat>
</total>
<tag>
<stat pass="0" fail="1" skip="0">Regression PreferenceCenterAuthor</stat>
<stat pass="0" fail="1" skip="0">Sailthru</stat>
<stat pass="0" fail="1" skip="0">TagWSA</stat>
</tag>
<suite>
<stat pass="0" fail="1" skip="0" id="s1" name="Panda-Qa-Develop">Panda-Qa-Develop</stat>
<stat pass="0" fail="1" skip="0" id="s1-s1" name="Panda-Qa">Panda-Qa-Develop.Panda-Qa</stat>
<stat pass="0" fail="1" skip="0" id="s1-s1-s1" name="Tests">Panda-Qa-Develop.Panda-Qa.Tests</stat>
<stat pass="0" fail="1" skip="0" id="s1-s1-s1-s1" name="FollowWidget">Panda-Qa-Develop.Panda-Qa.Tests.FollowWidget</stat>
<stat pass="0" fail="1" skip="0" id="s1-s1-s1-s1-s1" name="Regression">Panda-Qa-Develop.Panda-Qa.Tests.FollowWidget.Regression</stat>
<stat pass="0" fail="1" skip="0" id="s1-s1-s1-s1-s1-s1" name="Sailthru Regression">Panda-Qa-Develop.Panda-Qa.Tests.FollowWidget.Regression.Sailthru Regression</stat>
</suite>
</statistics>
<errors>
<msg timestamp="20240307 20:10:13.799" level="ERROR">Error in file 'D:\Users\khanduria\PycharmProjects\panda-qa-develop\panda-qa\Tests\FollowWidget\Regression\Sailthru_Regression.robot' on line 6: Resource file '..\..\..\Resources\PageObjects\WSJSailthru.robot' does not exist.</msg>
</errors>
</robot>
