<?xml version="1.0" encoding="UTF-8"?>
<robot generator="Robot 6.1.1 (Python 3.12.5 on win32)" generated="20240926 16:22:29.208" rpa="false" schemaversion="4">
<suite id="s1" name="Userservices-Qa-Automation" source="D:\Users\sasikumarj\PycharmProjects\userservices-qa-automation">
<suite id="s1-s1" name="Panda-Qa" source="D:\Users\sasikumarj\PycharmProjects\userservices-qa-automation\panda-qa">
<suite id="s1-s1-s1" name="Tests" source="D:\Users\sasikumarj\PycharmProjects\userservices-qa-automation\panda-qa\Tests">
<suite id="s1-s1-s1-s1" name="FollowWidget" source="D:\Users\sasikumarj\PycharmProjects\userservices-qa-automation\panda-qa\Tests\FollowWidget">
<suite id="s1-s1-s1-s1-s1" name="Regression" source="D:\Users\sasikumarj\PycharmProjects\userservices-qa-automation\panda-qa\Tests\FollowWidget\Regression">
<suite id="s1-s1-s1-s1-s1-s1" name="MarketWatch Regression" source="D:\Users\sasikumarj\PycharmProjects\userservices-qa-automation\panda-qa\Tests\FollowWidget\Regression\MarketWatch_Regression.robot">
<test id="s1-s1-s1-s1-s1-s1-t1" name="Validate the MarketWatch Newsletter" line="120">
<kw name="CommonFunctionality.Start MarketWatch Newsletter">
<msg timestamp="20240926 16:22:29.296" level="FAIL">No keyword with name 'CommonFunctionality.Start MarketWatch Newsletter' found.</msg>
<status status="FAIL" starttime="20240926 16:22:29.296" endtime="20240926 16:22:29.296"/>
</kw>
<kw name="DefinedKeywords.Market Watch Sign In Process">
<status status="NOT RUN" starttime="20240926 16:22:29.300" endtime="20240926 16:22:29.300"/>
</kw>
<kw name="Set Selenium Implicit Wait">
<arg>20</arg>
<status status="NOT RUN" starttime="20240926 16:22:29.302" endtime="20240926 16:22:29.302"/>
</kw>
<kw name="MarketWatchAlertsPage.Validate Newsletters option on MW Preference Center">
<status status="NOT RUN" starttime="20240926 16:22:29.303" endtime="20240926 16:22:29.303"/>
</kw>
<kw name="MarketWatchAlertsPage.Click Newsletters option on MW Preference Center">
<status status="NOT RUN" starttime="20240926 16:22:29.305" endtime="20240926 16:22:29.305"/>
</kw>
<kw name="Execute javascript">
<arg>window.scrollTo(0,500)</arg>
<status status="NOT RUN" starttime="20240926 16:22:29.308" endtime="20240926 16:22:29.308"/>
</kw>
<kw name="Set Selenium Implicit Wait">
<arg>10</arg>
<status status="NOT RUN" starttime="20240926 16:22:29.309" endtime="20240926 16:22:29.309"/>
</kw>
<kw name="MarketWatchAlertsPage.Validation of subscription to Mutual Funds Weekly newsletters">
<status status="NOT RUN" starttime="20240926 16:22:29.312" endtime="20240926 16:22:29.312"/>
</kw>
<kw name="MarketWatchAlertsPage.Validation of Unsubscripton of Mutual Funds Weekly newsletters">
<status status="NOT RUN" starttime="20240926 16:22:29.313" endtime="20240926 16:22:29.313"/>
</kw>
<kw name="Maximize Browser Window">
<status status="NOT RUN" starttime="20240926 16:22:29.315" endtime="20240926 16:22:29.317"/>
</kw>
<error>
<value>END</value>
<status status="NOT RUN" starttime="20240926 16:22:29.317" endtime="20240926 16:22:29.317"/>
</error>
<doc>This test case validates the MarketWatch price and volume alerts on the Quote page</doc>
<tag>Regression</tag>
<tag>TagMWNews</tag>
<status status="FAIL" starttime="20240926 16:22:29.294" endtime="20240926 16:22:29.318">No keyword with name 'CommonFunctionality.Start MarketWatch Newsletter' found.</status>
</test>
<status status="FAIL" starttime="20240926 16:22:29.289" endtime="20240926 16:22:29.320"/>
</suite>
<status status="FAIL" starttime="20240926 16:22:29.284" endtime="20240926 16:22:29.324"/>
</suite>
<status status="FAIL" starttime="20240926 16:22:29.280" endtime="20240926 16:22:29.326"/>
</suite>
<status status="FAIL" starttime="20240926 16:22:29.274" endtime="20240926 16:22:29.328"/>
</suite>
<status status="FAIL" starttime="20240926 16:22:29.270" endtime="20240926 16:22:29.330"/>
</suite>
<status status="FAIL" starttime="20240926 16:22:29.212" endtime="20240926 16:22:29.332"/>
</suite>
<statistics>
<total>
<stat pass="0" fail="1" skip="0">All Tests</stat>
</total>
<tag>
<stat pass="0" fail="1" skip="0">Regression</stat>
<stat pass="0" fail="1" skip="0">TagMWNews</stat>
</tag>
<suite>
<stat pass="0" fail="1" skip="0" id="s1" name="Userservices-Qa-Automation">Userservices-Qa-Automation</stat>
<stat pass="0" fail="1" skip="0" id="s1-s1" name="Panda-Qa">Userservices-Qa-Automation.Panda-Qa</stat>
<stat pass="0" fail="1" skip="0" id="s1-s1-s1" name="Tests">Userservices-Qa-Automation.Panda-Qa.Tests</stat>
<stat pass="0" fail="1" skip="0" id="s1-s1-s1-s1" name="FollowWidget">Userservices-Qa-Automation.Panda-Qa.Tests.FollowWidget</stat>
<stat pass="0" fail="1" skip="0" id="s1-s1-s1-s1-s1" name="Regression">Userservices-Qa-Automation.Panda-Qa.Tests.FollowWidget.Regression</stat>
<stat pass="0" fail="1" skip="0" id="s1-s1-s1-s1-s1-s1" name="MarketWatch Regression">Userservices-Qa-Automation.Panda-Qa.Tests.FollowWidget.Regression.MarketWatch Regression</stat>
</suite>
</statistics>
<errors>
</errors>
</robot>
