<?xml version="1.0" encoding="UTF-8"?>
<robot generator="Robot 6.1.1 (Python 3.12.0 on win32)" generated="20240305 19:36:27.449" rpa="false" schemaversion="4">
<suite id="s1" name="Panda-Qa-Develop" source="D:\Users\khanduria\PycharmProjects\panda-qa-develop">
<suite id="s1-s1" name="Panda-Qa" source="D:\Users\khanduria\PycharmProjects\panda-qa-develop\panda-qa">
<suite id="s1-s1-s1" name="Tests" source="D:\Users\khanduria\PycharmProjects\panda-qa-develop\panda-qa\Tests">
<suite id="s1-s1-s1-s1" name="FollowWidget" source="D:\Users\khanduria\PycharmProjects\panda-qa-develop\panda-qa\Tests\FollowWidget">
<suite id="s1-s1-s1-s1-s1" name="Regression" source="D:\Users\khanduria\PycharmProjects\panda-qa-develop\panda-qa\Tests\FollowWidget\Regression">
<suite id="s1-s1-s1-s1-s1-s1" name="Sailthru Regression" source="D:\Users\khanduria\PycharmProjects\panda-qa-develop\panda-qa\Tests\FollowWidget\Regression\Sailthru_Regression.robot">
<test id="s1-s1-s1-s1-s1-s1-t1" name="Validate the Sailthru page for ST author" line="15">
<kw name="Start Sailthru Page" library="CommonFunctionality" type="SETUP">
<kw name="Set Selenium Speed" library="SeleniumLibrary">
<arg>0.5 seconds</arg>
<doc>Sets the delay that is waited after each Selenium command.</doc>
<status status="PASS" starttime="20240305 19:36:27.908" endtime="20240305 19:36:27.909"/>
</kw>
<kw name="Set Browser Options" library="CommonFunctionality">
<var>${options}</var>
<if>
<branch type="IF" condition="&quot;${Browser}&quot; == &quot;firefox&quot;">
<kw name="Evaluate" library="BuiltIn">
<var>${options}</var>
<arg>selenium.webdriver.FirefoxOptions()</arg>
<doc>Evaluates the given expression in Python and returns the result.</doc>
<status status="NOT RUN" starttime="20240305 19:36:27.909" endtime="20240305 19:36:27.909"/>
</kw>
<kw name="Call Method" library="BuiltIn">
<arg>${options}</arg>
<arg>add_argument</arg>
<arg>--CreateProfile</arg>
<doc>Calls the named method of the given object with the provided arguments.</doc>
<status status="NOT RUN" starttime="20240305 19:36:27.910" endtime="20240305 19:36:27.910"/>
</kw>
<kw name="Call Method" library="BuiltIn">
<arg>${options}</arg>
<arg>add_argument</arg>
<arg>--start-maximized</arg>
<doc>Calls the named method of the given object with the provided arguments.</doc>
<status status="NOT RUN" starttime="20240305 19:36:27.910" endtime="20240305 19:36:27.910"/>
</kw>
<kw name="Call Method" library="BuiltIn">
<arg>${options}</arg>
<arg>add_argument</arg>
<arg>--disable-dev-shm-usage</arg>
<doc>Calls the named method of the given object with the provided arguments.</doc>
<status status="NOT RUN" starttime="20240305 19:36:27.910" endtime="20240305 19:36:27.910"/>
</kw>
<kw name="Call Method" library="BuiltIn">
<arg>${options}</arg>
<arg>add_argument</arg>
<arg>--no-sandbox</arg>
<doc>Calls the named method of the given object with the provided arguments.</doc>
<status status="NOT RUN" starttime="20240305 19:36:27.910" endtime="20240305 19:36:27.910"/>
</kw>
<kw name="Call Method" library="BuiltIn">
<arg>${options}</arg>
<arg>add_argument</arg>
<arg>--disable-gpu</arg>
<doc>Calls the named method of the given object with the provided arguments.</doc>
<status status="NOT RUN" starttime="20240305 19:36:27.910" endtime="20240305 19:36:27.910"/>
</kw>
<kw name="Call Method" library="BuiltIn">
<arg>${options}</arg>
<arg>add_argument</arg>
<arg>--headless</arg>
<doc>Calls the named method of the given object with the provided arguments.</doc>
<status status="NOT RUN" starttime="20240305 19:36:27.910" endtime="20240305 19:36:27.910"/>
</kw>
<kw name="Call Method" library="BuiltIn">
<arg>${options}</arg>
<arg>add_argument</arg>
<arg>--devtools.debugger.force-local</arg>
<doc>Calls the named method of the given object with the provided arguments.</doc>
<status status="NOT RUN" starttime="20240305 19:36:27.910" endtime="20240305 19:36:27.910"/>
</kw>
<kw name="Call Method" library="BuiltIn">
<arg>${options}</arg>
<arg>add_argument</arg>
<arg>--devtools.debugger.remote-enabled</arg>
<doc>Calls the named method of the given object with the provided arguments.</doc>
<status status="NOT RUN" starttime="20240305 19:36:27.910" endtime="20240305 19:36:27.910"/>
</kw>
<kw name="Call Method" library="BuiltIn">
<arg>${options}</arg>
<arg>add_argument</arg>
<arg>--devtools.chrome.enabled</arg>
<doc>Calls the named method of the given object with the provided arguments.</doc>
<status status="NOT RUN" starttime="20240305 19:36:27.910" endtime="20240305 19:36:27.910"/>
</kw>
<kw name="Call Method" library="BuiltIn">
<arg>${options}</arg>
<arg>add_argument</arg>
<arg>--devtools.debugger.prompt-connection</arg>
<doc>Calls the named method of the given object with the provided arguments.</doc>
<status status="NOT RUN" starttime="20240305 19:36:27.910" endtime="20240305 19:36:27.910"/>
</kw>
<kw name="Call Method" library="BuiltIn">
<arg>${options}</arg>
<arg>add_argument</arg>
<arg>--browser.dom.window.dump.enabled</arg>
<doc>Calls the named method of the given object with the provided arguments.</doc>
<status status="NOT RUN" starttime="20240305 19:36:27.910" endtime="20240305 19:36:27.911"/>
</kw>
<return>
<value>${options}</value>
<status status="NOT RUN" starttime="20240305 19:36:27.911" endtime="20240305 19:36:27.912"/>
</return>
<status status="NOT RUN" starttime="20240305 19:36:27.909" endtime="20240305 19:36:27.912"/>
</branch>
<branch type="ELSE IF" condition="&quot;${Browser}&quot; == &quot;chrome&quot;">
<kw name="Evaluate" library="BuiltIn">
<var>${options}</var>
<arg>selenium.webdriver.ChromeOptions()</arg>
<doc>Evaluates the given expression in Python and returns the result.</doc>
<msg timestamp="20240305 19:36:27.912" level="INFO">${options} = &lt;selenium.webdriver.chrome.options.Options object at 0x000001FC195F3B60&gt;</msg>
<status status="PASS" starttime="20240305 19:36:27.912" endtime="20240305 19:36:27.912"/>
</kw>
<kw name="Call Method" library="BuiltIn">
<arg>${options}</arg>
<arg>add_argument</arg>
<arg>--start-maximized</arg>
<doc>Calls the named method of the given object with the provided arguments.</doc>
<status status="PASS" starttime="20240305 19:36:27.912" endtime="20240305 19:36:27.912"/>
</kw>
<kw name="Call Method" library="BuiltIn">
<arg>${options}</arg>
<arg>add_argument</arg>
<arg>--disable-dev-shm-usage</arg>
<doc>Calls the named method of the given object with the provided arguments.</doc>
<status status="PASS" starttime="20240305 19:36:27.912" endtime="20240305 19:36:27.913"/>
</kw>
<kw name="Call Method" library="BuiltIn">
<arg>${options}</arg>
<arg>add_argument</arg>
<arg>--no-sandbox</arg>
<doc>Calls the named method of the given object with the provided arguments.</doc>
<status status="PASS" starttime="20240305 19:36:27.913" endtime="20240305 19:36:27.913"/>
</kw>
<kw name="Call Method" library="BuiltIn">
<arg>${options}</arg>
<arg>add_argument</arg>
<arg>--headless</arg>
<doc>Calls the named method of the given object with the provided arguments.</doc>
<status status="PASS" starttime="20240305 19:36:27.913" endtime="20240305 19:36:27.913"/>
</kw>
<kw name="Call Method" library="BuiltIn">
<arg>${options}</arg>
<arg>add_argument</arg>
<arg>--disable-gpu</arg>
<doc>Calls the named method of the given object with the provided arguments.</doc>
<status status="PASS" starttime="20240305 19:36:27.913" endtime="20240305 19:36:27.913"/>
</kw>
<kw name="Call Method" library="BuiltIn">
<arg>${options}</arg>
<arg>add_argument</arg>
<arg>--ignore-certificate-errors</arg>
<doc>Calls the named method of the given object with the provided arguments.</doc>
<status status="PASS" starttime="20240305 19:36:27.913" endtime="20240305 19:36:27.913"/>
</kw>
<kw name="Call Method" library="BuiltIn">
<arg>${options}</arg>
<arg>add_argument</arg>
<arg>--disable-extensions</arg>
<doc>Calls the named method of the given object with the provided arguments.</doc>
<status status="PASS" starttime="20240305 19:36:27.914" endtime="20240305 19:36:27.914"/>
</kw>
<kw name="Call Method" library="BuiltIn">
<arg>${options}</arg>
<arg>add_argument</arg>
<arg>--no-user-gesture-required</arg>
<doc>Calls the named method of the given object with the provided arguments.</doc>
<status status="PASS" starttime="20240305 19:36:27.914" endtime="20240305 19:36:27.914"/>
</kw>
<kw name="Call Method" library="BuiltIn">
<arg>${options}</arg>
<arg>add_argument</arg>
<arg>--no-first-run</arg>
<doc>Calls the named method of the given object with the provided arguments.</doc>
<status status="PASS" starttime="20240305 19:36:27.914" endtime="20240305 19:36:27.914"/>
</kw>
<kw name="Call Method" library="BuiltIn">
<arg>${options}</arg>
<arg>add_argument</arg>
<arg>--use-fake-ui-for-media-stream</arg>
<doc>Calls the named method of the given object with the provided arguments.</doc>
<status status="PASS" starttime="20240305 19:36:27.914" endtime="20240305 19:36:27.915"/>
</kw>
<kw name="Call Method" library="BuiltIn">
<arg>${options}</arg>
<arg>add_argument</arg>
<arg>--use-fake-device-for-media-stream</arg>
<doc>Calls the named method of the given object with the provided arguments.</doc>
<status status="PASS" starttime="20240305 19:36:27.915" endtime="20240305 19:36:27.915"/>
</kw>
<kw name="Call Method" library="BuiltIn">
<arg>${options}</arg>
<arg>add_argument</arg>
<arg>--disable-sync</arg>
<doc>Calls the named method of the given object with the provided arguments.</doc>
<status status="PASS" starttime="20240305 19:36:27.915" endtime="20240305 19:36:27.915"/>
</kw>
<return>
<value>${options}</value>
<status status="PASS" starttime="20240305 19:36:27.916" endtime="20240305 19:36:27.916"/>
</return>
<status status="PASS" starttime="20240305 19:36:27.912" endtime="20240305 19:36:27.916"/>
</branch>
<status status="PASS" starttime="20240305 19:36:27.909" endtime="20240305 19:36:27.916"/>
</if>
<msg timestamp="20240305 19:36:27.916" level="INFO">${options} = &lt;selenium.webdriver.chrome.options.Options object at 0x000001FC195F3B60&gt;</msg>
<status status="PASS" starttime="20240305 19:36:27.909" endtime="20240305 19:36:27.916"/>
</kw>
<if>
<branch type="IF" condition="&quot;${Env}&quot; == &quot;prod&quot;">
<kw name="Open Browser" library="SeleniumLibrary">
<arg>https://www.sailthru.com</arg>
<arg>${Browser}</arg>
<arg>options=${options}</arg>
<doc>Opens a new browser instance to the optional ``url``.</doc>
<status status="NOT RUN" starttime="20240305 19:36:27.916" endtime="20240305 19:36:27.916"/>
</kw>
<kw name="Go To" library="SeleniumLibrary">
<arg>https://login.sailthru.com/u/login/identifier?state=hKFo2SBzVlExaTIyc3FUbGQtT2l2NE0zbkhSMVlxN083OWNJc6Fur3VuaXZlcnNhbC1sb2dpbqN0aWTZIDdqQmpDZ3duMEp2SE11aDduU1JLSzJ3WTRqT1E2RGFGo2NpZNkgeEtmRXhYazVyeGZTN01pbzJkcFRadzI1eHp5UHF4bjM</arg>
<doc>Navigates the current browser window to the provided ``url``.</doc>
<status status="NOT RUN" starttime="20240305 19:36:27.917" endtime="20240305 19:36:27.917"/>
</kw>
<status status="NOT RUN" starttime="20240305 19:36:27.916" endtime="20240305 19:36:27.917"/>
</branch>
<branch type="ELSE IF" condition="&quot;${Env}&quot; == &quot;dev&quot;">
<kw name="Open Browser" library="SeleniumLibrary">
<arg>https://www.sailthru.com</arg>
<arg>${Browser}</arg>
<arg>options=${options}</arg>
<doc>Opens a new browser instance to the optional ``url``.</doc>
<msg timestamp="20240305 19:36:27.918" level="INFO">Opening browser 'chrome' to base url 'https://www.sailthru.com'.</msg>
<msg timestamp="20240305 19:36:29.699" level="WARN">The chromedriver version (113.0.5672.24) detected in PATH at D:\Users\khanduria\Browsers\chromedriver.exe might not be compatible with the detected chrome version (122.0.6261.95); currently, chromedriver 122.0.6261.94 is recommended for chrome 122.*, so it is advised to delete the driver in PATH and retry</msg>
<msg timestamp="20240305 19:36:33.332" level="INFO">Cannot capture screenshot because no browser is open.</msg>
<msg timestamp="20240305 19:36:33.332" level="FAIL">SessionNotCreatedException: Message: session not created: This version of ChromeDriver only supports Chrome version 113
Current browser version is 122.0.6261.95 with binary path C:\Program Files\Google\Chrome\Application\chrome.exe
Stacktrace:
Backtrace:
	GetHandleVerifier [0x00806DF3+48691]
	(No symbol) [0x00798CC1]
	(No symbol) [0x006A5068]
	(No symbol) [0x006C5DAC]
	(No symbol) [0x006C1AB3]
	(No symbol) [0x006C0029]
	(No symbol) [0x006F07A8]
	(No symbol) [0x006F048C]
	(No symbol) [0x006EA0C6]
	(No symbol) [0x006C7E18]
	(No symbol) [0x006C8F3D]
	GetHandleVerifier [0x00A64EAA+2531050]
	GetHandleVerifier [0x00AA4B60+2792352]
	GetHandleVerifier [0x00A9E6EC+2766636]
	GetHandleVerifier [0x00890820+612448]
	(No symbol) [0x007A25BC]
	(No symbol) [0x0079E808]
	(No symbol) [0x0079E8EB]
	(No symbol) [0x00791C77]
	BaseThreadInitThunk [0x7658FCC9+25]
	RtlGetAppContainerNamedObjectPath [0x77497C5E+286]
	RtlGetAppContainerNamedObjectPath [0x77497C2E+238]
</msg>
<status status="FAIL" starttime="20240305 19:36:27.917" endtime="20240305 19:36:33.351"/>
</kw>
<kw name="Go To" library="SeleniumLibrary">
<arg>https://login.sailthru.com/u/login/identifier?state=hKFo2SBzVlExaTIyc3FUbGQtT2l2NE0zbkhSMVlxN083OWNJc6Fur3VuaXZlcnNhbC1sb2dpbqN0aWTZIDdqQmpDZ3duMEp2SE11aDduU1JLSzJ3WTRqT1E2RGFGo2NpZNkgeEtmRXhYazVyeGZTN01pbzJkcFRadzI1eHp5UHF4bjM</arg>
<doc>Navigates the current browser window to the provided ``url``.</doc>
<status status="NOT RUN" starttime="20240305 19:36:33.352" endtime="20240305 19:36:33.352"/>
</kw>
<status status="FAIL" starttime="20240305 19:36:27.917" endtime="20240305 19:36:33.352"/>
</branch>
<status status="FAIL" starttime="20240305 19:36:27.916" endtime="20240305 19:36:33.352"/>
</if>
<kw name="Maximize Browser Window" library="SeleniumLibrary">
<doc>Maximizes current browser window.</doc>
<status status="NOT RUN" starttime="20240305 19:36:33.352" endtime="20240305 19:36:33.352"/>
</kw>
<status status="FAIL" starttime="20240305 19:36:27.908" endtime="20240305 19:36:33.353"/>
</kw>
<kw name="Finish Testcase" library="CommonFunctionality" type="TEARDOWN">
<kw name="Close Browser" library="SeleniumLibrary">
<doc>Closes the current browser.</doc>
<status status="PASS" starttime="20240305 19:36:33.354" endtime="20240305 19:36:33.354"/>
</kw>
<status status="PASS" starttime="20240305 19:36:33.353" endtime="20240305 19:36:33.354"/>
</kw>
<doc>This test case validates the WSJ follow dashboard for ST author</doc>
<tag>PreferenceCenter</tag>
<tag>Regression</tag>
<tag>Sailthru</tag>
<tag>TagWSA</tag>
<status status="FAIL" starttime="20240305 19:36:27.907" endtime="20240305 19:36:33.354">Setup failed:
SessionNotCreatedException: Message: session not created: This version of ChromeDriver only supports Chrome version 113
Current browser version is 122.0.6261.95 with binary path C:\Program Files\Google\Chrome\Application\chrome.exe
Stacktrace:
Backtrace:
	GetHandleVerifier [0x00806DF3+48691]
	(No symbol) [0x00798CC1]
	(No symbol) [0x006A5068]
	(No symbol) [0x006C5DAC]
	(No symbol) [0x006C1AB3]
	(No symbol) [0x006C0029]
	(No symbol) [0x006F07A8]
	(No symbol) [0x006F048C]
	(No symbol) [0x006EA0C6]
	(No symbol) [0x006C7E18]
	(No symbol) [0x006C8F3D]
	GetHandleVerifier [0x00A64EAA+2531050]
	GetHandleVerifier [0x00AA4B60+2792352]
	GetHandleVerifier [0x00A9E6EC+2766636]
	GetHandleVerifier [0x00890820+612448]
	(No symbol) [0x007A25BC]
	(No symbol) [0x0079E808]
	(No symbol) [0x0079E8EB]
	(No symbol) [0x00791C77]
	BaseThreadInitThunk [0x7658FCC9+25]
	RtlGetAppContainerNamedObjectPath [0x77497C5E+286]
	RtlGetAppContainerNamedObjectPath [0x77497C2E+238]
</status>
</test>
<doc>Sailthru Regression Tests</doc>
<status status="FAIL" starttime="20240305 19:36:27.502" endtime="20240305 19:36:33.358"/>
</suite>
<status status="FAIL" starttime="20240305 19:36:27.499" endtime="20240305 19:36:33.361"/>
</suite>
<status status="FAIL" starttime="20240305 19:36:27.494" endtime="20240305 19:36:33.363"/>
</suite>
<status status="FAIL" starttime="20240305 19:36:27.490" endtime="20240305 19:36:33.364"/>
</suite>
<status status="FAIL" starttime="20240305 19:36:27.487" endtime="20240305 19:36:33.366"/>
</suite>
<status status="FAIL" starttime="20240305 19:36:27.453" endtime="20240305 19:36:33.369"/>
</suite>
<statistics>
<total>
<stat pass="0" fail="1" skip="0">All Tests</stat>
</total>
<tag>
<stat pass="0" fail="1" skip="0">PreferenceCenter</stat>
<stat pass="0" fail="1" skip="0">Regression</stat>
<stat pass="0" fail="1" skip="0">Sailthru</stat>
<stat pass="0" fail="1" skip="0">TagWSA</stat>
</tag>
<suite>
<stat pass="0" fail="1" skip="0" id="s1" name="Panda-Qa-Develop">Panda-Qa-Develop</stat>
<stat pass="0" fail="1" skip="0" id="s1-s1" name="Panda-Qa">Panda-Qa-Develop.Panda-Qa</stat>
<stat pass="0" fail="1" skip="0" id="s1-s1-s1" name="Tests">Panda-Qa-Develop.Panda-Qa.Tests</stat>
<stat pass="0" fail="1" skip="0" id="s1-s1-s1-s1" name="FollowWidget">Panda-Qa-Develop.Panda-Qa.Tests.FollowWidget</stat>
<stat pass="0" fail="1" skip="0" id="s1-s1-s1-s1-s1" name="Regression">Panda-Qa-Develop.Panda-Qa.Tests.FollowWidget.Regression</stat>
<stat pass="0" fail="1" skip="0" id="s1-s1-s1-s1-s1-s1" name="Sailthru Regression">Panda-Qa-Develop.Panda-Qa.Tests.FollowWidget.Regression.Sailthru Regression</stat>
</suite>
</statistics>
<errors>
<msg timestamp="20240305 19:36:29.699" level="WARN">The chromedriver version (113.0.5672.24) detected in PATH at D:\Users\khanduria\Browsers\chromedriver.exe might not be compatible with the detected chrome version (122.0.6261.95); currently, chromedriver 122.0.6261.94 is recommended for chrome 122.*, so it is advised to delete the driver in PATH and retry</msg>
</errors>
</robot>
