<?xml version="1.0" encoding="UTF-8"?>
<robot generator="Robot 6.1.1 (Python 3.12.0 on win32)" generated="20240222 19:39:49.038" rpa="false" schemaversion="4">
<suite id="s1" name="Panda-Qa-Develop" source="D:\Users\khanduria\PycharmProjects\panda-qa-develop">
<suite id="s1-s1" name="Panda-Qa" source="D:\Users\khanduria\PycharmProjects\panda-qa-develop\panda-qa">
<suite id="s1-s1-s1" name="Tests" source="D:\Users\khanduria\PycharmProjects\panda-qa-develop\panda-qa\Tests">
<suite id="s1-s1-s1-s1" name="FollowWidget" source="D:\Users\khanduria\PycharmProjects\panda-qa-develop\panda-qa\Tests\FollowWidget">
<suite id="s1-s1-s1-s1-s1" name="Regression" source="D:\Users\khanduria\PycharmProjects\panda-qa-develop\panda-qa\Tests\FollowWidget\Regression">
<suite id="s1-s1-s1-s1-s1-s1" name="MarketWatch Regression" source="D:\Users\khanduria\PycharmProjects\panda-qa-develop\panda-qa\Tests\FollowWidget\Regression\MarketWatch_Regression.robot">
<test id="s1-s1-s1-s1-s1-s1-t1" name="Validate the Market Watch Preference Center page" line="19">
<kw name="Start Market Watch Article" library="CommonFunctionality" type="SETUP">
<kw name="Set Selenium Speed" library="SeleniumLibrary">
<arg>1 seconds</arg>
<doc>Sets the delay that is waited after each Selenium command.</doc>
<status status="PASS" starttime="20240222 19:39:49.562" endtime="20240222 19:39:49.562"/>
</kw>
<kw name="Set Browser Options" library="CommonFunctionality">
<var>${options}</var>
<if>
<branch type="IF" condition="&quot;${Browser}&quot; == &quot;firefox&quot;">
<kw name="Evaluate" library="BuiltIn">
<var>${options}</var>
<arg>selenium.webdriver.FirefoxOptions()</arg>
<doc>Evaluates the given expression in Python and returns the result.</doc>
<status status="NOT RUN" starttime="20240222 19:39:49.563" endtime="20240222 19:39:49.563"/>
</kw>
<kw name="Call Method" library="BuiltIn">
<arg>${options}</arg>
<arg>add_argument</arg>
<arg>--CreateProfile</arg>
<doc>Calls the named method of the given object with the provided arguments.</doc>
<status status="NOT RUN" starttime="20240222 19:39:49.563" endtime="20240222 19:39:49.563"/>
</kw>
<kw name="Call Method" library="BuiltIn">
<arg>${options}</arg>
<arg>add_argument</arg>
<arg>--start-maximized</arg>
<doc>Calls the named method of the given object with the provided arguments.</doc>
<status status="NOT RUN" starttime="20240222 19:39:49.563" endtime="20240222 19:39:49.563"/>
</kw>
<kw name="Call Method" library="BuiltIn">
<arg>${options}</arg>
<arg>add_argument</arg>
<arg>--disable-dev-shm-usage</arg>
<doc>Calls the named method of the given object with the provided arguments.</doc>
<status status="NOT RUN" starttime="20240222 19:39:49.563" endtime="20240222 19:39:49.563"/>
</kw>
<kw name="Call Method" library="BuiltIn">
<arg>${options}</arg>
<arg>add_argument</arg>
<arg>--no-sandbox</arg>
<doc>Calls the named method of the given object with the provided arguments.</doc>
<status status="NOT RUN" starttime="20240222 19:39:49.563" endtime="20240222 19:39:49.563"/>
</kw>
<kw name="Call Method" library="BuiltIn">
<arg>${options}</arg>
<arg>add_argument</arg>
<arg>--disable-gpu</arg>
<doc>Calls the named method of the given object with the provided arguments.</doc>
<status status="NOT RUN" starttime="20240222 19:39:49.563" endtime="20240222 19:39:49.563"/>
</kw>
<kw name="Call Method" library="BuiltIn">
<arg>${options}</arg>
<arg>add_argument</arg>
<arg>--headless</arg>
<doc>Calls the named method of the given object with the provided arguments.</doc>
<status status="NOT RUN" starttime="20240222 19:39:49.563" endtime="20240222 19:39:49.563"/>
</kw>
<kw name="Call Method" library="BuiltIn">
<arg>${options}</arg>
<arg>add_argument</arg>
<arg>--devtools.debugger.force-local</arg>
<doc>Calls the named method of the given object with the provided arguments.</doc>
<status status="NOT RUN" starttime="20240222 19:39:49.563" endtime="20240222 19:39:49.563"/>
</kw>
<kw name="Call Method" library="BuiltIn">
<arg>${options}</arg>
<arg>add_argument</arg>
<arg>--devtools.debugger.remote-enabled</arg>
<doc>Calls the named method of the given object with the provided arguments.</doc>
<status status="NOT RUN" starttime="20240222 19:39:49.563" endtime="20240222 19:39:49.564"/>
</kw>
<kw name="Call Method" library="BuiltIn">
<arg>${options}</arg>
<arg>add_argument</arg>
<arg>--devtools.chrome.enabled</arg>
<doc>Calls the named method of the given object with the provided arguments.</doc>
<status status="NOT RUN" starttime="20240222 19:39:49.564" endtime="20240222 19:39:49.564"/>
</kw>
<kw name="Call Method" library="BuiltIn">
<arg>${options}</arg>
<arg>add_argument</arg>
<arg>--devtools.debugger.prompt-connection</arg>
<doc>Calls the named method of the given object with the provided arguments.</doc>
<status status="NOT RUN" starttime="20240222 19:39:49.564" endtime="20240222 19:39:49.564"/>
</kw>
<kw name="Call Method" library="BuiltIn">
<arg>${options}</arg>
<arg>add_argument</arg>
<arg>--browser.dom.window.dump.enabled</arg>
<doc>Calls the named method of the given object with the provided arguments.</doc>
<status status="NOT RUN" starttime="20240222 19:39:49.564" endtime="20240222 19:39:49.564"/>
</kw>
<return>
<value>${options}</value>
<status status="NOT RUN" starttime="20240222 19:39:49.564" endtime="20240222 19:39:49.564"/>
</return>
<status status="NOT RUN" starttime="20240222 19:39:49.562" endtime="20240222 19:39:49.564"/>
</branch>
<branch type="ELSE IF" condition="&quot;${Browser}&quot; == &quot;chrome&quot;">
<kw name="Evaluate" library="BuiltIn">
<var>${options}</var>
<arg>selenium.webdriver.ChromeOptions()</arg>
<doc>Evaluates the given expression in Python and returns the result.</doc>
<msg timestamp="20240222 19:39:49.565" level="INFO">${options} = &lt;selenium.webdriver.chrome.options.Options object at 0x000001AE2A928BF0&gt;</msg>
<status status="PASS" starttime="20240222 19:39:49.564" endtime="20240222 19:39:49.565"/>
</kw>
<kw name="Call Method" library="BuiltIn">
<arg>${options}</arg>
<arg>add_argument</arg>
<arg>--start-maximized</arg>
<doc>Calls the named method of the given object with the provided arguments.</doc>
<status status="PASS" starttime="20240222 19:39:49.565" endtime="20240222 19:39:49.565"/>
</kw>
<kw name="Call Method" library="BuiltIn">
<arg>${options}</arg>
<arg>add_argument</arg>
<arg>--disable-dev-shm-usage</arg>
<doc>Calls the named method of the given object with the provided arguments.</doc>
<status status="PASS" starttime="20240222 19:39:49.565" endtime="20240222 19:39:49.565"/>
</kw>
<kw name="Call Method" library="BuiltIn">
<arg>${options}</arg>
<arg>add_argument</arg>
<arg>--no-sandbox</arg>
<doc>Calls the named method of the given object with the provided arguments.</doc>
<status status="PASS" starttime="20240222 19:39:49.565" endtime="20240222 19:39:49.565"/>
</kw>
<kw name="Call Method" library="BuiltIn">
<arg>${options}</arg>
<arg>add_argument</arg>
<arg>--headless</arg>
<doc>Calls the named method of the given object with the provided arguments.</doc>
<status status="PASS" starttime="20240222 19:39:49.565" endtime="20240222 19:39:49.565"/>
</kw>
<kw name="Call Method" library="BuiltIn">
<arg>${options}</arg>
<arg>add_argument</arg>
<arg>--disable-gpu</arg>
<doc>Calls the named method of the given object with the provided arguments.</doc>
<status status="PASS" starttime="20240222 19:39:49.566" endtime="20240222 19:39:49.567"/>
</kw>
<kw name="Call Method" library="BuiltIn">
<arg>${options}</arg>
<arg>add_argument</arg>
<arg>--ignore-certificate-errors</arg>
<doc>Calls the named method of the given object with the provided arguments.</doc>
<status status="PASS" starttime="20240222 19:39:49.567" endtime="20240222 19:39:49.567"/>
</kw>
<kw name="Call Method" library="BuiltIn">
<arg>${options}</arg>
<arg>add_argument</arg>
<arg>--disable-extensions</arg>
<doc>Calls the named method of the given object with the provided arguments.</doc>
<status status="PASS" starttime="20240222 19:39:49.567" endtime="20240222 19:39:49.567"/>
</kw>
<kw name="Call Method" library="BuiltIn">
<arg>${options}</arg>
<arg>add_argument</arg>
<arg>--no-user-gesture-required</arg>
<doc>Calls the named method of the given object with the provided arguments.</doc>
<status status="PASS" starttime="20240222 19:39:49.567" endtime="20240222 19:39:49.567"/>
</kw>
<kw name="Call Method" library="BuiltIn">
<arg>${options}</arg>
<arg>add_argument</arg>
<arg>--no-first-run</arg>
<doc>Calls the named method of the given object with the provided arguments.</doc>
<status status="PASS" starttime="20240222 19:39:49.568" endtime="20240222 19:39:49.568"/>
</kw>
<kw name="Call Method" library="BuiltIn">
<arg>${options}</arg>
<arg>add_argument</arg>
<arg>--use-fake-ui-for-media-stream</arg>
<doc>Calls the named method of the given object with the provided arguments.</doc>
<status status="PASS" starttime="20240222 19:39:49.568" endtime="20240222 19:39:49.569"/>
</kw>
<kw name="Call Method" library="BuiltIn">
<arg>${options}</arg>
<arg>add_argument</arg>
<arg>--use-fake-device-for-media-stream</arg>
<doc>Calls the named method of the given object with the provided arguments.</doc>
<status status="PASS" starttime="20240222 19:39:49.569" endtime="20240222 19:39:49.569"/>
</kw>
<kw name="Call Method" library="BuiltIn">
<arg>${options}</arg>
<arg>add_argument</arg>
<arg>--disable-sync</arg>
<doc>Calls the named method of the given object with the provided arguments.</doc>
<status status="PASS" starttime="20240222 19:39:49.569" endtime="20240222 19:39:49.569"/>
</kw>
<return>
<value>${options}</value>
<status status="PASS" starttime="20240222 19:39:49.569" endtime="20240222 19:39:49.569"/>
</return>
<status status="PASS" starttime="20240222 19:39:49.564" endtime="20240222 19:39:49.569"/>
</branch>
<status status="PASS" starttime="20240222 19:39:49.562" endtime="20240222 19:39:49.570"/>
</if>
<msg timestamp="20240222 19:39:49.570" level="INFO">${options} = &lt;selenium.webdriver.chrome.options.Options object at 0x000001AE2A928BF0&gt;</msg>
<status status="PASS" starttime="20240222 19:39:49.562" endtime="20240222 19:39:49.570"/>
</kw>
<if>
<branch type="IF" condition="&quot;${Env}&quot; == &quot;prod&quot;">
<kw name="Open Browser" library="SeleniumLibrary">
<arg>https://www.marketwatch.com</arg>
<arg>${Browser}</arg>
<arg>options=${options}</arg>
<doc>Opens a new browser instance to the optional ``url``.</doc>
<status status="NOT RUN" starttime="20240222 19:39:49.571" endtime="20240222 19:39:49.571"/>
</kw>
<kw name="Go To" library="SeleniumLibrary">
<arg>https://www.marketwatch.com/story/is-the-u-s-stock-market-closed-on-juneteenth-what-investors-need-to-know-11655230158</arg>
<doc>Navigates the current browser window to the provided ``url``.</doc>
<status status="NOT RUN" starttime="20240222 19:39:49.571" endtime="20240222 19:39:49.571"/>
</kw>
<status status="NOT RUN" starttime="20240222 19:39:49.570" endtime="20240222 19:39:49.571"/>
</branch>
<branch type="ELSE IF" condition="&quot;${Env}&quot; == &quot;dev&quot;">
<kw name="Open Browser" library="SeleniumLibrary">
<arg>https://www.dev.marketwatch.com</arg>
<arg>${Browser}</arg>
<arg>options=${options}</arg>
<doc>Opens a new browser instance to the optional ``url``.</doc>
<msg timestamp="20240222 19:39:49.571" level="INFO">Opening browser 'chrome' to base url 'https://www.dev.marketwatch.com'.</msg>
<msg timestamp="20240222 19:39:51.185" level="WARN">The chromedriver version (113.0.5672.24) detected in PATH at D:\Users\khanduria\Browsers\chromedriver.exe might not be compatible with the detected chrome version (121.0.6167.185); currently, chromedriver 121.0.6167.184 is recommended for chrome 121.*, so it is advised to delete the driver in PATH and retry</msg>
<msg timestamp="20240222 19:39:54.787" level="INFO">Cannot capture screenshot because no browser is open.</msg>
<msg timestamp="20240222 19:39:54.787" level="FAIL">SessionNotCreatedException: Message: session not created: This version of ChromeDriver only supports Chrome version 113
Current browser version is 121.0.6167.185 with binary path C:\Program Files\Google\Chrome\Application\chrome.exe
Stacktrace:
Backtrace:
	GetHandleVerifier [0x00C46DF3+48691]
	(No symbol) [0x00BD8CC1]
	(No symbol) [0x00AE5068]
	(No symbol) [0x00B05DAC]
	(No symbol) [0x00B01AB3]
	(No symbol) [0x00B00029]
	(No symbol) [0x00B307A8]
	(No symbol) [0x00B3048C]
	(No symbol) [0x00B2A0C6]
	(No symbol) [0x00B07E18]
	(No symbol) [0x00B08F3D]
	GetHandleVerifier [0x00EA4EAA+2531050]
	GetHandleVerifier [0x00EE4B60+2792352]
	GetHandleVerifier [0x00EDE6EC+2766636]
	GetHandleVerifier [0x00CD0820+612448]
	(No symbol) [0x00BE25BC]
	(No symbol) [0x00BDE808]
	(No symbol) [0x00BDE8EB]
	(No symbol) [0x00BD1C77]
	BaseThreadInitThunk [0x7513FCC9+25]
	RtlGetAppContainerNamedObjectPath [0x77287C6E+286]
	RtlGetAppContainerNamedObjectPath [0x77287C3E+238]
</msg>
<status status="FAIL" starttime="20240222 19:39:49.571" endtime="20240222 19:39:54.807"/>
</kw>
<kw name="Go To" library="SeleniumLibrary">
<arg>https://www.dev.marketwatch.com/author/Catey-Hill</arg>
<doc>Navigates the current browser window to the provided ``url``.</doc>
<status status="NOT RUN" starttime="20240222 19:39:54.807" endtime="20240222 19:39:54.807"/>
</kw>
<status status="FAIL" starttime="20240222 19:39:49.571" endtime="20240222 19:39:54.807"/>
</branch>
<status status="FAIL" starttime="20240222 19:39:49.570" endtime="20240222 19:39:54.807"/>
</if>
<kw name="Maximize Browser Window" library="SeleniumLibrary">
<doc>Maximizes current browser window.</doc>
<status status="NOT RUN" starttime="20240222 19:39:54.807" endtime="20240222 19:39:54.807"/>
</kw>
<status status="FAIL" starttime="20240222 19:39:49.561" endtime="20240222 19:39:54.808"/>
</kw>
<kw name="Finish Testcase" library="CommonFunctionality" type="TEARDOWN">
<kw name="Close Browser" library="SeleniumLibrary">
<doc>Closes the current browser.</doc>
<status status="PASS" starttime="20240222 19:39:54.808" endtime="20240222 19:39:54.809"/>
</kw>
<status status="PASS" starttime="20240222 19:39:54.808" endtime="20240222 19:39:54.809"/>
</kw>
<doc>This test case validates the Market Watch preference center page</doc>
<tag>MarketWatch</tag>
<tag>PreferenceCenter</tag>
<tag>Regression</tag>
<tag>TagMPF</tag>
<status status="FAIL" starttime="20240222 19:39:49.560" endtime="20240222 19:39:54.809">Setup failed:
SessionNotCreatedException: Message: session not created: This version of ChromeDriver only supports Chrome version 113
Current browser version is 121.0.6167.185 with binary path C:\Program Files\Google\Chrome\Application\chrome.exe
Stacktrace:
Backtrace:
	GetHandleVerifier [0x00C46DF3+48691]
	(No symbol) [0x00BD8CC1]
	(No symbol) [0x00AE5068]
	(No symbol) [0x00B05DAC]
	(No symbol) [0x00B01AB3]
	(No symbol) [0x00B00029]
	(No symbol) [0x00B307A8]
	(No symbol) [0x00B3048C]
	(No symbol) [0x00B2A0C6]
	(No symbol) [0x00B07E18]
	(No symbol) [0x00B08F3D]
	GetHandleVerifier [0x00EA4EAA+2531050]
	GetHandleVerifier [0x00EE4B60+2792352]
	GetHandleVerifier [0x00EDE6EC+2766636]
	GetHandleVerifier [0x00CD0820+612448]
	(No symbol) [0x00BE25BC]
	(No symbol) [0x00BDE808]
	(No symbol) [0x00BDE8EB]
	(No symbol) [0x00BD1C77]
	BaseThreadInitThunk [0x7513FCC9+25]
	RtlGetAppContainerNamedObjectPath [0x77287C6E+286]
	RtlGetAppContainerNamedObjectPath [0x77287C3E+238]
</status>
</test>
<doc>Market Watch Regression Tests</doc>
<status status="FAIL" starttime="20240222 19:39:49.104" endtime="20240222 19:39:54.813"/>
</suite>
<status status="FAIL" starttime="20240222 19:39:49.100" endtime="20240222 19:39:54.815"/>
</suite>
<status status="FAIL" starttime="20240222 19:39:49.097" endtime="20240222 19:39:54.816"/>
</suite>
<status status="FAIL" starttime="20240222 19:39:49.094" endtime="20240222 19:39:54.817"/>
</suite>
<status status="FAIL" starttime="20240222 19:39:49.090" endtime="20240222 19:39:54.819"/>
</suite>
<status status="FAIL" starttime="20240222 19:39:49.040" endtime="20240222 19:39:54.820"/>
</suite>
<statistics>
<total>
<stat pass="0" fail="1" skip="0">All Tests</stat>
</total>
<tag>
<stat pass="0" fail="1" skip="0">MarketWatch</stat>
<stat pass="0" fail="1" skip="0">PreferenceCenter</stat>
<stat pass="0" fail="1" skip="0">Regression</stat>
<stat pass="0" fail="1" skip="0">TagMPF</stat>
</tag>
<suite>
<stat pass="0" fail="1" skip="0" id="s1" name="Panda-Qa-Develop">Panda-Qa-Develop</stat>
<stat pass="0" fail="1" skip="0" id="s1-s1" name="Panda-Qa">Panda-Qa-Develop.Panda-Qa</stat>
<stat pass="0" fail="1" skip="0" id="s1-s1-s1" name="Tests">Panda-Qa-Develop.Panda-Qa.Tests</stat>
<stat pass="0" fail="1" skip="0" id="s1-s1-s1-s1" name="FollowWidget">Panda-Qa-Develop.Panda-Qa.Tests.FollowWidget</stat>
<stat pass="0" fail="1" skip="0" id="s1-s1-s1-s1-s1" name="Regression">Panda-Qa-Develop.Panda-Qa.Tests.FollowWidget.Regression</stat>
<stat pass="0" fail="1" skip="0" id="s1-s1-s1-s1-s1-s1" name="MarketWatch Regression">Panda-Qa-Develop.Panda-Qa.Tests.FollowWidget.Regression.MarketWatch Regression</stat>
</suite>
</statistics>
<errors>
<msg timestamp="20240222 19:39:51.185" level="WARN">The chromedriver version (113.0.5672.24) detected in PATH at D:\Users\khanduria\Browsers\chromedriver.exe might not be compatible with the detected chrome version (121.0.6167.185); currently, chromedriver 121.0.6167.184 is recommended for chrome 121.*, so it is advised to delete the driver in PATH and retry</msg>
</errors>
</robot>
