<?xml version="1.0" encoding="UTF-8"?>
<robot generator="Robot 6.1.1 (Python 3.12.0 on win32)" generated="20240226 19:55:59.430" rpa="false" schemaversion="4">
<suite id="s1" name="Panda-Qa-Develop" source="D:\Users\khanduria\PycharmProjects\panda-qa-develop">
<suite id="s1-s1" name="Panda-Qa" source="D:\Users\khanduria\PycharmProjects\panda-qa-develop\panda-qa">
<suite id="s1-s1-s1" name="Tests" source="D:\Users\khanduria\PycharmProjects\panda-qa-develop\panda-qa\Tests">
<suite id="s1-s1-s1-s1" name="FollowWidget" source="D:\Users\khanduria\PycharmProjects\panda-qa-develop\panda-qa\Tests\FollowWidget">
<suite id="s1-s1-s1-s1-s1" name="Regression" source="D:\Users\khanduria\PycharmProjects\panda-qa-develop\panda-qa\Tests\FollowWidget\Regression">
<suite id="s1-s1-s1-s1-s1-s1" name="Barrons Regression" source="D:\Users\khanduria\PycharmProjects\panda-qa-develop\panda-qa\Tests\FollowWidget\Regression\Barrons_Regression.robot">
<test id="s1-s1-s1-s1-s1-s1-t1" name="Validate the multiple authors follow button from articles page" line="28">
<kw name="Start Barrons Article" library="CommonFunctionality" type="SETUP">
<kw name="Set Selenium Speed" library="SeleniumLibrary">
<arg>0.5 seconds</arg>
<doc>Sets the delay that is waited after each Selenium command.</doc>
<status status="PASS" starttime="20240226 19:56:00.021" endtime="20240226 19:56:00.021"/>
</kw>
<if>
<branch type="IF" condition="${Env} == &quot;prod&quot;">
<kw name="Open Browser" library="SeleniumLibrary">
<arg>https://www.barrons.com</arg>
<arg>${Browser}</arg>
<doc>Opens a new browser instance to the optional ``url``.</doc>
<status status="NOT RUN" starttime="20240226 19:56:00.021" endtime="20240226 19:56:00.023"/>
</kw>
<kw name="Go To" library="SeleniumLibrary">
<arg>https://www.barrons.com/articles/wendys-wen-stock-earnings-51652268634</arg>
<doc>Navigates the current browser window to the provided ``url``.</doc>
<status status="NOT RUN" starttime="20240226 19:56:00.023" endtime="20240226 19:56:00.023"/>
</kw>
<status status="NOT RUN" starttime="20240226 19:56:00.021" endtime="20240226 19:56:00.023"/>
</branch>
<branch type="ELSE IF" condition="${Env} == &quot;dev&quot;">
<kw name="Open Browser" library="SeleniumLibrary">
<arg>https://www.s.dev.barrons.com</arg>
<arg>${Browser}</arg>
<doc>Opens a new browser instance to the optional ``url``.</doc>
<msg timestamp="20240226 19:56:00.024" level="INFO">Opening browser 'ff' to base url 'https://www.s.dev.barrons.com'.</msg>
<status status="PASS" starttime="20240226 19:56:00.023" endtime="20240226 19:56:21.195"/>
</kw>
<kw name="Go To" library="SeleniumLibrary">
<arg>https://www.s.dev.barrons.com/articles/buy-under-armour-stock-pick-51650672000</arg>
<doc>Navigates the current browser window to the provided ``url``.</doc>
<msg timestamp="20240226 19:56:21.195" level="INFO">Opening url 'https://www.s.dev.barrons.com/articles/buy-under-armour-stock-pick-51650672000'</msg>
<status status="PASS" starttime="20240226 19:56:21.195" endtime="20240226 19:56:29.164"/>
</kw>
<status status="PASS" starttime="20240226 19:56:00.023" endtime="20240226 19:56:29.166"/>
</branch>
<status status="PASS" starttime="20240226 19:56:00.021" endtime="20240226 19:56:29.166"/>
</if>
<kw name="Wait Until Page Contains Element" library="SeleniumLibrary">
<arg>dom:${JSFollowButtonBarronsPath}</arg>
<doc>Waits until the element ``locator`` appears on the current page.</doc>
<status status="PASS" starttime="20240226 19:56:29.166" endtime="20240226 19:56:29.685"/>
</kw>
<kw name="Maximize Browser Window" library="SeleniumLibrary">
<doc>Maximizes current browser window.</doc>
<status status="PASS" starttime="20240226 19:56:29.685" endtime="20240226 19:56:30.190"/>
</kw>
<status status="PASS" starttime="20240226 19:56:00.021" endtime="20240226 19:56:30.190"/>
</kw>
<kw name="Validate Sign In Modal" library="BarronsArticlePage">
<kw name="Wait Until Element Is Visible" library="SeleniumLibrary">
<arg>dom:${JSFollowSignInHeaderPath}</arg>
<arg>timeout=15</arg>
<doc>Waits until the element ``locator`` is visible.</doc>
<msg timestamp="20240226 19:56:37.066" level="INFO" html="true">&lt;/td&gt;&lt;/tr&gt;&lt;tr&gt;&lt;td colspan="3"&gt;&lt;a href="selenium-screenshot-467.png"&gt;&lt;img src="selenium-screenshot-467.png" width="800px"&gt;&lt;/a&gt;</msg>
<msg timestamp="20240226 19:56:37.067" level="FAIL">JavascriptException: Message: TypeError: document.querySelector(...) is null
Stacktrace:
@moz-nullprincipal:{c590223b-f61b-4505-8338-5b9594db250a}:2:23
@moz-nullprincipal:{c590223b-f61b-4505-8338-5b9594db250a}:3:8
</msg>
<status status="FAIL" starttime="20240226 19:56:30.198" endtime="20240226 19:56:37.074"/>
</kw>
<kw name="Page Should Contain Element" library="SeleniumLibrary">
<arg>dom:${JSFollowSignInHeaderPath}</arg>
<doc>Verifies that element ``locator`` is found on the current page.</doc>
<status status="NOT RUN" starttime="20240226 19:56:37.074" endtime="20240226 19:56:37.074"/>
</kw>
<status status="FAIL" starttime="20240226 19:56:30.197" endtime="20240226 19:56:37.074"/>
</kw>
<kw name="Market Watch Sign In Process" library="DefinedKeywords">
<status status="NOT RUN" starttime="20240226 19:56:37.078" endtime="20240226 19:56:37.078"/>
</kw>
<kw name="Set Selenium Speed" library="SeleniumLibrary">
<arg>0.2 seconds</arg>
<doc>Sets the delay that is waited after each Selenium command.</doc>
<status status="NOT RUN" starttime="20240226 19:56:37.079" endtime="20240226 19:56:37.079"/>
</kw>
<kw name="Validate Follow Button 2" library="BarronsArticlePage">
<status status="NOT RUN" starttime="20240226 19:56:37.079" endtime="20240226 19:56:37.079"/>
</kw>
<kw name="Click Follow Button 2" library="BarronsArticlePage">
<status status="NOT RUN" starttime="20240226 19:56:37.080" endtime="20240226 19:56:37.081"/>
</kw>
<kw name="Validate Following Button" library="BarronsArticlePage">
<status status="NOT RUN" starttime="20240226 19:56:37.100" endtime="20240226 19:56:37.100"/>
</kw>
<kw name="Validate Following Button 2" library="BarronsArticlePage">
<status status="NOT RUN" starttime="20240226 19:56:37.101" endtime="20240226 19:56:37.101"/>
</kw>
<kw name="Navigate Preference Center page" library="BarronsPreferenceCenterPage">
<status status="NOT RUN" starttime="20240226 19:56:37.103" endtime="20240226 19:56:37.103"/>
</kw>
<kw name="Validate Preference Center page" library="BarronsPreferenceCenterPage">
<status status="NOT RUN" starttime="20240226 19:56:37.104" endtime="20240226 19:56:37.104"/>
</kw>
<kw name="Finish Testcase" library="CommonFunctionality" type="TEARDOWN">
<kw name="Close Browser" library="SeleniumLibrary">
<doc>Closes the current browser.</doc>
<status status="PASS" starttime="20240226 19:56:37.105" endtime="20240226 19:56:42.674"/>
</kw>
<status status="PASS" starttime="20240226 19:56:37.104" endtime="20240226 19:56:42.674"/>
</kw>
<doc>This test case validates the multiple authors follow button from articles page</doc>
<tag>Article</tag>
<tag>Barrons</tag>
<tag>BarronsMultipleauthors</tag>
<tag>Follow</tag>
<tag>MultipleAuthors</tag>
<tag>Regression</tag>
<tag>TagBarronsMA</tag>
<status status="FAIL" starttime="20240226 19:56:00.019" endtime="20240226 19:56:42.675">JavascriptException: Message: TypeError: document.querySelector(...) is null
Stacktrace:
@moz-nullprincipal:{c590223b-f61b-4505-8338-5b9594db250a}:2:23
@moz-nullprincipal:{c590223b-f61b-4505-8338-5b9594db250a}:3:8
</status>
</test>
<doc>Barrons Regression Tests</doc>
<status status="FAIL" starttime="20240226 19:55:59.497" endtime="20240226 19:56:42.677"/>
</suite>
<status status="FAIL" starttime="20240226 19:55:59.493" endtime="20240226 19:56:42.680"/>
</suite>
<status status="FAIL" starttime="20240226 19:55:59.490" endtime="20240226 19:56:42.681"/>
</suite>
<status status="FAIL" starttime="20240226 19:55:59.486" endtime="20240226 19:56:42.683"/>
</suite>
<status status="FAIL" starttime="20240226 19:55:59.481" endtime="20240226 19:56:42.684"/>
</suite>
<status status="FAIL" starttime="20240226 19:55:59.432" endtime="20240226 19:56:42.686"/>
</suite>
<statistics>
<total>
<stat pass="0" fail="1" skip="0">All Tests</stat>
</total>
<tag>
<stat pass="0" fail="1" skip="0">Article</stat>
<stat pass="0" fail="1" skip="0">Barrons</stat>
<stat pass="0" fail="1" skip="0">BarronsMultipleauthors</stat>
<stat pass="0" fail="1" skip="0">Follow</stat>
<stat pass="0" fail="1" skip="0">MultipleAuthors</stat>
<stat pass="0" fail="1" skip="0">Regression</stat>
<stat pass="0" fail="1" skip="0">TagBarronsMA</stat>
</tag>
<suite>
<stat pass="0" fail="1" skip="0" id="s1" name="Panda-Qa-Develop">Panda-Qa-Develop</stat>
<stat pass="0" fail="1" skip="0" id="s1-s1" name="Panda-Qa">Panda-Qa-Develop.Panda-Qa</stat>
<stat pass="0" fail="1" skip="0" id="s1-s1-s1" name="Tests">Panda-Qa-Develop.Panda-Qa.Tests</stat>
<stat pass="0" fail="1" skip="0" id="s1-s1-s1-s1" name="FollowWidget">Panda-Qa-Develop.Panda-Qa.Tests.FollowWidget</stat>
<stat pass="0" fail="1" skip="0" id="s1-s1-s1-s1-s1" name="Regression">Panda-Qa-Develop.Panda-Qa.Tests.FollowWidget.Regression</stat>
<stat pass="0" fail="1" skip="0" id="s1-s1-s1-s1-s1-s1" name="Barrons Regression">Panda-Qa-Develop.Panda-Qa.Tests.FollowWidget.Regression.Barrons Regression</stat>
</suite>
</statistics>
<errors>
</errors>
</robot>
