<?xml version="1.0" encoding="UTF-8"?>
<robot generator="Robot 6.1.1 (Python 3.12.5 on win32)" generated="20250208 00:52:32.905" rpa="false" schemaversion="4">
<suite id="s1" name="Userservices-Qa-Automation" source="D:\Users\sasikumarj\PycharmProjects\userservices-qa-automation">
<suite id="s1-s1" name="Panda-Qa" source="D:\Users\sasikumarj\PycharmProjects\userservices-qa-automation\panda-qa">
<suite id="s1-s1-s1" name="Tests" source="D:\Users\sasikumarj\PycharmProjects\userservices-qa-automation\panda-qa\Tests">
<suite id="s1-s1-s1-s1" name="FollowWidget" source="D:\Users\sasikumarj\PycharmProjects\userservices-qa-automation\panda-qa\Tests\FollowWidget">
<suite id="s1-s1-s1-s1-s1" name="Regression" source="D:\Users\sasikumarj\PycharmProjects\userservices-qa-automation\panda-qa\Tests\FollowWidget\Regression">
<suite id="s1-s1-s1-s1-s1-s1" name="Barrons Regression" source="D:\Users\sasikumarj\PycharmProjects\userservices-qa-automation\panda-qa\Tests\FollowWidget\Regression\Barrons_Regression.robot">
<test id="s1-s1-s1-s1-s1-s1-t1" name="Validate the multiple authors follow button from articles page" line="33">
<kw name="Start Barrons Article" library="CommonFunctionality" type="SETUP">
<kw name="Set Selenium Speed" library="SeleniumLibrary">
<arg>0.5 seconds</arg>
<doc>Sets the delay that is waited after each Selenium command.</doc>
<status status="PASS" starttime="20250208 00:52:33.807" endtime="20250208 00:52:33.807"/>
</kw>
<kw name="Set Browser Options" library="CommonFunctionality">
<var>${options}</var>
<if>
<branch type="IF" condition="&quot;${Browser}&quot; == &quot;firefox&quot;">
<kw name="Evaluate" library="BuiltIn">
<var>${options}</var>
<arg>selenium.webdriver.FirefoxOptions()</arg>
<doc>Evaluates the given expression in Python and returns the result.</doc>
<status status="NOT RUN" starttime="20250208 00:52:33.808" endtime="20250208 00:52:33.808"/>
</kw>
<kw name="Call Method" library="BuiltIn">
<arg>${options}</arg>
<arg>add_argument</arg>
<arg>--CreateProfile</arg>
<doc>Calls the named method of the given object with the provided arguments.</doc>
<status status="NOT RUN" starttime="20250208 00:52:33.809" endtime="20250208 00:52:33.809"/>
</kw>
<kw name="Call Method" library="BuiltIn">
<arg>${options}</arg>
<arg>add_argument</arg>
<arg>--start-maximized</arg>
<doc>Calls the named method of the given object with the provided arguments.</doc>
<status status="NOT RUN" starttime="20250208 00:52:33.809" endtime="20250208 00:52:33.809"/>
</kw>
<kw name="Call Method" library="BuiltIn">
<arg>${options}</arg>
<arg>add_argument</arg>
<arg>--disable-dev-shm-usage</arg>
<doc>Calls the named method of the given object with the provided arguments.</doc>
<status status="NOT RUN" starttime="20250208 00:52:33.809" endtime="20250208 00:52:33.809"/>
</kw>
<kw name="Call Method" library="BuiltIn">
<arg>${options}</arg>
<arg>add_argument</arg>
<arg>--no-sandbox</arg>
<doc>Calls the named method of the given object with the provided arguments.</doc>
<status status="NOT RUN" starttime="20250208 00:52:33.809" endtime="20250208 00:52:33.809"/>
</kw>
<kw name="Call Method" library="BuiltIn">
<arg>${options}</arg>
<arg>add_argument</arg>
<arg>--disable-gpu</arg>
<doc>Calls the named method of the given object with the provided arguments.</doc>
<status status="NOT RUN" starttime="20250208 00:52:33.809" endtime="20250208 00:52:33.809"/>
</kw>
<kw name="Call Method" library="BuiltIn">
<arg>${options}</arg>
<arg>add_argument</arg>
<arg>--headless</arg>
<doc>Calls the named method of the given object with the provided arguments.</doc>
<status status="NOT RUN" starttime="20250208 00:52:33.809" endtime="20250208 00:52:33.809"/>
</kw>
<kw name="Call Method" library="BuiltIn">
<arg>${options}</arg>
<arg>add_argument</arg>
<arg>--devtools.debugger.force-local</arg>
<doc>Calls the named method of the given object with the provided arguments.</doc>
<status status="NOT RUN" starttime="20250208 00:52:33.809" endtime="20250208 00:52:33.809"/>
</kw>
<kw name="Call Method" library="BuiltIn">
<arg>${options}</arg>
<arg>add_argument</arg>
<arg>--devtools.debugger.remote-enabled</arg>
<doc>Calls the named method of the given object with the provided arguments.</doc>
<status status="NOT RUN" starttime="20250208 00:52:33.809" endtime="20250208 00:52:33.809"/>
</kw>
<kw name="Call Method" library="BuiltIn">
<arg>${options}</arg>
<arg>add_argument</arg>
<arg>--devtools.chrome.enabled</arg>
<doc>Calls the named method of the given object with the provided arguments.</doc>
<status status="NOT RUN" starttime="20250208 00:52:33.809" endtime="20250208 00:52:33.809"/>
</kw>
<kw name="Call Method" library="BuiltIn">
<arg>${options}</arg>
<arg>add_argument</arg>
<arg>--devtools.debugger.prompt-connection</arg>
<doc>Calls the named method of the given object with the provided arguments.</doc>
<status status="NOT RUN" starttime="20250208 00:52:33.810" endtime="20250208 00:52:33.810"/>
</kw>
<kw name="Call Method" library="BuiltIn">
<arg>${options}</arg>
<arg>add_argument</arg>
<arg>--browser.dom.window.dump.enabled</arg>
<doc>Calls the named method of the given object with the provided arguments.</doc>
<status status="NOT RUN" starttime="20250208 00:52:33.810" endtime="20250208 00:52:33.810"/>
</kw>
<return>
<value>${options}</value>
<status status="NOT RUN" starttime="20250208 00:52:33.810" endtime="20250208 00:52:33.810"/>
</return>
<status status="NOT RUN" starttime="20250208 00:52:33.808" endtime="20250208 00:52:33.810"/>
</branch>
<branch type="ELSE IF" condition="&quot;${Browser}&quot; == &quot;chrome&quot;">
<kw name="Evaluate" library="BuiltIn">
<var>${options}</var>
<arg>selenium.webdriver.ChromeOptions()</arg>
<doc>Evaluates the given expression in Python and returns the result.</doc>
<status status="NOT RUN" starttime="20250208 00:52:33.810" endtime="20250208 00:52:33.810"/>
</kw>
<kw name="Call Method" library="BuiltIn">
<arg>${options}</arg>
<arg>add_argument</arg>
<arg>--start-maximized</arg>
<doc>Calls the named method of the given object with the provided arguments.</doc>
<status status="NOT RUN" starttime="20250208 00:52:33.810" endtime="20250208 00:52:33.810"/>
</kw>
<kw name="Call Method" library="BuiltIn">
<arg>${options}</arg>
<arg>add_argument</arg>
<arg>--disable-dev-shm-usage</arg>
<doc>Calls the named method of the given object with the provided arguments.</doc>
<status status="NOT RUN" starttime="20250208 00:52:33.810" endtime="20250208 00:52:33.810"/>
</kw>
<kw name="Call Method" library="BuiltIn">
<arg>${options}</arg>
<arg>add_argument</arg>
<arg>--no-sandbox</arg>
<doc>Calls the named method of the given object with the provided arguments.</doc>
<status status="NOT RUN" starttime="20250208 00:52:33.810" endtime="20250208 00:52:33.810"/>
</kw>
<kw name="Call Method" library="BuiltIn">
<arg>${options}</arg>
<arg>add_argument</arg>
<arg>--headless</arg>
<doc>Calls the named method of the given object with the provided arguments.</doc>
<status status="NOT RUN" starttime="20250208 00:52:33.810" endtime="20250208 00:52:33.810"/>
</kw>
<kw name="Call Method" library="BuiltIn">
<arg>${options}</arg>
<arg>add_argument</arg>
<arg>--disable-gpu</arg>
<doc>Calls the named method of the given object with the provided arguments.</doc>
<status status="NOT RUN" starttime="20250208 00:52:33.810" endtime="20250208 00:52:33.810"/>
</kw>
<kw name="Call Method" library="BuiltIn">
<arg>${options}</arg>
<arg>add_argument</arg>
<arg>--ignore-certificate-errors</arg>
<doc>Calls the named method of the given object with the provided arguments.</doc>
<status status="NOT RUN" starttime="20250208 00:52:33.810" endtime="20250208 00:52:33.810"/>
</kw>
<kw name="Call Method" library="BuiltIn">
<arg>${options}</arg>
<arg>add_argument</arg>
<arg>--disable-extensions</arg>
<doc>Calls the named method of the given object with the provided arguments.</doc>
<status status="NOT RUN" starttime="20250208 00:52:33.810" endtime="20250208 00:52:33.810"/>
</kw>
<kw name="Call Method" library="BuiltIn">
<arg>${options}</arg>
<arg>add_argument</arg>
<arg>--no-user-gesture-required</arg>
<doc>Calls the named method of the given object with the provided arguments.</doc>
<status status="NOT RUN" starttime="20250208 00:52:33.811" endtime="20250208 00:52:33.811"/>
</kw>
<kw name="Call Method" library="BuiltIn">
<arg>${options}</arg>
<arg>add_argument</arg>
<arg>--no-first-run</arg>
<doc>Calls the named method of the given object with the provided arguments.</doc>
<status status="NOT RUN" starttime="20250208 00:52:33.811" endtime="20250208 00:52:33.811"/>
</kw>
<kw name="Call Method" library="BuiltIn">
<arg>${options}</arg>
<arg>add_argument</arg>
<arg>--use-fake-ui-for-media-stream</arg>
<doc>Calls the named method of the given object with the provided arguments.</doc>
<status status="NOT RUN" starttime="20250208 00:52:33.811" endtime="20250208 00:52:33.812"/>
</kw>
<kw name="Call Method" library="BuiltIn">
<arg>${options}</arg>
<arg>add_argument</arg>
<arg>--use-fake-device-for-media-stream</arg>
<doc>Calls the named method of the given object with the provided arguments.</doc>
<status status="NOT RUN" starttime="20250208 00:52:33.812" endtime="20250208 00:52:33.812"/>
</kw>
<kw name="Call Method" library="BuiltIn">
<arg>${options}</arg>
<arg>add_argument</arg>
<arg>--disable-sync</arg>
<doc>Calls the named method of the given object with the provided arguments.</doc>
<status status="NOT RUN" starttime="20250208 00:52:33.812" endtime="20250208 00:52:33.812"/>
</kw>
<return>
<value>${options}</value>
<status status="NOT RUN" starttime="20250208 00:52:33.812" endtime="20250208 00:52:33.812"/>
</return>
<status status="NOT RUN" starttime="20250208 00:52:33.810" endtime="20250208 00:52:33.812"/>
</branch>
<status status="PASS" starttime="20250208 00:52:33.808" endtime="20250208 00:52:33.812"/>
</if>
<msg timestamp="20250208 00:52:33.812" level="INFO">${options} = None</msg>
<status status="PASS" starttime="20250208 00:52:33.807" endtime="20250208 00:52:33.812"/>
</kw>
<if>
<branch type="IF" condition="&quot;${Env}&quot; == &quot;prod&quot;">
<kw name="Open Browser" library="SeleniumLibrary">
<arg>https://www.barrons.com</arg>
<arg>${Browser}</arg>
<arg>options=${options}</arg>
<doc>Opens a new browser instance to the optional ``url``.</doc>
<msg timestamp="20250208 00:52:33.813" level="INFO">Opening browser 'ff' to base url 'https://www.barrons.com'.</msg>
<status status="PASS" starttime="20250208 00:52:33.812" endtime="20250208 00:52:46.515"/>
</kw>
<kw name="Go To" library="SeleniumLibrary">
<arg>https://www.barrons.com/articles/wendys-wen-stock-earnings-51652268634</arg>
<doc>Navigates the current browser window to the provided ``url``.</doc>
<msg timestamp="20250208 00:52:46.515" level="INFO">Opening url 'https://www.barrons.com/articles/wendys-wen-stock-earnings-51652268634'</msg>
<status status="PASS" starttime="20250208 00:52:46.515" endtime="20250208 00:52:48.782"/>
</kw>
<status status="PASS" starttime="20250208 00:52:33.812" endtime="20250208 00:52:48.782"/>
</branch>
<branch type="ELSE IF" condition="&quot;${Env}&quot; == &quot;dev&quot;">
<kw name="Open Browser" library="SeleniumLibrary">
<arg>https://www.barrons.com</arg>
<arg>${Browser}</arg>
<arg>options=${options}</arg>
<doc>Opens a new browser instance to the optional ``url``.</doc>
<status status="NOT RUN" starttime="20250208 00:52:48.782" endtime="20250208 00:52:48.782"/>
</kw>
<kw name="Go To" library="SeleniumLibrary">
<arg>https://www.s.dev.barrons.com/articles/buy-under-armour-stock-pick-51650672000</arg>
<doc>Navigates the current browser window to the provided ``url``.</doc>
<status status="NOT RUN" starttime="20250208 00:52:48.782" endtime="20250208 00:52:48.782"/>
</kw>
<status status="NOT RUN" starttime="20250208 00:52:48.782" endtime="20250208 00:52:48.782"/>
</branch>
<status status="PASS" starttime="20250208 00:52:33.812" endtime="20250208 00:52:48.782"/>
</if>
<kw name="Wait Until Page Contains Element" library="SeleniumLibrary">
<arg>dom:${JSFollowButtonBarronsPath}</arg>
<doc>Waits until the element ``locator`` appears on the current page.</doc>
<status status="PASS" starttime="20250208 00:52:48.783" endtime="20250208 00:52:50.369"/>
</kw>
<kw name="Maximize Browser Window" library="SeleniumLibrary">
<doc>Maximizes current browser window.</doc>
<status status="PASS" starttime="20250208 00:52:50.369" endtime="20250208 00:52:50.882"/>
</kw>
<status status="PASS" starttime="20250208 00:52:33.807" endtime="20250208 00:52:50.882"/>
</kw>
<kw name="Set Selenium Speed" library="SeleniumLibrary">
<arg>0.5 seconds</arg>
<doc>Sets the delay that is waited after each Selenium command.</doc>
<status status="PASS" starttime="20250208 00:52:50.897" endtime="20250208 00:52:50.897"/>
</kw>
<kw name="Barrons Article Sign in Process" library="DefinedKeywords">
<kw name="Wait Until Element Is Visible" library="SeleniumLibrary">
<arg>//*[@id="__next"]/header/div/div[1]/div[3]/div/a</arg>
<doc>Waits until the element ``locator`` is visible.</doc>
<status status="PASS" starttime="20250208 00:52:50.898" endtime="20250208 00:52:52.055"/>
</kw>
<kw name="Click Element" library="SeleniumLibrary">
<arg>//*[@id="__next"]/header/div/div[1]/div[3]/div/a</arg>
<doc>Click the element identified by ``locator``.</doc>
<msg timestamp="20250208 00:52:52.056" level="INFO">Clicking element '//*[@id="__next"]/header/div/div[1]/div[3]/div/a'.</msg>
<status status="PASS" starttime="20250208 00:52:52.055" endtime="20250208 00:52:54.764"/>
</kw>
<kw name="Wait Until Element Is Visible" library="SeleniumLibrary">
<arg>//*[@id="emailOrUsername"]</arg>
<doc>Waits until the element ``locator`` is visible.</doc>
<status status="PASS" starttime="20250208 00:52:54.764" endtime="20250208 00:52:55.806"/>
</kw>
<kw name="Input Text" library="SeleniumLibrary">
<arg>//*[@id="emailOrUsername"]</arg>
<arg>QABARRONSONLY</arg>
<doc>Types the given ``text`` into the text field identified by ``locator``.</doc>
<msg timestamp="20250208 00:52:55.807" level="INFO">Typing text 'QABARRONSONLY' into text field '//*[@id="emailOrUsername"]'.</msg>
<status status="PASS" starttime="20250208 00:52:55.806" endtime="20250208 00:52:57.434"/>
</kw>
<kw name="Set Selenium Implicit Wait" library="SeleniumLibrary">
<arg>10s</arg>
<doc>Sets the implicit wait value used by Selenium.</doc>
<status status="PASS" starttime="20250208 00:52:57.434" endtime="20250208 00:52:57.939"/>
</kw>
<kw name="Click Button" library="SeleniumLibrary">
<arg>//html/body/div/section/div/div[2]/form/button[1]</arg>
<doc>Clicks the button identified by ``locator``.</doc>
<msg timestamp="20250208 00:52:57.939" level="INFO">Clicking button '//html/body/div/section/div/div[2]/form/button[1]'.</msg>
<status status="PASS" starttime="20250208 00:52:57.939" endtime="20250208 00:53:00.699"/>
</kw>
<kw name="Set Selenium Implicit Wait" library="SeleniumLibrary">
<arg>10s</arg>
<doc>Sets the implicit wait value used by Selenium.</doc>
<status status="PASS" starttime="20250208 00:53:00.699" endtime="20250208 00:53:01.203"/>
</kw>
<kw name="Wait Until Element Is Visible" library="SeleniumLibrary">
<arg>//*[@id="password"]</arg>
<doc>Waits until the element ``locator`` is visible.</doc>
<status status="PASS" starttime="20250208 00:53:01.203" endtime="20250208 00:53:02.222"/>
</kw>
<kw name="Input Text" library="SeleniumLibrary">
<arg>//*[@id="password"]</arg>
<arg>password1</arg>
<doc>Types the given ``text`` into the text field identified by ``locator``.</doc>
<msg timestamp="20250208 00:53:02.222" level="INFO">Typing text 'password1' into text field '//*[@id="password"]'.</msg>
<status status="PASS" starttime="20250208 00:53:02.222" endtime="20250208 00:53:03.775"/>
</kw>
<kw name="Set Selenium Implicit Wait" library="SeleniumLibrary">
<arg>10</arg>
<doc>Sets the implicit wait value used by Selenium.</doc>
<status status="PASS" starttime="20250208 00:53:03.775" endtime="20250208 00:53:04.279"/>
</kw>
<kw name="Wait Until Element Is Visible" library="SeleniumLibrary">
<arg>//html/body/div/section/div/div[2]/form/button</arg>
<doc>Waits until the element ``locator`` is visible.</doc>
<status status="PASS" starttime="20250208 00:53:04.280" endtime="20250208 00:53:05.299"/>
</kw>
<kw name="Click Element" library="SeleniumLibrary">
<arg>//html/body/div/section/div/div[2]/form/button</arg>
<doc>Click the element identified by ``locator``.</doc>
<msg timestamp="20250208 00:53:05.299" level="INFO">Clicking element '//html/body/div/section/div/div[2]/form/button'.</msg>
<status status="PASS" starttime="20250208 00:53:05.299" endtime="20250208 00:53:08.772"/>
</kw>
<status status="PASS" starttime="20250208 00:52:50.898" endtime="20250208 00:53:08.772"/>
</kw>
<kw name="Set Selenium Implicit Wait" library="SeleniumLibrary">
<arg>50s</arg>
<doc>Sets the implicit wait value used by Selenium.</doc>
<status status="PASS" starttime="20250208 00:53:08.775" endtime="20250208 00:53:09.282"/>
</kw>
<kw name="Validate author on article page" library="BarronsArticlePage">
<kw name="Page Should Contain" library="SeleniumLibrary">
<arg>Teresa Rivas</arg>
<doc>Verifies that current page contains ``text``.</doc>
<msg timestamp="20250208 00:55:44.633" level="INFO" html="true">&lt;/td&gt;&lt;/tr&gt;&lt;tr&gt;&lt;td colspan="3"&gt;&lt;a href="selenium-screenshot-374.png"&gt;&lt;img src="selenium-screenshot-374.png" width="800px"&gt;&lt;/a&gt;</msg>
<msg timestamp="20250208 00:55:44.634" level="FAIL">StaleElementReferenceException: Message: The element with the reference 1f38ecac-1ca2-403b-b5af-c291d536a4f0 is stale; either its node document is not the active document, or it is no longer connected to the DOM; For documentation on this error, please visit: https://www.selenium.dev/documentation/webdriver/troubleshooting/errors#stale-element-reference-exception
Stacktrace:
RemoteError@chrome://remote/content/shared/RemoteError.sys.mjs:8:8
WebDriverError@chrome://remote/content/shared/webdriver/Errors.sys.mjs:197:5
StaleElementReferenceError@chrome://remote/content/shared/webdriver/Errors.sys.mjs:755:5
getKnownElement@chrome://remote/content/marionette/json.sys.mjs:405:11
deserializeJSON@chrome://remote/content/marionette/json.sys.mjs:263:20
cloneObject@chrome://remote/content/marionette/json.sys.mjs:59:24
deserializeJSON@chrome://remote/content/marionette/json.sys.mjs:293:16
json.deserialize@chrome://remote/content/marionette/json.sys.mjs:297:10
receiveMessage@chrome://remote/content/marionette/actors/MarionetteCommandsChild.sys.mjs:195:30
</msg>
<status status="FAIL" starttime="20250208 00:53:09.283" endtime="20250208 00:55:44.639"/>
</kw>
<status status="FAIL" starttime="20250208 00:53:09.282" endtime="20250208 00:55:44.639"/>
</kw>
<kw name="Finish Testcase" library="CommonFunctionality" type="TEARDOWN">
<kw name="Close Browser" library="SeleniumLibrary">
<doc>Closes the current browser.</doc>
<status status="PASS" starttime="20250208 00:55:44.641" endtime="20250208 00:55:48.490"/>
</kw>
<status status="PASS" starttime="20250208 00:55:44.641" endtime="20250208 00:55:48.490"/>
</kw>
<doc>This test case validates the multiple authors follow button from articles page</doc>
<tag>Article</tag>
<tag>Barrons</tag>
<tag>BarronsMultipleauthors</tag>
<tag>Follow</tag>
<tag>MultipleAuthors</tag>
<tag>Regression</tag>
<tag>US-T55</tag>
<status status="FAIL" starttime="20250208 00:52:33.805" endtime="20250208 00:55:48.491">StaleElementReferenceException: Message: The element with the reference 1f38ecac-1ca2-403b-b5af-c291d536a4f0 is stale; either its node document is not the active document, or it is no longer connected to the DOM; For documentation on this error, please visit: https://www.selenium.dev/documentation/webdriver/troubleshooting/errors#stale-element-reference-exception
Stacktrace:
RemoteError@chrome://remote/content/shared/RemoteError.sys.mjs:8:8
WebDriverError@chrome://remote/content/shared/webdriver/Errors.sys.mjs:197:5
StaleElementReferenceError@chrome://remote/content/shared/webdriver/Errors.sys.mjs:755:5
getKnownElement@chrome://remote/content/marionette/json.sys.mjs:405:11
deserializeJSON@chrome://remote/content/marionette/json.sys.mjs:263:20
cloneObject@chrome://remote/content/marionette/json.sys.mjs:59:24
deserializeJSON@chrome://remote/content/marionette/json.sys.mjs:293:16
json.deserialize@chrome://remote/content/marionette/json.sys.mjs:297:10
receiveMessage@chrome://remote/content/marionette/actors/MarionetteCommandsChild.sys.mjs:195:30
</status>
</test>
<doc>Barrons Regression Tests</doc>
<status status="FAIL" starttime="20250208 00:52:32.965" endtime="20250208 00:55:48.492"/>
</suite>
<status status="FAIL" starttime="20250208 00:52:32.963" endtime="20250208 00:55:48.494"/>
</suite>
<status status="FAIL" starttime="20250208 00:52:32.960" endtime="20250208 00:55:48.497"/>
</suite>
<status status="FAIL" starttime="20250208 00:52:32.958" endtime="20250208 00:55:48.498"/>
</suite>
<status status="FAIL" starttime="20250208 00:52:32.953" endtime="20250208 00:55:48.500"/>
</suite>
<status status="FAIL" starttime="20250208 00:52:32.910" endtime="20250208 00:55:48.502"/>
</suite>
<statistics>
<total>
<stat pass="0" fail="1" skip="0">All Tests</stat>
</total>
<tag>
<stat pass="0" fail="1" skip="0">Article</stat>
<stat pass="0" fail="1" skip="0">Barrons</stat>
<stat pass="0" fail="1" skip="0">BarronsMultipleauthors</stat>
<stat pass="0" fail="1" skip="0">Follow</stat>
<stat pass="0" fail="1" skip="0">MultipleAuthors</stat>
<stat pass="0" fail="1" skip="0">Regression</stat>
<stat pass="0" fail="1" skip="0">US-T55</stat>
</tag>
<suite>
<stat pass="0" fail="1" skip="0" id="s1" name="Userservices-Qa-Automation">Userservices-Qa-Automation</stat>
<stat pass="0" fail="1" skip="0" id="s1-s1" name="Panda-Qa">Userservices-Qa-Automation.Panda-Qa</stat>
<stat pass="0" fail="1" skip="0" id="s1-s1-s1" name="Tests">Userservices-Qa-Automation.Panda-Qa.Tests</stat>
<stat pass="0" fail="1" skip="0" id="s1-s1-s1-s1" name="FollowWidget">Userservices-Qa-Automation.Panda-Qa.Tests.FollowWidget</stat>
<stat pass="0" fail="1" skip="0" id="s1-s1-s1-s1-s1" name="Regression">Userservices-Qa-Automation.Panda-Qa.Tests.FollowWidget.Regression</stat>
<stat pass="0" fail="1" skip="0" id="s1-s1-s1-s1-s1-s1" name="Barrons Regression">Userservices-Qa-Automation.Panda-Qa.Tests.FollowWidget.Regression.Barrons Regression</stat>
</suite>
</statistics>
<errors>
</errors>
</robot>
