<?xml version="1.0" encoding="UTF-8"?>
<robot generator="Robot 6.1.1 (Python 3.12.0 on win32)" generated="20240226 19:44:19.399" rpa="false" schemaversion="4">
<suite id="s1" name="Panda-Qa-Develop" source="D:\Users\khanduria\PycharmProjects\panda-qa-develop">
<suite id="s1-s1" name="Panda-Qa" source="D:\Users\khanduria\PycharmProjects\panda-qa-develop\panda-qa">
<suite id="s1-s1-s1" name="Tests" source="D:\Users\khanduria\PycharmProjects\panda-qa-develop\panda-qa\Tests">
<suite id="s1-s1-s1-s1" name="FollowWidget" source="D:\Users\khanduria\PycharmProjects\panda-qa-develop\panda-qa\Tests\FollowWidget">
<suite id="s1-s1-s1-s1-s1" name="Regression" source="D:\Users\khanduria\PycharmProjects\panda-qa-develop\panda-qa\Tests\FollowWidget\Regression">
<suite id="s1-s1-s1-s1-s1-s1" name="Barrons Regression" source="D:\Users\khanduria\PycharmProjects\panda-qa-develop\panda-qa\Tests\FollowWidget\Regression\Barrons_Regression.robot">
<test id="s1-s1-s1-s1-s1-s1-t1" name="Validate the multiple authors follow button from articles page" line="28">
<kw name="Start Barrons Article" library="CommonFunctionality" type="SETUP">
<kw name="Set Selenium Speed" library="SeleniumLibrary">
<arg>0.5 seconds</arg>
<doc>Sets the delay that is waited after each Selenium command.</doc>
<status status="PASS" starttime="20240226 19:44:20.103" endtime="20240226 19:44:20.104"/>
</kw>
<if>
<branch type="IF" condition="${Env} == &quot;prod&quot;">
<kw name="Open Browser" library="SeleniumLibrary">
<arg>https://www.barrons.com</arg>
<arg>${Browser}</arg>
<doc>Opens a new browser instance to the optional ``url``.</doc>
<status status="NOT RUN" starttime="20240226 19:44:20.104" endtime="20240226 19:44:20.104"/>
</kw>
<kw name="Go To" library="SeleniumLibrary">
<arg>https://www.barrons.com/articles/wendys-wen-stock-earnings-51652268634</arg>
<doc>Navigates the current browser window to the provided ``url``.</doc>
<status status="NOT RUN" starttime="20240226 19:44:20.104" endtime="20240226 19:44:20.105"/>
</kw>
<status status="NOT RUN" starttime="20240226 19:44:20.104" endtime="20240226 19:44:20.105"/>
</branch>
<branch type="ELSE IF" condition="${Env} == &quot;dev&quot;">
<kw name="Open Browser" library="SeleniumLibrary">
<arg>https://www.s.dev.barrons.com</arg>
<arg>${Browser}</arg>
<doc>Opens a new browser instance to the optional ``url``.</doc>
<msg timestamp="20240226 19:44:20.105" level="INFO">Opening browser 'ff' to base url 'https://www.s.dev.barrons.com'.</msg>
<status status="PASS" starttime="20240226 19:44:20.105" endtime="20240226 19:44:39.611"/>
</kw>
<kw name="Go To" library="SeleniumLibrary">
<arg>https://www.s.dev.barrons.com/articles/buy-under-armour-stock-pick-51650672000</arg>
<doc>Navigates the current browser window to the provided ``url``.</doc>
<msg timestamp="20240226 19:44:39.613" level="INFO">Opening url 'https://www.s.dev.barrons.com/articles/buy-under-armour-stock-pick-51650672000'</msg>
<status status="PASS" starttime="20240226 19:44:39.611" endtime="20240226 19:44:42.250"/>
</kw>
<status status="PASS" starttime="20240226 19:44:20.105" endtime="20240226 19:44:42.250"/>
</branch>
<status status="PASS" starttime="20240226 19:44:20.104" endtime="20240226 19:44:42.250"/>
</if>
<kw name="Wait Until Page Contains Element" library="SeleniumLibrary">
<arg>dom:${JSFollowButtonBarronsPath}</arg>
<doc>Waits until the element ``locator`` appears on the current page.</doc>
<msg timestamp="20240226 19:44:43.108" level="INFO" html="true">&lt;/td&gt;&lt;/tr&gt;&lt;tr&gt;&lt;td colspan="3"&gt;&lt;a href="selenium-screenshot-465.png"&gt;&lt;img src="selenium-screenshot-465.png" width="800px"&gt;&lt;/a&gt;</msg>
<msg timestamp="20240226 19:44:43.108" level="FAIL">JavascriptException: Message: TypeError: document.querySelector(...).shadowRoot is null
Stacktrace:
@https://www.s.dev.barrons.com/articles/buy-under-armour-stock-pick-51650672000:2:23
@https://www.s.dev.barrons.com/articles/buy-under-armour-stock-pick-51650672000:3:8
</msg>
<status status="FAIL" starttime="20240226 19:44:42.250" endtime="20240226 19:44:43.116"/>
</kw>
<kw name="Maximize Browser Window" library="SeleniumLibrary">
<doc>Maximizes current browser window.</doc>
<status status="NOT RUN" starttime="20240226 19:44:43.117" endtime="20240226 19:44:43.117"/>
</kw>
<status status="FAIL" starttime="20240226 19:44:20.103" endtime="20240226 19:44:43.117"/>
</kw>
<kw name="Finish Testcase" library="CommonFunctionality" type="TEARDOWN">
<kw name="Close Browser" library="SeleniumLibrary">
<doc>Closes the current browser.</doc>
<status status="PASS" starttime="20240226 19:44:43.118" endtime="20240226 19:44:47.516"/>
</kw>
<status status="PASS" starttime="20240226 19:44:43.118" endtime="20240226 19:44:47.516"/>
</kw>
<doc>This test case validates the multiple authors follow button from articles page</doc>
<tag>Article</tag>
<tag>Barrons</tag>
<tag>BarronsMultipleauthors</tag>
<tag>Follow</tag>
<tag>MultipleAuthors</tag>
<tag>Regression</tag>
<tag>TagBarronsMA</tag>
<status status="FAIL" starttime="20240226 19:44:20.101" endtime="20240226 19:44:47.517">Setup failed:
JavascriptException: Message: TypeError: document.querySelector(...).shadowRoot is null
Stacktrace:
@https://www.s.dev.barrons.com/articles/buy-under-armour-stock-pick-51650672000:2:23
@https://www.s.dev.barrons.com/articles/buy-under-armour-stock-pick-51650672000:3:8
</status>
</test>
<doc>Barrons Regression Tests</doc>
<status status="FAIL" starttime="20240226 19:44:19.488" endtime="20240226 19:44:47.518"/>
</suite>
<status status="FAIL" starttime="20240226 19:44:19.482" endtime="20240226 19:44:47.520"/>
</suite>
<status status="FAIL" starttime="20240226 19:44:19.477" endtime="20240226 19:44:47.523"/>
</suite>
<status status="FAIL" starttime="20240226 19:44:19.466" endtime="20240226 19:44:47.524"/>
</suite>
<status status="FAIL" starttime="20240226 19:44:19.462" endtime="20240226 19:44:47.525"/>
</suite>
<status status="FAIL" starttime="20240226 19:44:19.405" endtime="20240226 19:44:47.527"/>
</suite>
<statistics>
<total>
<stat pass="0" fail="1" skip="0">All Tests</stat>
</total>
<tag>
<stat pass="0" fail="1" skip="0">Article</stat>
<stat pass="0" fail="1" skip="0">Barrons</stat>
<stat pass="0" fail="1" skip="0">BarronsMultipleauthors</stat>
<stat pass="0" fail="1" skip="0">Follow</stat>
<stat pass="0" fail="1" skip="0">MultipleAuthors</stat>
<stat pass="0" fail="1" skip="0">Regression</stat>
<stat pass="0" fail="1" skip="0">TagBarronsMA</stat>
</tag>
<suite>
<stat pass="0" fail="1" skip="0" id="s1" name="Panda-Qa-Develop">Panda-Qa-Develop</stat>
<stat pass="0" fail="1" skip="0" id="s1-s1" name="Panda-Qa">Panda-Qa-Develop.Panda-Qa</stat>
<stat pass="0" fail="1" skip="0" id="s1-s1-s1" name="Tests">Panda-Qa-Develop.Panda-Qa.Tests</stat>
<stat pass="0" fail="1" skip="0" id="s1-s1-s1-s1" name="FollowWidget">Panda-Qa-Develop.Panda-Qa.Tests.FollowWidget</stat>
<stat pass="0" fail="1" skip="0" id="s1-s1-s1-s1-s1" name="Regression">Panda-Qa-Develop.Panda-Qa.Tests.FollowWidget.Regression</stat>
<stat pass="0" fail="1" skip="0" id="s1-s1-s1-s1-s1-s1" name="Barrons Regression">Panda-Qa-Develop.Panda-Qa.Tests.FollowWidget.Regression.Barrons Regression</stat>
</suite>
</statistics>
<errors>
</errors>
</robot>
