<?xml version="1.0" encoding="UTF-8"?>
<robot generator="Robot 6.1.1 (Python 3.12.5 on win32)" generated="20250206 13:09:09.065" rpa="false" schemaversion="4">
<suite id="s1" name="Userservices-Qa-Automation" source="D:\Users\sasikumarj\PycharmProjects\userservices-qa-automation">
<suite id="s1-s1" name="Panda-Qa" source="D:\Users\sasikumarj\PycharmProjects\userservices-qa-automation\panda-qa">
<suite id="s1-s1-s1" name="Tests" source="D:\Users\sasikumarj\PycharmProjects\userservices-qa-automation\panda-qa\Tests">
<suite id="s1-s1-s1-s1" name="FollowWidget" source="D:\Users\sasikumarj\PycharmProjects\userservices-qa-automation\panda-qa\Tests\FollowWidget">
<suite id="s1-s1-s1-s1-s1" name="Regression" source="D:\Users\sasikumarj\PycharmProjects\userservices-qa-automation\panda-qa\Tests\FollowWidget\Regression">
<suite id="s1-s1-s1-s1-s1-s1" name="API Automation" source="D:\Users\sasikumarj\PycharmProjects\userservices-qa-automation\panda-qa\Tests\FollowWidget\Regression\API_Automation.robot">
<test id="s1-s1-s1-s1-s1-s1-t1" name="Validate delete subscription API for Barrons Brand" line="29">
<kw name="Start Barrons Article" library="CommonFunctionality" type="SETUP">
<kw name="Set Selenium Speed" library="SeleniumLibrary">
<arg>0.5 seconds</arg>
<doc>Sets the delay that is waited after each Selenium command.</doc>
<status status="PASS" starttime="20250206 13:09:10.239" endtime="20250206 13:09:10.240"/>
</kw>
<kw name="Set Browser Options" library="CommonFunctionality">
<var>${options}</var>
<if>
<branch type="IF" condition="&quot;${Browser}&quot; == &quot;firefox&quot;">
<kw name="Evaluate" library="BuiltIn">
<var>${options}</var>
<arg>selenium.webdriver.FirefoxOptions()</arg>
<doc>Evaluates the given expression in Python and returns the result.</doc>
<status status="NOT RUN" starttime="20250206 13:09:10.241" endtime="20250206 13:09:10.241"/>
</kw>
<kw name="Call Method" library="BuiltIn">
<arg>${options}</arg>
<arg>add_argument</arg>
<arg>--CreateProfile</arg>
<doc>Calls the named method of the given object with the provided arguments.</doc>
<status status="NOT RUN" starttime="20250206 13:09:10.241" endtime="20250206 13:09:10.241"/>
</kw>
<kw name="Call Method" library="BuiltIn">
<arg>${options}</arg>
<arg>add_argument</arg>
<arg>--start-maximized</arg>
<doc>Calls the named method of the given object with the provided arguments.</doc>
<status status="NOT RUN" starttime="20250206 13:09:10.241" endtime="20250206 13:09:10.241"/>
</kw>
<kw name="Call Method" library="BuiltIn">
<arg>${options}</arg>
<arg>add_argument</arg>
<arg>--disable-dev-shm-usage</arg>
<doc>Calls the named method of the given object with the provided arguments.</doc>
<status status="NOT RUN" starttime="20250206 13:09:10.241" endtime="20250206 13:09:10.241"/>
</kw>
<kw name="Call Method" library="BuiltIn">
<arg>${options}</arg>
<arg>add_argument</arg>
<arg>--no-sandbox</arg>
<doc>Calls the named method of the given object with the provided arguments.</doc>
<status status="NOT RUN" starttime="20250206 13:09:10.242" endtime="20250206 13:09:10.242"/>
</kw>
<kw name="Call Method" library="BuiltIn">
<arg>${options}</arg>
<arg>add_argument</arg>
<arg>--disable-gpu</arg>
<doc>Calls the named method of the given object with the provided arguments.</doc>
<status status="NOT RUN" starttime="20250206 13:09:10.242" endtime="20250206 13:09:10.242"/>
</kw>
<kw name="Call Method" library="BuiltIn">
<arg>${options}</arg>
<arg>add_argument</arg>
<arg>--headless</arg>
<doc>Calls the named method of the given object with the provided arguments.</doc>
<status status="NOT RUN" starttime="20250206 13:09:10.242" endtime="20250206 13:09:10.242"/>
</kw>
<kw name="Call Method" library="BuiltIn">
<arg>${options}</arg>
<arg>add_argument</arg>
<arg>--devtools.debugger.force-local</arg>
<doc>Calls the named method of the given object with the provided arguments.</doc>
<status status="NOT RUN" starttime="20250206 13:09:10.242" endtime="20250206 13:09:10.242"/>
</kw>
<kw name="Call Method" library="BuiltIn">
<arg>${options}</arg>
<arg>add_argument</arg>
<arg>--devtools.debugger.remote-enabled</arg>
<doc>Calls the named method of the given object with the provided arguments.</doc>
<status status="NOT RUN" starttime="20250206 13:09:10.242" endtime="20250206 13:09:10.242"/>
</kw>
<kw name="Call Method" library="BuiltIn">
<arg>${options}</arg>
<arg>add_argument</arg>
<arg>--devtools.chrome.enabled</arg>
<doc>Calls the named method of the given object with the provided arguments.</doc>
<status status="NOT RUN" starttime="20250206 13:09:10.242" endtime="20250206 13:09:10.242"/>
</kw>
<kw name="Call Method" library="BuiltIn">
<arg>${options}</arg>
<arg>add_argument</arg>
<arg>--devtools.debugger.prompt-connection</arg>
<doc>Calls the named method of the given object with the provided arguments.</doc>
<status status="NOT RUN" starttime="20250206 13:09:10.242" endtime="20250206 13:09:10.242"/>
</kw>
<kw name="Call Method" library="BuiltIn">
<arg>${options}</arg>
<arg>add_argument</arg>
<arg>--browser.dom.window.dump.enabled</arg>
<doc>Calls the named method of the given object with the provided arguments.</doc>
<status status="NOT RUN" starttime="20250206 13:09:10.242" endtime="20250206 13:09:10.242"/>
</kw>
<return>
<value>${options}</value>
<status status="NOT RUN" starttime="20250206 13:09:10.243" endtime="20250206 13:09:10.243"/>
</return>
<status status="NOT RUN" starttime="20250206 13:09:10.241" endtime="20250206 13:09:10.243"/>
</branch>
<branch type="ELSE IF" condition="&quot;${Browser}&quot; == &quot;chrome&quot;">
<kw name="Evaluate" library="BuiltIn">
<var>${options}</var>
<arg>selenium.webdriver.ChromeOptions()</arg>
<doc>Evaluates the given expression in Python and returns the result.</doc>
<status status="NOT RUN" starttime="20250206 13:09:10.243" endtime="20250206 13:09:10.243"/>
</kw>
<kw name="Call Method" library="BuiltIn">
<arg>${options}</arg>
<arg>add_argument</arg>
<arg>--start-maximized</arg>
<doc>Calls the named method of the given object with the provided arguments.</doc>
<status status="NOT RUN" starttime="20250206 13:09:10.243" endtime="20250206 13:09:10.243"/>
</kw>
<kw name="Call Method" library="BuiltIn">
<arg>${options}</arg>
<arg>add_argument</arg>
<arg>--disable-dev-shm-usage</arg>
<doc>Calls the named method of the given object with the provided arguments.</doc>
<status status="NOT RUN" starttime="20250206 13:09:10.243" endtime="20250206 13:09:10.243"/>
</kw>
<kw name="Call Method" library="BuiltIn">
<arg>${options}</arg>
<arg>add_argument</arg>
<arg>--no-sandbox</arg>
<doc>Calls the named method of the given object with the provided arguments.</doc>
<status status="NOT RUN" starttime="20250206 13:09:10.243" endtime="20250206 13:09:10.243"/>
</kw>
<kw name="Call Method" library="BuiltIn">
<arg>${options}</arg>
<arg>add_argument</arg>
<arg>--headless</arg>
<doc>Calls the named method of the given object with the provided arguments.</doc>
<status status="NOT RUN" starttime="20250206 13:09:10.243" endtime="20250206 13:09:10.243"/>
</kw>
<kw name="Call Method" library="BuiltIn">
<arg>${options}</arg>
<arg>add_argument</arg>
<arg>--disable-gpu</arg>
<doc>Calls the named method of the given object with the provided arguments.</doc>
<status status="NOT RUN" starttime="20250206 13:09:10.243" endtime="20250206 13:09:10.243"/>
</kw>
<kw name="Call Method" library="BuiltIn">
<arg>${options}</arg>
<arg>add_argument</arg>
<arg>--ignore-certificate-errors</arg>
<doc>Calls the named method of the given object with the provided arguments.</doc>
<status status="NOT RUN" starttime="20250206 13:09:10.243" endtime="20250206 13:09:10.243"/>
</kw>
<kw name="Call Method" library="BuiltIn">
<arg>${options}</arg>
<arg>add_argument</arg>
<arg>--disable-extensions</arg>
<doc>Calls the named method of the given object with the provided arguments.</doc>
<status status="NOT RUN" starttime="20250206 13:09:10.243" endtime="20250206 13:09:10.243"/>
</kw>
<kw name="Call Method" library="BuiltIn">
<arg>${options}</arg>
<arg>add_argument</arg>
<arg>--no-user-gesture-required</arg>
<doc>Calls the named method of the given object with the provided arguments.</doc>
<status status="NOT RUN" starttime="20250206 13:09:10.243" endtime="20250206 13:09:10.244"/>
</kw>
<kw name="Call Method" library="BuiltIn">
<arg>${options}</arg>
<arg>add_argument</arg>
<arg>--no-first-run</arg>
<doc>Calls the named method of the given object with the provided arguments.</doc>
<status status="NOT RUN" starttime="20250206 13:09:10.244" endtime="20250206 13:09:10.244"/>
</kw>
<kw name="Call Method" library="BuiltIn">
<arg>${options}</arg>
<arg>add_argument</arg>
<arg>--use-fake-ui-for-media-stream</arg>
<doc>Calls the named method of the given object with the provided arguments.</doc>
<status status="NOT RUN" starttime="20250206 13:09:10.244" endtime="20250206 13:09:10.244"/>
</kw>
<kw name="Call Method" library="BuiltIn">
<arg>${options}</arg>
<arg>add_argument</arg>
<arg>--use-fake-device-for-media-stream</arg>
<doc>Calls the named method of the given object with the provided arguments.</doc>
<status status="NOT RUN" starttime="20250206 13:09:10.244" endtime="20250206 13:09:10.244"/>
</kw>
<kw name="Call Method" library="BuiltIn">
<arg>${options}</arg>
<arg>add_argument</arg>
<arg>--disable-sync</arg>
<doc>Calls the named method of the given object with the provided arguments.</doc>
<status status="NOT RUN" starttime="20250206 13:09:10.244" endtime="20250206 13:09:10.244"/>
</kw>
<return>
<value>${options}</value>
<status status="NOT RUN" starttime="20250206 13:09:10.244" endtime="20250206 13:09:10.244"/>
</return>
<status status="NOT RUN" starttime="20250206 13:09:10.243" endtime="20250206 13:09:10.244"/>
</branch>
<status status="PASS" starttime="20250206 13:09:10.241" endtime="20250206 13:09:10.244"/>
</if>
<msg timestamp="20250206 13:09:10.244" level="INFO">${options} = None</msg>
<status status="PASS" starttime="20250206 13:09:10.240" endtime="20250206 13:09:10.244"/>
</kw>
<if>
<branch type="IF" condition="&quot;${Env}&quot; == &quot;prod&quot;">
<kw name="Open Browser" library="SeleniumLibrary">
<arg>https://www.barrons.com</arg>
<arg>${Browser}</arg>
<arg>options=${options}</arg>
<doc>Opens a new browser instance to the optional ``url``.</doc>
<msg timestamp="20250206 13:09:10.245" level="INFO">Opening browser 'edge' to base url 'https://www.barrons.com'.</msg>
<msg timestamp="20250206 13:09:11.353" level="WARN">The msedgedriver version (127.0.2651.105) detected in PATH at D:\Users\sasikumarj\AppData\Local\Programs\Python\Python312\Scripts\msedgedriver.exe might not be compatible with the detected MicrosoftEdge version (132.0.2957.140); currently, msedgedriver 132.0.2957.140 is recommended for MicrosoftEdge 132.*, so it is advised to delete the driver in PATH and retry</msg>
<msg timestamp="20250206 13:09:17.642" level="INFO">Cannot capture screenshot because no browser is open.</msg>
<msg timestamp="20250206 13:09:17.642" level="FAIL">SessionNotCreatedException: Message: session not created: This version of Microsoft Edge WebDriver only supports Microsoft Edge version 127
Current browser version is 132.0.2957.140 with binary path C:\Program Files (x86)\Microsoft\Edge\Application\msedge.exe
Stacktrace:
	GetHandleVerifier [0x00007FF73EA505A2+11762]
	Microsoft::Applications::Events::ILogConfiguration::operator* [0x00007FF73E9F08E9+271401]
	(No symbol) [0x00007FF73E80FE6E]
	(No symbol) [0x00007FF73E848038]
	(No symbol) [0x00007FF73E847602]
	(No symbol) [0x00007FF73E843D99]
	(No symbol) [0x00007FF73E83E38C]
	(No symbol) [0x00007FF73E88017F]
	(No symbol) [0x00007FF73E875BA3]
	(No symbol) [0x00007FF73E84B80C]
	(No symbol) [0x00007FF73E84ACED]
	(No symbol) [0x00007FF73E84B3D1]
	Microsoft::Applications::Events::EventProperty::empty [0x00007FF73EBCB524+879700]
	Microsoft::Applications::Events::EventProperty::~EventProperty [0x00007FF73E985D4F+56159]
	Microsoft::Applications::Events::EventProperty::~EventProperty [0x00007FF73E9786E3+1267]
	Microsoft::Applications::Events::EventProperty::empty [0x00007FF73EBCA27D+874925]
	Microsoft::Applications::Events::ILogConfiguration::operator* [0x00007FF73E9F84E1+303137]
	Microsoft::Applications::Events::ILogConfiguration::operator* [0x00007FF73E9F48A4+287716]
	Microsoft::Applications::Events::ILogConfiguration::operator* [0x00007FF73E9F49DB+288027]
	Microsoft::Applications::Events::ILogConfiguration::operator* [0x00007FF73E9EC930+255088]
	BaseThreadInitThunk [0x00007FFB433B7374+20]
	RtlUserThreadStart [0x00007FFB4367CC91+33]
</msg>
<status status="FAIL" starttime="20250206 13:09:10.244" endtime="20250206 13:09:17.649"/>
</kw>
<kw name="Go To" library="SeleniumLibrary">
<arg>https://www.barrons.com/articles/wendys-wen-stock-earnings-51652268634</arg>
<doc>Navigates the current browser window to the provided ``url``.</doc>
<status status="NOT RUN" starttime="20250206 13:09:17.649" endtime="20250206 13:09:17.649"/>
</kw>
<status status="FAIL" starttime="20250206 13:09:10.244" endtime="20250206 13:09:17.649"/>
</branch>
<branch type="ELSE IF" condition="&quot;${Env}&quot; == &quot;dev&quot;">
<kw name="Open Browser" library="SeleniumLibrary">
<arg>https://www.barrons.com</arg>
<arg>${Browser}</arg>
<arg>options=${options}</arg>
<doc>Opens a new browser instance to the optional ``url``.</doc>
<status status="NOT RUN" starttime="20250206 13:09:17.649" endtime="20250206 13:09:17.649"/>
</kw>
<kw name="Go To" library="SeleniumLibrary">
<arg>https://www.s.dev.barrons.com/articles/buy-under-armour-stock-pick-51650672000</arg>
<doc>Navigates the current browser window to the provided ``url``.</doc>
<status status="NOT RUN" starttime="20250206 13:09:17.649" endtime="20250206 13:09:17.649"/>
</kw>
<status status="NOT RUN" starttime="20250206 13:09:17.649" endtime="20250206 13:09:17.650"/>
</branch>
<status status="FAIL" starttime="20250206 13:09:10.244" endtime="20250206 13:09:17.650"/>
</if>
<kw name="Wait Until Page Contains Element" library="SeleniumLibrary">
<arg>dom:${JSFollowButtonBarronsPath}</arg>
<doc>Waits until the element ``locator`` appears on the current page.</doc>
<status status="NOT RUN" starttime="20250206 13:09:17.650" endtime="20250206 13:09:17.650"/>
</kw>
<kw name="Maximize Browser Window" library="SeleniumLibrary">
<doc>Maximizes current browser window.</doc>
<status status="NOT RUN" starttime="20250206 13:09:17.650" endtime="20250206 13:09:17.650"/>
</kw>
<status status="FAIL" starttime="20250206 13:09:10.237" endtime="20250206 13:09:17.650"/>
</kw>
<kw name="Finish Testcase" library="CommonFunctionality" type="TEARDOWN">
<kw name="Close Browser" library="SeleniumLibrary">
<doc>Closes the current browser.</doc>
<status status="PASS" starttime="20250206 13:09:17.651" endtime="20250206 13:09:17.651"/>
</kw>
<status status="PASS" starttime="20250206 13:09:17.650" endtime="20250206 13:09:17.651"/>
</kw>
<doc>This test case validates the delete subscription API Call and validdate the updated data</doc>
<tag>API</tag>
<tag>API1</tag>
<tag>Regression</tag>
<status status="FAIL" starttime="20250206 13:09:10.235" endtime="20250206 13:09:17.652">Setup failed:
SessionNotCreatedException: Message: session not created: This version of Microsoft Edge WebDriver only supports Microsoft Edge version 127
Current browser version is 132.0.2957.140 with binary path C:\Program Files (x86)\Microsoft\Edge\Application\msedge.exe
Stacktrace:
	GetHandleVerifier [0x00007FF73EA505A2+11762]
	Microsoft::Applications::Events::ILogConfiguration::operator* [0x00007FF73E9F08E9+271401]
	(No symbol) [0x00007FF73E80FE6E]
	(No symbol) [0x00007FF73E848038]
	(No symbol) [0x00007FF73E847602]
	(No symbol) [0x00007FF73E843D99]
	(No symbol) [0x00007FF73E83E38C]
	(No symbol) [0x00007FF73E88017F]
	(No symbol) [0x00007FF73E875BA3]
	(No symbol) [0x00007FF73E84B80C]
	(No symbol) [0x00007FF73E84ACED]
	(No symbol) [0x00007FF73E84B3D1]
	Microsoft::Applications::Events::EventProperty::empty [0x00007FF73EBCB524+879700]
	Microsoft::Applications::Events::EventProperty::~EventProperty [0x00007FF73E985D4F+56159]
	Microsoft::Applications::Events::EventProperty::~EventProperty [0x00007FF73E9786E3+1267]
	Microsoft::Applications::Events::EventProperty::empty [0x00007FF73EBCA27D+874925]
	Microsoft::Applications::Events::ILogConfiguration::operator* [0x00007FF73E9F84E1+303137]
	Microsoft::Applications::Events::ILogConfiguration::operator* [0x00007FF73E9F48A4+287716]
	Microsoft::Applications::Events::ILogConfiguration::operator* [0x00007FF73E9F49DB+288027]
	Microsoft::Applications::Events::ILogConfiguration::operator* [0x00007FF73E9EC930+255088]
	BaseThreadInitThunk [0x00007FFB433B7374+20]
	RtlUserThreadStart [0x00007FFB4367CC91+33]
</status>
</test>
<doc>PANDA API Regression Tests</doc>
<status status="FAIL" starttime="20250206 13:09:09.138" endtime="20250206 13:09:17.653"/>
</suite>
<status status="FAIL" starttime="20250206 13:09:09.135" endtime="20250206 13:09:17.656"/>
</suite>
<status status="FAIL" starttime="20250206 13:09:09.132" endtime="20250206 13:09:17.657"/>
</suite>
<status status="FAIL" starttime="20250206 13:09:09.128" endtime="20250206 13:09:17.659"/>
</suite>
<status status="FAIL" starttime="20250206 13:09:09.124" endtime="20250206 13:09:17.660"/>
</suite>
<status status="FAIL" starttime="20250206 13:09:09.072" endtime="20250206 13:09:17.661"/>
</suite>
<statistics>
<total>
<stat pass="0" fail="1" skip="0">All Tests</stat>
</total>
<tag>
<stat pass="0" fail="1" skip="0">API</stat>
<stat pass="0" fail="1" skip="0">API1</stat>
<stat pass="0" fail="1" skip="0">Regression</stat>
</tag>
<suite>
<stat pass="0" fail="1" skip="0" id="s1" name="Userservices-Qa-Automation">Userservices-Qa-Automation</stat>
<stat pass="0" fail="1" skip="0" id="s1-s1" name="Panda-Qa">Userservices-Qa-Automation.Panda-Qa</stat>
<stat pass="0" fail="1" skip="0" id="s1-s1-s1" name="Tests">Userservices-Qa-Automation.Panda-Qa.Tests</stat>
<stat pass="0" fail="1" skip="0" id="s1-s1-s1-s1" name="FollowWidget">Userservices-Qa-Automation.Panda-Qa.Tests.FollowWidget</stat>
<stat pass="0" fail="1" skip="0" id="s1-s1-s1-s1-s1" name="Regression">Userservices-Qa-Automation.Panda-Qa.Tests.FollowWidget.Regression</stat>
<stat pass="0" fail="1" skip="0" id="s1-s1-s1-s1-s1-s1" name="API Automation">Userservices-Qa-Automation.Panda-Qa.Tests.FollowWidget.Regression.API Automation</stat>
</suite>
</statistics>
<errors>
<msg timestamp="20250206 13:09:11.353" level="WARN">The msedgedriver version (127.0.2651.105) detected in PATH at D:\Users\sasikumarj\AppData\Local\Programs\Python\Python312\Scripts\msedgedriver.exe might not be compatible with the detected MicrosoftEdge version (132.0.2957.140); currently, msedgedriver 132.0.2957.140 is recommended for MicrosoftEdge 132.*, so it is advised to delete the driver in PATH and retry</msg>
</errors>
</robot>
