<?xml version="1.0" encoding="UTF-8"?>
<robot generator="Robot 6.1.1 (Python 3.12.5 on win32)" generated="20250209 14:52:48.465" rpa="false" schemaversion="4">
<suite id="s1" name="Userservices-Qa-Automation" source="D:\Users\sasikumarj\PycharmProjects\userservices-qa-automation">
<suite id="s1-s1" name="Panda-Qa" source="D:\Users\sasikumarj\PycharmProjects\userservices-qa-automation\panda-qa">
<suite id="s1-s1-s1" name="Tests" source="D:\Users\sasikumarj\PycharmProjects\userservices-qa-automation\panda-qa\Tests">
<suite id="s1-s1-s1-s1" name="FollowWidget" source="D:\Users\sasikumarj\PycharmProjects\userservices-qa-automation\panda-qa\Tests\FollowWidget">
<suite id="s1-s1-s1-s1-s1" name="Regression" source="D:\Users\sasikumarj\PycharmProjects\userservices-qa-automation\panda-qa\Tests\FollowWidget\Regression">
<suite id="s1-s1-s1-s1-s1-s1" name="WSJ Regression" source="D:\Users\sasikumarj\PycharmProjects\userservices-qa-automation\panda-qa\Tests\FollowWidget\Regression\WSJ_Regression.robot">
<test id="s1-s1-s1-s1-s1-s1-t1" name="Validate the WSJ Preference Center page for Commentary breadcrumb" line="298">
<kw name="Start WSJ Article" library="CommonFunctionality" type="SETUP">
<kw name="Set Selenium Speed" library="SeleniumLibrary">
<arg>0.5 seconds</arg>
<doc>Sets the delay that is waited after each Selenium command.</doc>
<status status="PASS" starttime="20250209 14:52:49.063" endtime="20250209 14:52:49.064"/>
</kw>
<kw name="Set Browser Options" library="CommonFunctionality">
<var>${options}</var>
<if>
<branch type="IF" condition="&quot;${Browser}&quot; == &quot;firefox&quot;">
<kw name="Evaluate" library="BuiltIn">
<var>${options}</var>
<arg>selenium.webdriver.FirefoxOptions()</arg>
<doc>Evaluates the given expression in Python and returns the result.</doc>
<status status="NOT RUN" starttime="20250209 14:52:49.064" endtime="20250209 14:52:49.064"/>
</kw>
<kw name="Call Method" library="BuiltIn">
<arg>${options}</arg>
<arg>add_argument</arg>
<arg>--CreateProfile</arg>
<doc>Calls the named method of the given object with the provided arguments.</doc>
<status status="NOT RUN" starttime="20250209 14:52:49.064" endtime="20250209 14:52:49.064"/>
</kw>
<kw name="Call Method" library="BuiltIn">
<arg>${options}</arg>
<arg>add_argument</arg>
<arg>--start-maximized</arg>
<doc>Calls the named method of the given object with the provided arguments.</doc>
<status status="NOT RUN" starttime="20250209 14:52:49.064" endtime="20250209 14:52:49.064"/>
</kw>
<kw name="Call Method" library="BuiltIn">
<arg>${options}</arg>
<arg>add_argument</arg>
<arg>--disable-dev-shm-usage</arg>
<doc>Calls the named method of the given object with the provided arguments.</doc>
<status status="NOT RUN" starttime="20250209 14:52:49.065" endtime="20250209 14:52:49.065"/>
</kw>
<kw name="Call Method" library="BuiltIn">
<arg>${options}</arg>
<arg>add_argument</arg>
<arg>--no-sandbox</arg>
<doc>Calls the named method of the given object with the provided arguments.</doc>
<status status="NOT RUN" starttime="20250209 14:52:49.065" endtime="20250209 14:52:49.065"/>
</kw>
<kw name="Call Method" library="BuiltIn">
<arg>${options}</arg>
<arg>add_argument</arg>
<arg>--disable-gpu</arg>
<doc>Calls the named method of the given object with the provided arguments.</doc>
<status status="NOT RUN" starttime="20250209 14:52:49.065" endtime="20250209 14:52:49.065"/>
</kw>
<kw name="Call Method" library="BuiltIn">
<arg>${options}</arg>
<arg>add_argument</arg>
<arg>--headless</arg>
<doc>Calls the named method of the given object with the provided arguments.</doc>
<status status="NOT RUN" starttime="20250209 14:52:49.065" endtime="20250209 14:52:49.065"/>
</kw>
<kw name="Call Method" library="BuiltIn">
<arg>${options}</arg>
<arg>add_argument</arg>
<arg>--devtools.debugger.force-local</arg>
<doc>Calls the named method of the given object with the provided arguments.</doc>
<status status="NOT RUN" starttime="20250209 14:52:49.065" endtime="20250209 14:52:49.065"/>
</kw>
<kw name="Call Method" library="BuiltIn">
<arg>${options}</arg>
<arg>add_argument</arg>
<arg>--devtools.debugger.remote-enabled</arg>
<doc>Calls the named method of the given object with the provided arguments.</doc>
<status status="NOT RUN" starttime="20250209 14:52:49.065" endtime="20250209 14:52:49.065"/>
</kw>
<kw name="Call Method" library="BuiltIn">
<arg>${options}</arg>
<arg>add_argument</arg>
<arg>--devtools.chrome.enabled</arg>
<doc>Calls the named method of the given object with the provided arguments.</doc>
<status status="NOT RUN" starttime="20250209 14:52:49.065" endtime="20250209 14:52:49.065"/>
</kw>
<kw name="Call Method" library="BuiltIn">
<arg>${options}</arg>
<arg>add_argument</arg>
<arg>--devtools.debugger.prompt-connection</arg>
<doc>Calls the named method of the given object with the provided arguments.</doc>
<status status="NOT RUN" starttime="20250209 14:52:49.065" endtime="20250209 14:52:49.065"/>
</kw>
<kw name="Call Method" library="BuiltIn">
<arg>${options}</arg>
<arg>add_argument</arg>
<arg>--browser.dom.window.dump.enabled</arg>
<doc>Calls the named method of the given object with the provided arguments.</doc>
<status status="NOT RUN" starttime="20250209 14:52:49.065" endtime="20250209 14:52:49.065"/>
</kw>
<return>
<value>${options}</value>
<status status="NOT RUN" starttime="20250209 14:52:49.065" endtime="20250209 14:52:49.065"/>
</return>
<status status="NOT RUN" starttime="20250209 14:52:49.064" endtime="20250209 14:52:49.065"/>
</branch>
<branch type="ELSE IF" condition="&quot;${Browser}&quot; == &quot;chrome&quot;">
<kw name="Evaluate" library="BuiltIn">
<var>${options}</var>
<arg>selenium.webdriver.ChromeOptions()</arg>
<doc>Evaluates the given expression in Python and returns the result.</doc>
<status status="NOT RUN" starttime="20250209 14:52:49.066" endtime="20250209 14:52:49.066"/>
</kw>
<kw name="Call Method" library="BuiltIn">
<arg>${options}</arg>
<arg>add_argument</arg>
<arg>--start-maximized</arg>
<doc>Calls the named method of the given object with the provided arguments.</doc>
<status status="NOT RUN" starttime="20250209 14:52:49.066" endtime="20250209 14:52:49.066"/>
</kw>
<kw name="Call Method" library="BuiltIn">
<arg>${options}</arg>
<arg>add_argument</arg>
<arg>--disable-dev-shm-usage</arg>
<doc>Calls the named method of the given object with the provided arguments.</doc>
<status status="NOT RUN" starttime="20250209 14:52:49.066" endtime="20250209 14:52:49.066"/>
</kw>
<kw name="Call Method" library="BuiltIn">
<arg>${options}</arg>
<arg>add_argument</arg>
<arg>--no-sandbox</arg>
<doc>Calls the named method of the given object with the provided arguments.</doc>
<status status="NOT RUN" starttime="20250209 14:52:49.066" endtime="20250209 14:52:49.067"/>
</kw>
<kw name="Call Method" library="BuiltIn">
<arg>${options}</arg>
<arg>add_argument</arg>
<arg>--headless</arg>
<doc>Calls the named method of the given object with the provided arguments.</doc>
<status status="NOT RUN" starttime="20250209 14:52:49.067" endtime="20250209 14:52:49.067"/>
</kw>
<kw name="Call Method" library="BuiltIn">
<arg>${options}</arg>
<arg>add_argument</arg>
<arg>--disable-gpu</arg>
<doc>Calls the named method of the given object with the provided arguments.</doc>
<status status="NOT RUN" starttime="20250209 14:52:49.067" endtime="20250209 14:52:49.067"/>
</kw>
<kw name="Call Method" library="BuiltIn">
<arg>${options}</arg>
<arg>add_argument</arg>
<arg>--ignore-certificate-errors</arg>
<doc>Calls the named method of the given object with the provided arguments.</doc>
<status status="NOT RUN" starttime="20250209 14:52:49.067" endtime="20250209 14:52:49.067"/>
</kw>
<kw name="Call Method" library="BuiltIn">
<arg>${options}</arg>
<arg>add_argument</arg>
<arg>--disable-extensions</arg>
<doc>Calls the named method of the given object with the provided arguments.</doc>
<status status="NOT RUN" starttime="20250209 14:52:49.067" endtime="20250209 14:52:49.067"/>
</kw>
<kw name="Call Method" library="BuiltIn">
<arg>${options}</arg>
<arg>add_argument</arg>
<arg>--no-user-gesture-required</arg>
<doc>Calls the named method of the given object with the provided arguments.</doc>
<status status="NOT RUN" starttime="20250209 14:52:49.067" endtime="20250209 14:52:49.067"/>
</kw>
<kw name="Call Method" library="BuiltIn">
<arg>${options}</arg>
<arg>add_argument</arg>
<arg>--no-first-run</arg>
<doc>Calls the named method of the given object with the provided arguments.</doc>
<status status="NOT RUN" starttime="20250209 14:52:49.067" endtime="20250209 14:52:49.067"/>
</kw>
<kw name="Call Method" library="BuiltIn">
<arg>${options}</arg>
<arg>add_argument</arg>
<arg>--use-fake-ui-for-media-stream</arg>
<doc>Calls the named method of the given object with the provided arguments.</doc>
<status status="NOT RUN" starttime="20250209 14:52:49.067" endtime="20250209 14:52:49.067"/>
</kw>
<kw name="Call Method" library="BuiltIn">
<arg>${options}</arg>
<arg>add_argument</arg>
<arg>--use-fake-device-for-media-stream</arg>
<doc>Calls the named method of the given object with the provided arguments.</doc>
<status status="NOT RUN" starttime="20250209 14:52:49.067" endtime="20250209 14:52:49.068"/>
</kw>
<kw name="Call Method" library="BuiltIn">
<arg>${options}</arg>
<arg>add_argument</arg>
<arg>--disable-sync</arg>
<doc>Calls the named method of the given object with the provided arguments.</doc>
<status status="NOT RUN" starttime="20250209 14:52:49.068" endtime="20250209 14:52:49.068"/>
</kw>
<return>
<value>${options}</value>
<status status="NOT RUN" starttime="20250209 14:52:49.068" endtime="20250209 14:52:49.068"/>
</return>
<status status="NOT RUN" starttime="20250209 14:52:49.066" endtime="20250209 14:52:49.068"/>
</branch>
<status status="PASS" starttime="20250209 14:52:49.064" endtime="20250209 14:52:49.068"/>
</if>
<msg timestamp="20250209 14:52:49.068" level="INFO">${options} = None</msg>
<status status="PASS" starttime="20250209 14:52:49.064" endtime="20250209 14:52:49.068"/>
</kw>
<if>
<branch type="IF" condition="&quot;${Env}&quot; == &quot;prod&quot;">
<kw name="Open Browser" library="SeleniumLibrary">
<arg>https://www.wsj.com</arg>
<arg>${Browser}</arg>
<arg>options=${options}</arg>
<doc>Opens a new browser instance to the optional ``url``.</doc>
<status status="NOT RUN" starttime="20250209 14:52:49.068" endtime="20250209 14:52:49.068"/>
</kw>
<kw name="Go To" library="SeleniumLibrary">
<arg>https://www.wsj.com/articles/twitter-elon-musk-to-argue-over-trial-timetable-to-force-44-billion-takeover-11658223001?cx_testId=3&amp;cx_testVariant=cx_5&amp;cx_artPos=6&amp;mod=WTRN#cxrecs_s</arg>
<doc>Navigates the current browser window to the provided ``url``.</doc>
<status status="NOT RUN" starttime="20250209 14:52:49.068" endtime="20250209 14:52:49.068"/>
</kw>
<status status="NOT RUN" starttime="20250209 14:52:49.068" endtime="20250209 14:52:49.068"/>
</branch>
<branch type="ELSE IF" condition="&quot;${Env}&quot; == &quot;dev&quot;">
<kw name="Open Browser" library="SeleniumLibrary">
<arg>https://www.dev.wsj.com</arg>
<arg>${Browser}</arg>
<arg>options=${options}</arg>
<doc>Opens a new browser instance to the optional ``url``.</doc>
<msg timestamp="20250209 14:52:49.069" level="INFO">Opening browser 'ff' to base url 'https://www.dev.wsj.com'.</msg>
<status status="PASS" starttime="20250209 14:52:49.068" endtime="20250209 14:53:00.749"/>
</kw>
<kw name="Go To" library="SeleniumLibrary">
<arg>https://www.dev.wsj.com/articles/twitter-elon-musk-to-argue-over-trial-timetable-to-force-44-billion-takeover-11658223001?cx_testId=3&amp;cx_testVariant=cx_5&amp;cx_artPos=6&amp;mod=WTRN#cxrecs_s</arg>
<doc>Navigates the current browser window to the provided ``url``.</doc>
<msg timestamp="20250209 14:53:00.750" level="INFO">Opening url 'https://www.dev.wsj.com/articles/twitter-elon-musk-to-argue-over-trial-timetable-to-force-44-billion-takeover-11658223001?cx_testId=3&amp;cx_testVariant=cx_5&amp;cx_artPos=6&amp;mod=WTRN#cxrecs_s'</msg>
<status status="PASS" starttime="20250209 14:53:00.749" endtime="20250209 14:53:04.485"/>
</kw>
<status status="PASS" starttime="20250209 14:52:49.068" endtime="20250209 14:53:04.485"/>
</branch>
<status status="PASS" starttime="20250209 14:52:49.068" endtime="20250209 14:53:04.485"/>
</if>
<kw name="Maximize Browser Window" library="SeleniumLibrary">
<doc>Maximizes current browser window.</doc>
<status status="PASS" starttime="20250209 14:53:04.485" endtime="20250209 14:53:04.990"/>
</kw>
<status status="PASS" starttime="20250209 14:52:49.063" endtime="20250209 14:53:04.990"/>
</kw>
<kw name="CookieTestWSJ" library="CommonFunctionality">
<kw name="Open Browser" library="SeleniumLibrary">
<arg>https://www.dev.wsj.com/client</arg>
<arg>${browser}</arg>
<doc>Opens a new browser instance to the optional ``url``.</doc>
<msg timestamp="20250209 14:53:04.999" level="INFO">Opening browser 'ff' to base url 'https://www.dev.wsj.com/client'.</msg>
<status status="PASS" starttime="20250209 14:53:04.998" endtime="20250209 14:53:15.410"/>
</kw>
<kw name="Add Cookie" library="SeleniumLibrary">
<arg>${CookieValue1}</arg>
<arg>quality-engineering</arg>
<doc>Adds a cookie to your current session.</doc>
<status status="PASS" starttime="20250209 14:53:15.411" endtime="20250209 14:53:15.918"/>
</kw>
<kw name="Add Cookie" library="SeleniumLibrary">
<arg>${CookieValue2}</arg>
<arg>5Nnx9DUR7NQg8XPwvztud7o0OivfiKth</arg>
<doc>Adds a cookie to your current session.</doc>
<status status="PASS" starttime="20250209 14:53:15.918" endtime="20250209 14:53:16.424"/>
</kw>
<status status="PASS" starttime="20250209 14:53:04.997" endtime="20250209 14:53:16.424"/>
</kw>
<kw name="Set Selenium Speed" library="SeleniumLibrary">
<arg>0.2 seconds</arg>
<doc>Sets the delay that is waited after each Selenium command.</doc>
<status status="PASS" starttime="20250209 14:53:16.425" endtime="20250209 14:53:16.425"/>
</kw>
<kw name="Navigate Preference Center page" library="WSJPreferenceCenterPage">
<if>
<branch type="IF" condition="&quot;${Env}&quot; == &quot;prod&quot;">
<kw name="Go To" library="SeleniumLibrary">
<arg>https://www.wsj.com/preference-center/alerts</arg>
<doc>Navigates the current browser window to the provided ``url``.</doc>
<status status="NOT RUN" starttime="20250209 14:53:16.426" endtime="20250209 14:53:16.426"/>
</kw>
<status status="NOT RUN" starttime="20250209 14:53:16.426" endtime="20250209 14:53:16.426"/>
</branch>
<branch type="ELSE IF" condition="&quot;${Env}&quot; == &quot;dev&quot;">
<kw name="Go To" library="SeleniumLibrary">
<arg>https://www.dev.wsj.com/preference-center/alerts</arg>
<doc>Navigates the current browser window to the provided ``url``.</doc>
<msg timestamp="20250209 14:53:16.426" level="INFO">Opening url 'https://www.dev.wsj.com/preference-center/alerts'</msg>
<status status="PASS" starttime="20250209 14:53:16.426" endtime="20250209 14:53:18.723"/>
</kw>
<status status="PASS" starttime="20250209 14:53:16.426" endtime="20250209 14:53:18.723"/>
</branch>
<status status="PASS" starttime="20250209 14:53:16.426" endtime="20250209 14:53:18.723"/>
</if>
<status status="PASS" starttime="20250209 14:53:16.426" endtime="20250209 14:53:18.723"/>
</kw>
<if>
<branch type="IF" condition="&quot;${Env}&quot; == &quot;prod&quot;">
<kw name="New WSJ Sign In Process" library="DefinedKeywords">
<status status="NOT RUN" starttime="20250209 14:53:18.724" endtime="20250209 14:53:18.724"/>
</kw>
<status status="NOT RUN" starttime="20250209 14:53:18.724" endtime="20250209 14:53:18.724"/>
</branch>
<branch type="ELSE IF" condition="&quot;${Env}&quot; == &quot;dev&quot;">
<kw name="New WSJ Sign In Process" library="DefinedKeywords">
<kw name="Click Button" library="SeleniumLibrary">
<arg>//input[@type='text']</arg>
<doc>Clicks the button identified by ``locator``.</doc>
<msg timestamp="20250209 14:53:18.726" level="INFO">Clicking button '//input[@type='text']'.</msg>
<msg timestamp="20250209 14:53:19.719" level="INFO" html="true">&lt;/td&gt;&lt;/tr&gt;&lt;tr&gt;&lt;td colspan="3"&gt;&lt;a href="selenium-screenshot-423.png"&gt;&lt;img src="selenium-screenshot-423.png" width="800px"&gt;&lt;/a&gt;</msg>
<msg timestamp="20250209 14:53:19.719" level="FAIL">ElementClickInterceptedException: Message: Element &lt;input id="ref-:r1:" class="css-8ld8lg" type="text"&gt; is not clickable at point (805,577) because another element &lt;div class="loader-layout css-1gz38a3"&gt; obscures it
Stacktrace:
RemoteError@chrome://remote/content/shared/RemoteError.sys.mjs:8:8
WebDriverError@chrome://remote/content/shared/webdriver/Errors.sys.mjs:197:5
ElementClickInterceptedError@chrome://remote/content/shared/webdriver/Errors.sys.mjs:342:5
webdriverClickElement@chrome://remote/content/marionette/interaction.sys.mjs:177:11
interaction.clickElement@chrome://remote/content/marionette/interaction.sys.mjs:136:11
clickElement@chrome://remote/content/marionette/actors/MarionetteCommandsChild.sys.mjs:344:29
receiveMessage@chrome://remote/content/marionette/actors/MarionetteCommandsChild.sys.mjs:220:31
</msg>
<status status="FAIL" starttime="20250209 14:53:18.725" endtime="20250209 14:53:19.734"/>
</kw>
<kw name="Input Text" library="SeleniumLibrary">
<arg>//input[@type='text']</arg>
<arg>newsroomdev.test.6@dowjones.com</arg>
<doc>Types the given ``text`` into the text field identified by ``locator``.</doc>
<status status="NOT RUN" starttime="20250209 14:53:19.734" endtime="20250209 14:53:19.734"/>
</kw>
<kw name="Set Selenium Implicit Wait" library="SeleniumLibrary">
<arg>10s</arg>
<doc>Sets the implicit wait value used by Selenium.</doc>
<status status="NOT RUN" starttime="20250209 14:53:19.734" endtime="20250209 14:53:19.734"/>
</kw>
<kw name="Click Button" library="SeleniumLibrary">
<arg>//input[@type='submit']</arg>
<doc>Clicks the button identified by ``locator``.</doc>
<status status="NOT RUN" starttime="20250209 14:53:19.734" endtime="20250209 14:53:19.734"/>
</kw>
<kw name="Set Selenium Implicit Wait" library="SeleniumLibrary">
<arg>10s</arg>
<doc>Sets the implicit wait value used by Selenium.</doc>
<status status="NOT RUN" starttime="20250209 14:53:19.734" endtime="20250209 14:53:19.734"/>
</kw>
<kw name="Wait Until Element Is Visible" library="SeleniumLibrary">
<arg>//*[@id="input61"]</arg>
<doc>Waits until the element ``locator`` is visible.</doc>
<status status="NOT RUN" starttime="20250209 14:53:19.734" endtime="20250209 14:53:19.734"/>
</kw>
<kw name="Input Text" library="SeleniumLibrary">
<arg>//*[@id="input61"]</arg>
<arg>password1</arg>
<doc>Types the given ``text`` into the text field identified by ``locator``.</doc>
<status status="NOT RUN" starttime="20250209 14:53:19.735" endtime="20250209 14:53:19.735"/>
</kw>
<kw name="Set Selenium Implicit Wait" library="SeleniumLibrary">
<arg>10s</arg>
<doc>Sets the implicit wait value used by Selenium.</doc>
<status status="NOT RUN" starttime="20250209 14:53:19.735" endtime="20250209 14:53:19.735"/>
</kw>
<kw name="Click Button" library="SeleniumLibrary">
<arg>//input[@type='submit']</arg>
<doc>Clicks the button identified by ``locator``.</doc>
<status status="NOT RUN" starttime="20250209 14:53:19.735" endtime="20250209 14:53:19.735"/>
</kw>
<kw name="Set Selenium Implicit Wait" library="SeleniumLibrary">
<arg>30s</arg>
<doc>Sets the implicit wait value used by Selenium.</doc>
<status status="NOT RUN" starttime="20250209 14:53:19.735" endtime="20250209 14:53:19.735"/>
</kw>
<kw name="Wait Until Element Is Visible" library="SeleniumLibrary">
<arg>//*[@id="input86"]</arg>
<doc>Waits until the element ``locator`` is visible.</doc>
<status status="NOT RUN" starttime="20250209 14:53:19.735" endtime="20250209 14:53:19.735"/>
</kw>
<kw name="Input Text" library="SeleniumLibrary">
<arg>//*[@id="input86"]</arg>
<arg>QA integration testing</arg>
<doc>Types the given ``text`` into the text field identified by ``locator``.</doc>
<status status="NOT RUN" starttime="20250209 14:53:19.735" endtime="20250209 14:53:19.735"/>
</kw>
<kw name="Set Selenium Implicit Wait" library="SeleniumLibrary">
<arg>10s</arg>
<doc>Sets the implicit wait value used by Selenium.</doc>
<status status="NOT RUN" starttime="20250209 14:53:19.735" endtime="20250209 14:53:19.736"/>
</kw>
<kw name="Click Button" library="SeleniumLibrary">
<arg>//input[@type='submit']</arg>
<doc>Clicks the button identified by ``locator``.</doc>
<status status="NOT RUN" starttime="20250209 14:53:19.736" endtime="20250209 14:53:19.736"/>
</kw>
<status status="FAIL" starttime="20250209 14:53:18.724" endtime="20250209 14:53:19.736"/>
</kw>
<status status="FAIL" starttime="20250209 14:53:18.724" endtime="20250209 14:53:19.736"/>
</branch>
<status status="FAIL" starttime="20250209 14:53:18.724" endtime="20250209 14:53:19.736"/>
</if>
<kw name="Set Selenium Implicit Wait" library="SeleniumLibrary">
<arg>50s</arg>
<doc>Sets the implicit wait value used by Selenium.</doc>
<status status="NOT RUN" starttime="20250209 14:53:19.737" endtime="20250209 14:53:19.737"/>
</kw>
<kw name="Navigate Commentary Article page" library="WSJPreferenceCenterPage">
<status status="NOT RUN" starttime="20250209 14:53:19.737" endtime="20250209 14:53:19.737"/>
</kw>
<kw name="WSJ New Preference Center Page Log In" library="DefinedKeywords">
<status status="NOT RUN" starttime="20250209 14:53:19.737" endtime="20250209 14:53:19.737"/>
</kw>
<kw name="Validate WSJ Author Follow Button for Commentary Page" library="WSJPreferenceCenterPage">
<status status="NOT RUN" starttime="20250209 14:53:19.738" endtime="20250209 14:53:19.738"/>
</kw>
<kw name="Click WSJ Author Follow Button for Commentary Page" library="WSJPreferenceCenterPage">
<status status="NOT RUN" starttime="20250209 14:53:19.738" endtime="20250209 14:53:19.738"/>
</kw>
<kw name="Finish Testcase" library="CommonFunctionality" type="TEARDOWN">
<kw name="Close Browser" library="SeleniumLibrary">
<doc>Closes the current browser.</doc>
<status status="PASS" starttime="20250209 14:53:19.739" endtime="20250209 14:53:23.840"/>
</kw>
<status status="PASS" starttime="20250209 14:53:19.738" endtime="20250209 14:53:23.840"/>
</kw>
<doc>This test case validates the barrons preference center page</doc>
<tag>Breadcrumb</tag>
<tag>PreferenceCenter</tag>
<tag>Regression</tag>
<tag>US-T176</tag>
<tag>WSJ</tag>
<status status="FAIL" starttime="20250209 14:52:49.062" endtime="20250209 14:53:23.841">ElementClickInterceptedException: Message: Element &lt;input id="ref-:r1:" class="css-8ld8lg" type="text"&gt; is not clickable at point (805,577) because another element &lt;div class="loader-layout css-1gz38a3"&gt; obscures it
Stacktrace:
RemoteError@chrome://remote/content/shared/RemoteError.sys.mjs:8:8
WebDriverError@chrome://remote/content/shared/webdriver/Errors.sys.mjs:197:5
ElementClickInterceptedError@chrome://remote/content/shared/webdriver/Errors.sys.mjs:342:5
webdriverClickElement@chrome://remote/content/marionette/interaction.sys.mjs:177:11
interaction.clickElement@chrome://remote/content/marionette/interaction.sys.mjs:136:11
clickElement@chrome://remote/content/marionette/actors/MarionetteCommandsChild.sys.mjs:344:29
receiveMessage@chrome://remote/content/marionette/actors/MarionetteCommandsChild.sys.mjs:220:31
</status>
</test>
<doc>WSJ Regression Tests</doc>
<status status="FAIL" starttime="20250209 14:52:48.523" endtime="20250209 14:53:23.848"/>
</suite>
<status status="FAIL" starttime="20250209 14:52:48.520" endtime="20250209 14:53:23.853"/>
</suite>
<status status="FAIL" starttime="20250209 14:52:48.517" endtime="20250209 14:53:23.855"/>
</suite>
<status status="FAIL" starttime="20250209 14:52:48.514" endtime="20250209 14:53:23.857"/>
</suite>
<status status="FAIL" starttime="20250209 14:52:48.509" endtime="20250209 14:53:23.858"/>
</suite>
<status status="FAIL" starttime="20250209 14:52:48.468" endtime="20250209 14:53:23.859"/>
</suite>
<statistics>
<total>
<stat pass="0" fail="1" skip="0">All Tests</stat>
</total>
<tag>
<stat pass="0" fail="1" skip="0">Breadcrumb</stat>
<stat pass="0" fail="1" skip="0">PreferenceCenter</stat>
<stat pass="0" fail="1" skip="0">Regression</stat>
<stat pass="0" fail="1" skip="0">US-T176</stat>
<stat pass="0" fail="1" skip="0">WSJ</stat>
</tag>
<suite>
<stat pass="0" fail="1" skip="0" id="s1" name="Userservices-Qa-Automation">Userservices-Qa-Automation</stat>
<stat pass="0" fail="1" skip="0" id="s1-s1" name="Panda-Qa">Userservices-Qa-Automation.Panda-Qa</stat>
<stat pass="0" fail="1" skip="0" id="s1-s1-s1" name="Tests">Userservices-Qa-Automation.Panda-Qa.Tests</stat>
<stat pass="0" fail="1" skip="0" id="s1-s1-s1-s1" name="FollowWidget">Userservices-Qa-Automation.Panda-Qa.Tests.FollowWidget</stat>
<stat pass="0" fail="1" skip="0" id="s1-s1-s1-s1-s1" name="Regression">Userservices-Qa-Automation.Panda-Qa.Tests.FollowWidget.Regression</stat>
<stat pass="0" fail="1" skip="0" id="s1-s1-s1-s1-s1-s1" name="WSJ Regression">Userservices-Qa-Automation.Panda-Qa.Tests.FollowWidget.Regression.WSJ Regression</stat>
</suite>
</statistics>
<errors>
</errors>
</robot>
