<?xml version="1.0" encoding="UTF-8"?>
<robot generator="Robot 6.1.1 (Python 3.12.5 on win32)" generated="20250131 13:33:19.180" rpa="false" schemaversion="4">
<suite id="s1" name="Userservices-Qa-Automation" source="D:\Users\sasikumarj\PycharmProjects\userservices-qa-automation">
<suite id="s1-s1" name="Panda-Qa" source="D:\Users\sasikumarj\PycharmProjects\userservices-qa-automation\panda-qa">
<suite id="s1-s1-s1" name="Tests" source="D:\Users\sasikumarj\PycharmProjects\userservices-qa-automation\panda-qa\Tests">
<suite id="s1-s1-s1-s1" name="FollowWidget" source="D:\Users\sasikumarj\PycharmProjects\userservices-qa-automation\panda-qa\Tests\FollowWidget">
<suite id="s1-s1-s1-s1-s1" name="Regression" source="D:\Users\sasikumarj\PycharmProjects\userservices-qa-automation\panda-qa\Tests\FollowWidget\Regression">
<suite id="s1-s1-s1-s1-s1-s1" name="Barrons Regression" source="D:\Users\sasikumarj\PycharmProjects\userservices-qa-automation\panda-qa\Tests\FollowWidget\Regression\Barrons_Regression.robot">
<test id="s1-s1-s1-s1-s1-s1-t1" name="Validate the multiple authors follow button from articles page" line="33">
<kw name="Start Barrons Article" library="CommonFunctionality" type="SETUP">
<kw name="Set Selenium Speed" library="SeleniumLibrary">
<arg>0.5 seconds</arg>
<doc>Sets the delay that is waited after each Selenium command.</doc>
<status status="PASS" starttime="20250131 13:33:19.688" endtime="20250131 13:33:19.688"/>
</kw>
<kw name="Set Browser Options" library="CommonFunctionality">
<var>${options}</var>
<if>
<branch type="IF" condition="&quot;${Browser}&quot; == &quot;firefox&quot;">
<kw name="Evaluate" library="BuiltIn">
<var>${options}</var>
<arg>selenium.webdriver.FirefoxOptions()</arg>
<doc>Evaluates the given expression in Python and returns the result.</doc>
<status status="NOT RUN" starttime="20250131 13:33:19.691" endtime="20250131 13:33:19.692"/>
</kw>
<kw name="Call Method" library="BuiltIn">
<arg>${options}</arg>
<arg>add_argument</arg>
<arg>--CreateProfile</arg>
<doc>Calls the named method of the given object with the provided arguments.</doc>
<status status="NOT RUN" starttime="20250131 13:33:19.693" endtime="20250131 13:33:19.693"/>
</kw>
<kw name="Call Method" library="BuiltIn">
<arg>${options}</arg>
<arg>add_argument</arg>
<arg>--start-maximized</arg>
<doc>Calls the named method of the given object with the provided arguments.</doc>
<status status="NOT RUN" starttime="20250131 13:33:19.694" endtime="20250131 13:33:19.695"/>
</kw>
<kw name="Call Method" library="BuiltIn">
<arg>${options}</arg>
<arg>add_argument</arg>
<arg>--disable-dev-shm-usage</arg>
<doc>Calls the named method of the given object with the provided arguments.</doc>
<status status="NOT RUN" starttime="20250131 13:33:19.696" endtime="20250131 13:33:19.696"/>
</kw>
<kw name="Call Method" library="BuiltIn">
<arg>${options}</arg>
<arg>add_argument</arg>
<arg>--no-sandbox</arg>
<doc>Calls the named method of the given object with the provided arguments.</doc>
<status status="NOT RUN" starttime="20250131 13:33:19.697" endtime="20250131 13:33:19.698"/>
</kw>
<kw name="Call Method" library="BuiltIn">
<arg>${options}</arg>
<arg>add_argument</arg>
<arg>--disable-gpu</arg>
<doc>Calls the named method of the given object with the provided arguments.</doc>
<status status="NOT RUN" starttime="20250131 13:33:19.699" endtime="20250131 13:33:19.699"/>
</kw>
<kw name="Call Method" library="BuiltIn">
<arg>${options}</arg>
<arg>add_argument</arg>
<arg>--headless</arg>
<doc>Calls the named method of the given object with the provided arguments.</doc>
<status status="NOT RUN" starttime="20250131 13:33:19.700" endtime="20250131 13:33:19.701"/>
</kw>
<kw name="Call Method" library="BuiltIn">
<arg>${options}</arg>
<arg>add_argument</arg>
<arg>--devtools.debugger.force-local</arg>
<doc>Calls the named method of the given object with the provided arguments.</doc>
<status status="NOT RUN" starttime="20250131 13:33:19.703" endtime="20250131 13:33:19.703"/>
</kw>
<kw name="Call Method" library="BuiltIn">
<arg>${options}</arg>
<arg>add_argument</arg>
<arg>--devtools.debugger.remote-enabled</arg>
<doc>Calls the named method of the given object with the provided arguments.</doc>
<status status="NOT RUN" starttime="20250131 13:33:19.704" endtime="20250131 13:33:19.705"/>
</kw>
<kw name="Call Method" library="BuiltIn">
<arg>${options}</arg>
<arg>add_argument</arg>
<arg>--devtools.chrome.enabled</arg>
<doc>Calls the named method of the given object with the provided arguments.</doc>
<status status="NOT RUN" starttime="20250131 13:33:19.706" endtime="20250131 13:33:19.706"/>
</kw>
<kw name="Call Method" library="BuiltIn">
<arg>${options}</arg>
<arg>add_argument</arg>
<arg>--devtools.debugger.prompt-connection</arg>
<doc>Calls the named method of the given object with the provided arguments.</doc>
<status status="NOT RUN" starttime="20250131 13:33:19.707" endtime="20250131 13:33:19.708"/>
</kw>
<kw name="Call Method" library="BuiltIn">
<arg>${options}</arg>
<arg>add_argument</arg>
<arg>--browser.dom.window.dump.enabled</arg>
<doc>Calls the named method of the given object with the provided arguments.</doc>
<status status="NOT RUN" starttime="20250131 13:33:19.709" endtime="20250131 13:33:19.709"/>
</kw>
<return>
<value>${options}</value>
<status status="NOT RUN" starttime="20250131 13:33:19.710" endtime="20250131 13:33:19.711"/>
</return>
<status status="NOT RUN" starttime="20250131 13:33:19.691" endtime="20250131 13:33:19.712"/>
</branch>
<branch type="ELSE IF" condition="&quot;${Browser}&quot; == &quot;chrome&quot;">
<kw name="Evaluate" library="BuiltIn">
<var>${options}</var>
<arg>selenium.webdriver.ChromeOptions()</arg>
<doc>Evaluates the given expression in Python and returns the result.</doc>
<status status="NOT RUN" starttime="20250131 13:33:19.715" endtime="20250131 13:33:19.715"/>
</kw>
<kw name="Call Method" library="BuiltIn">
<arg>${options}</arg>
<arg>add_argument</arg>
<arg>--start-maximized</arg>
<doc>Calls the named method of the given object with the provided arguments.</doc>
<status status="NOT RUN" starttime="20250131 13:33:19.716" endtime="20250131 13:33:19.717"/>
</kw>
<kw name="Call Method" library="BuiltIn">
<arg>${options}</arg>
<arg>add_argument</arg>
<arg>--disable-dev-shm-usage</arg>
<doc>Calls the named method of the given object with the provided arguments.</doc>
<status status="NOT RUN" starttime="20250131 13:33:19.718" endtime="20250131 13:33:19.718"/>
</kw>
<kw name="Call Method" library="BuiltIn">
<arg>${options}</arg>
<arg>add_argument</arg>
<arg>--no-sandbox</arg>
<doc>Calls the named method of the given object with the provided arguments.</doc>
<status status="NOT RUN" starttime="20250131 13:33:19.719" endtime="20250131 13:33:19.720"/>
</kw>
<kw name="Call Method" library="BuiltIn">
<arg>${options}</arg>
<arg>add_argument</arg>
<arg>--headless</arg>
<doc>Calls the named method of the given object with the provided arguments.</doc>
<status status="NOT RUN" starttime="20250131 13:33:19.721" endtime="20250131 13:33:19.721"/>
</kw>
<kw name="Call Method" library="BuiltIn">
<arg>${options}</arg>
<arg>add_argument</arg>
<arg>--disable-gpu</arg>
<doc>Calls the named method of the given object with the provided arguments.</doc>
<status status="NOT RUN" starttime="20250131 13:33:19.722" endtime="20250131 13:33:19.723"/>
</kw>
<kw name="Call Method" library="BuiltIn">
<arg>${options}</arg>
<arg>add_argument</arg>
<arg>--ignore-certificate-errors</arg>
<doc>Calls the named method of the given object with the provided arguments.</doc>
<status status="NOT RUN" starttime="20250131 13:33:19.724" endtime="20250131 13:33:19.724"/>
</kw>
<kw name="Call Method" library="BuiltIn">
<arg>${options}</arg>
<arg>add_argument</arg>
<arg>--disable-extensions</arg>
<doc>Calls the named method of the given object with the provided arguments.</doc>
<status status="NOT RUN" starttime="20250131 13:33:19.725" endtime="20250131 13:33:19.727"/>
</kw>
<kw name="Call Method" library="BuiltIn">
<arg>${options}</arg>
<arg>add_argument</arg>
<arg>--no-user-gesture-required</arg>
<doc>Calls the named method of the given object with the provided arguments.</doc>
<status status="NOT RUN" starttime="20250131 13:33:19.728" endtime="20250131 13:33:19.728"/>
</kw>
<kw name="Call Method" library="BuiltIn">
<arg>${options}</arg>
<arg>add_argument</arg>
<arg>--no-first-run</arg>
<doc>Calls the named method of the given object with the provided arguments.</doc>
<status status="NOT RUN" starttime="20250131 13:33:19.729" endtime="20250131 13:33:19.730"/>
</kw>
<kw name="Call Method" library="BuiltIn">
<arg>${options}</arg>
<arg>add_argument</arg>
<arg>--use-fake-ui-for-media-stream</arg>
<doc>Calls the named method of the given object with the provided arguments.</doc>
<status status="NOT RUN" starttime="20250131 13:33:19.731" endtime="20250131 13:33:19.731"/>
</kw>
<kw name="Call Method" library="BuiltIn">
<arg>${options}</arg>
<arg>add_argument</arg>
<arg>--use-fake-device-for-media-stream</arg>
<doc>Calls the named method of the given object with the provided arguments.</doc>
<status status="NOT RUN" starttime="20250131 13:33:19.732" endtime="20250131 13:33:19.733"/>
</kw>
<kw name="Call Method" library="BuiltIn">
<arg>${options}</arg>
<arg>add_argument</arg>
<arg>--disable-sync</arg>
<doc>Calls the named method of the given object with the provided arguments.</doc>
<status status="NOT RUN" starttime="20250131 13:33:19.734" endtime="20250131 13:33:19.734"/>
</kw>
<return>
<value>${options}</value>
<status status="NOT RUN" starttime="20250131 13:33:19.735" endtime="20250131 13:33:19.736"/>
</return>
<status status="NOT RUN" starttime="20250131 13:33:19.714" endtime="20250131 13:33:19.738"/>
</branch>
<status status="PASS" starttime="20250131 13:33:19.691" endtime="20250131 13:33:19.739"/>
</if>
<msg timestamp="20250131 13:33:19.739" level="INFO">${options} = None</msg>
<status status="PASS" starttime="20250131 13:33:19.689" endtime="20250131 13:33:19.740"/>
</kw>
<if>
<branch type="IF" condition="&quot;${Env}&quot; == &quot;prod&quot;">
<kw name="Open Browser" library="SeleniumLibrary">
<arg>https://www.barrons.com</arg>
<arg>${Browser}</arg>
<arg>options=${options}</arg>
<doc>Opens a new browser instance to the optional ``url``.</doc>
<status status="NOT RUN" starttime="20250131 13:33:19.741" endtime="20250131 13:33:19.741"/>
</kw>
<kw name="Go To" library="SeleniumLibrary">
<arg>https://www.barrons.com/articles/wendys-wen-stock-earnings-51652268634</arg>
<doc>Navigates the current browser window to the provided ``url``.</doc>
<status status="NOT RUN" starttime="20250131 13:33:19.742" endtime="20250131 13:33:19.743"/>
</kw>
<status status="NOT RUN" starttime="20250131 13:33:19.740" endtime="20250131 13:33:19.744"/>
</branch>
<branch type="ELSE IF" condition="&quot;${Env}&quot; == &quot;dev&quot;">
<kw name="Open Browser" library="SeleniumLibrary">
<arg>https://www.barrons.com</arg>
<arg>${Browser}</arg>
<arg>options=${options}</arg>
<doc>Opens a new browser instance to the optional ``url``.</doc>
<msg timestamp="20250131 13:33:19.746" level="INFO">Opening browser 'ff' to base url 'https://www.barrons.com'.</msg>
<msg timestamp="20250131 13:33:20.399" level="INFO">Completed setup!</msg>
<status status="PASS" starttime="20250131 13:33:19.745" endtime="20250131 13:33:26.786"/>
</kw>
<kw name="Go To" library="SeleniumLibrary">
<arg>https://www.s.dev.barrons.com/articles/buy-under-armour-stock-pick-51650672000</arg>
<doc>Navigates the current browser window to the provided ``url``.</doc>
<msg timestamp="20250131 13:33:26.788" level="INFO">Opening url 'https://www.s.dev.barrons.com/articles/buy-under-armour-stock-pick-51650672000'</msg>
<status status="PASS" starttime="20250131 13:33:26.788" endtime="20250131 13:33:41.336"/>
</kw>
<status status="PASS" starttime="20250131 13:33:19.744" endtime="20250131 13:33:41.337"/>
</branch>
<status status="PASS" starttime="20250131 13:33:19.740" endtime="20250131 13:33:41.338"/>
</if>
<kw name="Wait Until Page Contains Element" library="SeleniumLibrary">
<arg>dom:${JSFollowButtonBarronsPath}</arg>
<doc>Waits until the element ``locator`` appears on the current page.</doc>
<status status="PASS" starttime="20250131 13:33:41.338" endtime="20250131 13:33:43.149"/>
</kw>
<kw name="Maximize Browser Window" library="SeleniumLibrary">
<doc>Maximizes current browser window.</doc>
<status status="PASS" starttime="20250131 13:33:43.150" endtime="20250131 13:33:43.917"/>
</kw>
<status status="PASS" starttime="20250131 13:33:19.685" endtime="20250131 13:33:43.918"/>
</kw>
<kw name="Set Selenium Speed" library="SeleniumLibrary">
<arg>0.5 seconds</arg>
<doc>Sets the delay that is waited after each Selenium command.</doc>
<status status="PASS" starttime="20250131 13:33:43.918" endtime="20250131 13:33:43.920"/>
</kw>
<kw name="Barrons Article Sign in Process" library="DefinedKeywords">
<kw name="Wait Until Element Is Visible" library="SeleniumLibrary">
<arg>//*[@id="__next"]/header/div/div[1]/div[3]/div/a</arg>
<doc>Waits until the element ``locator`` is visible.</doc>
<status status="PASS" starttime="20250131 13:33:43.920" endtime="20250131 13:33:45.061"/>
</kw>
<kw name="Click Element" library="SeleniumLibrary">
<arg>//*[@id="__next"]/header/div/div[1]/div[3]/div/a</arg>
<doc>Click the element identified by ``locator``.</doc>
<msg timestamp="20250131 13:33:45.063" level="INFO">Clicking element '//*[@id="__next"]/header/div/div[1]/div[3]/div/a'.</msg>
<msg timestamp="20250131 13:38:06.215" level="WARN">Keyword 'Capture Page Screenshot' could not be run on failure: Message: Session not started or terminated
</msg>
<msg timestamp="20250131 13:38:06.217" level="FAIL">WebDriverException: Message: Unable to communicate to node
</msg>
<status status="FAIL" starttime="20250131 13:33:45.062" endtime="20250131 13:38:06.226"/>
</kw>
<kw name="Wait Until Element Is Visible" library="SeleniumLibrary">
<arg>//*[@id="emailOrUsername"]</arg>
<doc>Waits until the element ``locator`` is visible.</doc>
<status status="NOT RUN" starttime="20250131 13:38:06.227" endtime="20250131 13:38:06.228"/>
</kw>
<kw name="Input Text" library="SeleniumLibrary">
<arg>//*[@id="emailOrUsername"]</arg>
<arg>QABARRONSONLY</arg>
<doc>Types the given ``text`` into the text field identified by ``locator``.</doc>
<status status="NOT RUN" starttime="20250131 13:38:06.229" endtime="20250131 13:38:06.229"/>
</kw>
<kw name="Set Selenium Implicit Wait" library="SeleniumLibrary">
<arg>10s</arg>
<doc>Sets the implicit wait value used by Selenium.</doc>
<status status="NOT RUN" starttime="20250131 13:38:06.231" endtime="20250131 13:38:06.231"/>
</kw>
<kw name="Click Button" library="SeleniumLibrary">
<arg>//html/body/div/section/div/div[2]/form/button[1]</arg>
<doc>Clicks the button identified by ``locator``.</doc>
<status status="NOT RUN" starttime="20250131 13:38:06.232" endtime="20250131 13:38:06.233"/>
</kw>
<kw name="Set Selenium Implicit Wait" library="SeleniumLibrary">
<arg>10s</arg>
<doc>Sets the implicit wait value used by Selenium.</doc>
<status status="NOT RUN" starttime="20250131 13:38:06.234" endtime="20250131 13:38:06.234"/>
</kw>
<kw name="Wait Until Element Is Visible" library="SeleniumLibrary">
<arg>//*[@id="password"]</arg>
<doc>Waits until the element ``locator`` is visible.</doc>
<status status="NOT RUN" starttime="20250131 13:38:06.237" endtime="20250131 13:38:06.237"/>
</kw>
<kw name="Input Text" library="SeleniumLibrary">
<arg>//*[@id="password"]</arg>
<arg>password1</arg>
<doc>Types the given ``text`` into the text field identified by ``locator``.</doc>
<status status="NOT RUN" starttime="20250131 13:38:06.238" endtime="20250131 13:38:06.239"/>
</kw>
<kw name="Set Selenium Implicit Wait" library="SeleniumLibrary">
<arg>10</arg>
<doc>Sets the implicit wait value used by Selenium.</doc>
<status status="NOT RUN" starttime="20250131 13:38:06.240" endtime="20250131 13:38:06.240"/>
</kw>
<kw name="Wait Until Element Is Visible" library="SeleniumLibrary">
<arg>//html/body/div/section/div/div[2]/form/button</arg>
<doc>Waits until the element ``locator`` is visible.</doc>
<status status="NOT RUN" starttime="20250131 13:38:06.241" endtime="20250131 13:38:06.242"/>
</kw>
<kw name="Click Element" library="SeleniumLibrary">
<arg>//html/body/div/section/div/div[2]/form/button</arg>
<doc>Click the element identified by ``locator``.</doc>
<status status="NOT RUN" starttime="20250131 13:38:06.244" endtime="20250131 13:38:06.245"/>
</kw>
<status status="FAIL" starttime="20250131 13:33:43.920" endtime="20250131 13:38:06.246"/>
</kw>
<kw name="Set Selenium Implicit Wait" library="SeleniumLibrary">
<arg>50s</arg>
<doc>Sets the implicit wait value used by Selenium.</doc>
<status status="NOT RUN" starttime="20250131 13:38:06.247" endtime="20250131 13:38:06.247"/>
</kw>
<kw name="Validate author on article page" library="BarronsArticlePage">
<status status="NOT RUN" starttime="20250131 13:38:06.248" endtime="20250131 13:38:06.248"/>
</kw>
<kw name="Finish Testcase" library="CommonFunctionality" type="TEARDOWN">
<kw name="Close Browser" library="SeleniumLibrary">
<doc>Closes the current browser.</doc>
<status status="PASS" starttime="20250131 13:38:06.252" endtime="20250131 13:38:06.252"/>
</kw>
<status status="PASS" starttime="20250131 13:38:06.249" endtime="20250131 13:38:06.253"/>
</kw>
<errors>
<msg timestamp="20250131 13:38:06.215" level="WARN">Keyword 'Capture Page Screenshot' could not be run on failure: Message: Session not started or terminated
</msg>
<msg timestamp="20250131 13:38:06.292" level="ERROR">Unexpected error: WebDriverException: Message: Session not started or terminated

Traceback (most recent call last):
  File "D:\Users\sasikumarj\AppData\Local\Programs\Python\Python312\Lib\site-packages\robot\utils\application.py", line 81, in _execute
    rc = self.main(arguments, **options)
         ^^^^^^^^^^^^^^^^^^^^^^^^^^^^^^^
  File "D:\Users\sasikumarj\AppData\Local\Programs\Python\Python312\Lib\site-packages\robot\run.py", line 458, in main
    result = suite.run(settings)
             ^^^^^^^^^^^^^^^^^^^
  File "D:\Users\sasikumarj\AppData\Local\Programs\Python\Python312\Lib\site-packages\robot\running\model.py", line 606, in run
    self.visit(runner)
  File "D:\Users\sasikumarj\AppData\Local\Programs\Python\Python312\Lib\site-packages\robot\model\testsuite.py", line 426, in visit
    visitor.visit_suite(self)
  File "D:\Users\sasikumarj\AppData\Local\Programs\Python\Python312\Lib\site-packages\robot\model\visitor.py", line 131, in visit_suite
    suite.suites.visit(self)
  File "D:\Users\sasikumarj\AppData\Local\Programs\Python\Python312\Lib\site-packages\robot\model\itemlist.py", line 102, in visit
    item.visit(visitor)    # type: ignore
    ^^^^^^^^^^^^^^^^^^^
  File "D:\Users\sasikumarj\AppData\Local\Programs\Python\Python312\Lib\site-packages\robot\model\testsuite.py", line 426, in visit
    visitor.visit_suite(self)
  File "D:\Users\sasikumarj\AppData\Local\Programs\Python\Python312\Lib\site-packages\robot\model\visitor.py", line 131, in visit_suite
    suite.suites.visit(self)
  File "D:\Users\sasikumarj\AppData\Local\Programs\Python\Python312\Lib\site-packages\robot\model\itemlist.py", line 102, in visit
    item.visit(visitor)    # type: ignore
    ^^^^^^^^^^^^^^^^^^^
  File "D:\Users\sasikumarj\AppData\Local\Programs\Python\Python312\Lib\site-packages\robot\model\testsuite.py", line 426, in visit
    visitor.visit_suite(self)
  File "D:\Users\sasikumarj\AppData\Local\Programs\Python\Python312\Lib\site-packages\robot\model\visitor.py", line 131, in visit_suite
    suite.suites.visit(self)
  File "D:\Users\sasikumarj\AppData\Local\Programs\Python\Python312\Lib\site-packages\robot\model\itemlist.py", line 102, in visit
    item.visit(visitor)    # type: ignore
    ^^^^^^^^^^^^^^^^^^^
  File "D:\Users\sasikumarj\AppData\Local\Programs\Python\Python312\Lib\site-packages\robot\model\testsuite.py", line 426, in visit
    visitor.visit_suite(self)
  File "D:\Users\sasikumarj\AppData\Local\Programs\Python\Python312\Lib\site-packages\robot\model\visitor.py", line 131, in visit_suite
    suite.suites.visit(self)
  File "D:\Users\sasikumarj\AppData\Local\Programs\Python\Python312\Lib\site-packages\robot\model\itemlist.py", line 102, in visit
    item.visit(visitor)    # type: ignore
    ^^^^^^^^^^^^^^^^^^^
  File "D:\Users\sasikumarj\AppData\Local\Programs\Python\Python312\Lib\site-packages\robot\model\testsuite.py", line 426, in visit
    visitor.visit_suite(self)
  File "D:\Users\sasikumarj\AppData\Local\Programs\Python\Python312\Lib\site-packages\robot\model\visitor.py", line 131, in visit_suite
    suite.suites.visit(self)
  File "D:\Users\sasikumarj\AppData\Local\Programs\Python\Python312\Lib\site-packages\robot\model\itemlist.py", line 102, in visit
    item.visit(visitor)    # type: ignore
    ^^^^^^^^^^^^^^^^^^^
  File "D:\Users\sasikumarj\AppData\Local\Programs\Python\Python312\Lib\site-packages\robot\model\testsuite.py", line 426, in visit
    visitor.visit_suite(self)
  File "D:\Users\sasikumarj\AppData\Local\Programs\Python\Python312\Lib\site-packages\robot\model\visitor.py", line 132, in visit_suite
    suite.tests.visit(self)
  File "D:\Users\sasikumarj\AppData\Local\Programs\Python\Python312\Lib\site-packages\robot\model\itemlist.py", line 102, in visit
    item.visit(visitor)    # type: ignore
    ^^^^^^^^^^^^^^^^^^^
  File "D:\Users\sasikumarj\AppData\Local\Programs\Python\Python312\Lib\site-packages\robot\model\testcase.py", line 186, in visit
    visitor.visit_test(self)
  File "D:\Users\sasikumarj\AppData\Local\Programs\Python\Python312\Lib\site-packages\robot\running\suiterunner.py", line 192, in visit_test
    self._output.end_test(ModelCombiner(test, result))
  File "D:\Users\sasikumarj\AppData\Local\Programs\Python\Python312\Lib\site-packages\browserstack_sdk\__init__.py", line 1582, in bstack1lll11111l_opy_
    bstack1lllll11_opy_(test, bstack1l1l1111l1_opy_)
  File "D:\Users\sasikumarj\AppData\Local\Programs\Python\Python312\Lib\site-packages\browserstack_sdk\__init__.py", line 1569, in bstack1lllll11_opy_
    bstack1lllll1ll1_opy_(driver, bstack1l1l1111l1_opy_)
  File "D:\Users\sasikumarj\AppData\Local\Programs\Python\Python312\Lib\site-packages\browserstack_sdk\__init__.py", line 1486, in bstack1lllll1ll1_opy_
    driver.execute_script(bstack1l111l1l1_opy_)
  File "D:\Users\sasikumarj\AppData\Local\Programs\Python\Python312\Lib\site-packages\selenium\webdriver\remote\webdriver.py", line 414, in execute_script
    return self.execute(command, {"script": script, "args": converted_args})["value"]
           ^^^^^^^^^^^^^^^^^^^^^^^^^^^^^^^^^^^^^^^^^^^^^^^^^^^^^^^^^^^^^^^^^
  File "D:\Users\sasikumarj\AppData\Local\Programs\Python\Python312\Lib\site-packages\SeleniumLibrary\keywords\browsermanagement.py", line 785, in execute
    result = self._base_execute(driver_command, params)
             ^^^^^^^^^^^^^^^^^^^^^^^^^^^^^^^^^^^^^^^^^^
  File "D:\Users\sasikumarj\AppData\Local\Programs\Python\Python312\Lib\site-packages\browserstack_sdk\__init__.py", line 1178, in bstack1ll1111l11_opy_
    response = bstack1l1l1ll1l1_opy_(self, driver_command, *args, **kwargs)
               ^^^^^^^^^^^^^^^^^^^^^^^^^^^^^^^^^^^^^^^^^^^^^^^^^^^^^^^^^^^^
  File "D:\Users\sasikumarj\AppData\Local\Programs\Python\Python312\Lib\site-packages\selenium\webdriver\remote\webdriver.py", line 354, in execute
    self.error_handler.check_response(response)
  File "D:\Users\sasikumarj\AppData\Local\Programs\Python\Python312\Lib\site-packages\selenium\webdriver\remote\errorhandler.py", line 229, in check_response
    raise exception_class(message, screen, stacktrace)
selenium.common.exceptions.WebDriverException: Message: Session not started or terminated</msg>
</errors>
</robot>
