
18:37:18 [browserstack_sdk.__init__][INFO] - Project and debug logs are captured by default. To disable, set disableAutoCaptureLogs: true in config.

18:37:20 [browserstack_sdk.__init__][INFO] - Setting up for Browserstack, using framework: robot
==============================================================================
Userservices-Qa-Automation                                                    
==============================================================================
Userservices-Qa-Automation.Panda-Qa                                           
==============================================================================
Userservices-Qa-Automation.Panda-Qa.Tests                                     
==============================================================================
Userservices-Qa-Automation.Panda-Qa.Tests.FollowWidget                        
==============================================================================
Userservices-Qa-Automation.Panda-Qa.Tests.FollowWidget.Regression             
==============================================================================
Userservices-Qa-Automation.Panda-Qa.Tests.FollowWidget.Regression.Barrons R...
==============================================================================
Validate the multiple authors follow button from articles page :: ... 
18:37:22 [browserstack_sdk.__init__][INFO] - Completed setup!
| PASS |
------------------------------------------------------------------------------
Validate the Barrons Preference Center page :: This test case vali... 
18:38:36 [browserstack_sdk.__init__][INFO] - Completed setup!

18:39:15 [browserstack_sdk.__init__][INFO] - Completed setup!
  
  Traceback (most recent call last):
    ~~~~~~~~~~~~~~~~~~~~~~~~~~~~~~~~~~~~~~~~~~~~~~~~~~~~~~~~~~~~~~~~~~~~~~~~~~
    File  D:\Users\sasikumarj\PycharmProjects\userservices-qa-automation\panda-qa\Tests\FollowWidget\Regression\Barrons_Regression.robot:44
    T:  Validate the Barrons Preference Center page    
    ~~~~~~~~~~~~~~~~~~~~~~~~~~~~~~~~~~~~~~~~~~~~~~~~~~~~~~~~~~~~~~~~~~~~~~~~~~
    File  D:\Users\sasikumarj\PycharmProjects\userservices-qa-automation\panda-qa\Tests\FollowWidget\Regression\Barrons_Regression.robot:47
      Start Barrons Newsletter    
    ~~~~~~~~~~~~~~~~~~~~~~~~~~~~~~~~~~~~~~~~~~~~~~~~~~~~~~~~~~~~~~~~~~~~~~~~~~
    File  D:\Users\sasikumarj\PycharmProjects\userservices-qa-automation\panda-qa\Resources\CommonFunctionality.robot:174
      "${Env}" == "dev"    
    ~~~~~~~~~~~~~~~~~~~~~~~~~~~~~~~~~~~~~~~~~~~~~~~~~~~~~~~~~~~~~~~~~~~~~~~~~~
    File  D:\Users\sasikumarj\PycharmProjects\userservices-qa-automation\panda-qa\Resources\CommonFunctionality.robot:176
      Go To    https://www.s.dev.barrons.com/market-data/stocks/amzn
______________________________________________________________________________
| FAIL |
TimeoutException: Message: A script did not complete before its timeout expired.
------------------------------------------------------------------------------
Validate the Barrons Preference Center page watchlist logout :: Th... 
18:40:12 [browserstack_sdk.__init__][INFO] - Completed setup!

18:40:42 [browserstack_sdk.__init__][INFO] - Completed setup!
  
  Traceback (most recent call last):
    ~~~~~~~~~~~~~~~~~~~~~~~~~~~~~~~~~~~~~~~~~~~~~~~~~~~~~~~~~~~~~~~~~~~~~~~~~~
    File  D:\Users\sasikumarj\PycharmProjects\userservices-qa-automation\panda-qa\Tests\FollowWidget\Regression\Barrons_Regression.robot:54
    T:  Validate the Barrons Preference Center page watchlist logout    
    ~~~~~~~~~~~~~~~~~~~~~~~~~~~~~~~~~~~~~~~~~~~~~~~~~~~~~~~~~~~~~~~~~~~~~~~~~~
    File  D:\Users\sasikumarj\PycharmProjects\userservices-qa-automation\panda-qa\Tests\FollowWidget\Regression\Barrons_Regression.robot:58
      Barrons Newsletter Sign in Process    
    ~~~~~~~~~~~~~~~~~~~~~~~~~~~~~~~~~~~~~~~~~~~~~~~~~~~~~~~~~~~~~~~~~~~~~~~~~~
    File  D:\Users\sasikumarj\PycharmProjects\userservices-qa-automation\panda-qa\Resources\DefinedKeywords.robot:177
      Set Selenium Implicit Wait    10s
______________________________________________________________________________
| FAIL |
WebDriverException: Message: Session not started or terminated
------------------------------------------------------------------------------
Validate the Barrons Preference Center page :: This test case vali... 
18:41:59 [browserstack_sdk.__init__][INFO] - Completed setup!
  
  Traceback (most recent call last):
    ~~~~~~~~~~~~~~~~~~~~~~~~~~~~~~~~~~~~~~~~~~~~~~~~~~~~~~~~~~~~~~~~~~~~~~~~~~
    File  D:\Users\sasikumarj\PycharmProjects\userservices-qa-automation\panda-qa\Tests\FollowWidget\Regression\Barrons_Regression.robot:66
    T:  Validate the Barrons Preference Center page    
    ~~~~~~~~~~~~~~~~~~~~~~~~~~~~~~~~~~~~~~~~~~~~~~~~~~~~~~~~~~~~~~~~~~~~~~~~~~
    File  D:\Users\sasikumarj\PycharmProjects\userservices-qa-automation\panda-qa\Tests\FollowWidget\Regression\Barrons_Regression.robot:71
      Sign In Process    
    ~~~~~~~~~~~~~~~~~~~~~~~~~~~~~~~~~~~~~~~~~~~~~~~~~~~~~~~~~~~~~~~~~~~~~~~~~~
    File  D:\Users\sasikumarj\PycharmProjects\userservices-qa-automation\panda-qa\Resources\DefinedKeywords.robot:27
      Set Selenium Implicit Wait    10s
______________________________________________________________________________
| FAIL |
WebDriverException: Message: Session not started or terminated
------------------------------------------------------------------------------
Validate Authors for Barrons Article page without byline :: This t... 
18:43:16 [browserstack_sdk.__init__][INFO] - Completed setup!

18:43:54 [browserstack_sdk.__init__][INFO] - Completed setup!
| PASS |
------------------------------------------------------------------------------
Validate the Watchlist widget from Watchlist page :: This test cas... 
18:44:43 [browserstack_sdk.__init__][INFO] - Completed setup!
  
  Traceback (most recent call last):
    ~~~~~~~~~~~~~~~~~~~~~~~~~~~~~~~~~~~~~~~~~~~~~~~~~~~~~~~~~~~~~~~~~~~~~~~~~~
    File  D:\Users\sasikumarj\PycharmProjects\userservices-qa-automation\panda-qa\Tests\FollowWidget\Regression\Barrons_Regression.robot:107
    T:  Validate the Watchlist widget from Watchlist page    
    ~~~~~~~~~~~~~~~~~~~~~~~~~~~~~~~~~~~~~~~~~~~~~~~~~~~~~~~~~~~~~~~~~~~~~~~~~~
    File  D:\Users\sasikumarj\PycharmProjects\userservices-qa-automation\panda-qa\Tests\FollowWidget\Regression\Barrons_Regression.robot:112
      Sign In Process    
    ~~~~~~~~~~~~~~~~~~~~~~~~~~~~~~~~~~~~~~~~~~~~~~~~~~~~~~~~~~~~~~~~~~~~~~~~~~
    File  D:\Users\sasikumarj\PycharmProjects\userservices-qa-automation\panda-qa\Resources\DefinedKeywords.robot:27
      Set Selenium Implicit Wait    10s
______________________________________________________________________________
| FAIL |
WebDriverException: Message: Session not started or terminated
------------------------------------------------------------------------------
Validate the Watchlist widget from Watchlist :: This test case val... 
18:45:34 [browserstack_sdk.__init__][INFO] - Completed setup!
  
  Traceback (most recent call last):
    ~~~~~~~~~~~~~~~~~~~~~~~~~~~~~~~~~~~~~~~~~~~~~~~~~~~~~~~~~~~~~~~~~~~~~~~~~~
    File  D:\Users\sasikumarj\PycharmProjects\userservices-qa-automation\panda-qa\Tests\FollowWidget\Regression\Barrons_Regression.robot:131
    T:  Validate the Watchlist widget from Watchlist    
    ~~~~~~~~~~~~~~~~~~~~~~~~~~~~~~~~~~~~~~~~~~~~~~~~~~~~~~~~~~~~~~~~~~~~~~~~~~
    File  D:\Users\sasikumarj\PycharmProjects\userservices-qa-automation\panda-qa\Tests\FollowWidget\Regression\Barrons_Regression.robot:136
      Sign In Process    
    ~~~~~~~~~~~~~~~~~~~~~~~~~~~~~~~~~~~~~~~~~~~~~~~~~~~~~~~~~~~~~~~~~~~~~~~~~~
    File  D:\Users\sasikumarj\PycharmProjects\userservices-qa-automation\panda-qa\Resources\DefinedKeywords.robot:27
      Set Selenium Implicit Wait    10s
______________________________________________________________________________
| FAIL |
WebDriverException: Message: Session not started or terminated
------------------------------------------------------------------------------
Validate the Watchlist widget from Watchlist :: This test case val... 
18:46:12 [browserstack_sdk.__init__][INFO] - Completed setup!

18:46:33 [browserstack_sdk.__init__][INFO] - Completed setup!
  
  Traceback (most recent call last):
    ~~~~~~~~~~~~~~~~~~~~~~~~~~~~~~~~~~~~~~~~~~~~~~~~~~~~~~~~~~~~~~~~~~~~~~~~~~
    File  D:\Users\sasikumarj\PycharmProjects\userservices-qa-automation\panda-qa\Tests\FollowWidget\Regression\Barrons_Regression.robot:154
    T:  Validate the Watchlist widget from Watchlist    
    ~~~~~~~~~~~~~~~~~~~~~~~~~~~~~~~~~~~~~~~~~~~~~~~~~~~~~~~~~~~~~~~~~~~~~~~~~~
    File  D:\Users\sasikumarj\PycharmProjects\userservices-qa-automation\panda-qa\Tests\FollowWidget\Regression\Barrons_Regression.robot:159
      Barrons Stock Pick Sign In Process    
    ~~~~~~~~~~~~~~~~~~~~~~~~~~~~~~~~~~~~~~~~~~~~~~~~~~~~~~~~~~~~~~~~~~~~~~~~~~
    File  D:\Users\sasikumarj\PycharmProjects\userservices-qa-automation\panda-qa\Resources\DefinedKeywords.robot:191
      Set Selenium Implicit Wait    10s
______________________________________________________________________________
| FAIL |
WebDriverException: Message: Session not started or terminated
------------------------------------------------------------------------------
Validate the Watchlist widget from Quotes page :: This test case v... 
18:47:52 [browserstack_sdk.__init__][INFO] - Completed setup!
  
  Traceback (most recent call last):
    ~~~~~~~~~~~~~~~~~~~~~~~~~~~~~~~~~~~~~~~~~~~~~~~~~~~~~~~~~~~~~~~~~~~~~~~~~~
    File  D:\Users\sasikumarj\PycharmProjects\userservices-qa-automation\panda-qa\Tests\FollowWidget\Regression\Barrons_Regression.robot:169
    T:  Validate the Watchlist widget from Quotes page    
    ~~~~~~~~~~~~~~~~~~~~~~~~~~~~~~~~~~~~~~~~~~~~~~~~~~~~~~~~~~~~~~~~~~~~~~~~~~
    File  D:\Users\sasikumarj\PycharmProjects\userservices-qa-automation\panda-qa\Tests\FollowWidget\Regression\Barrons_Regression.robot:174
      Barrons Quote Page Sign in Process    
    ~~~~~~~~~~~~~~~~~~~~~~~~~~~~~~~~~~~~~~~~~~~~~~~~~~~~~~~~~~~~~~~~~~~~~~~~~~
    File  D:\Users\sasikumarj\PycharmProjects\userservices-qa-automation\panda-qa\Resources\DefinedKeywords.robot:88
      Wait Until Element Is Visible    //html/body/div[3]/div/div/header/div/div[1]/div[3]/div/a
______________________________________________________________________________
| FAIL |
Element '//html/body/div[3]/div/div/header/div/div[1]/div[3]/div/a' not visible after 5 seconds.
------------------------------------------------------------------------------
Validate the Watchlist widget from Market Data page :: This test c... 
18:48:51 [browserstack_sdk.__init__][INFO] - Completed setup!
  
  Traceback (most recent call last):
    ~~~~~~~~~~~~~~~~~~~~~~~~~~~~~~~~~~~~~~~~~~~~~~~~~~~~~~~~~~~~~~~~~~~~~~~~~~
    File  D:\Users\sasikumarj\PycharmProjects\userservices-qa-automation\panda-qa\Tests\FollowWidget\Regression\Barrons_Regression.robot:228
    T:  Validate the Watchlist widget from Market Data page    
    ~~~~~~~~~~~~~~~~~~~~~~~~~~~~~~~~~~~~~~~~~~~~~~~~~~~~~~~~~~~~~~~~~~~~~~~~~~
    File  D:\Users\sasikumarj\PycharmProjects\userservices-qa-automation\panda-qa\Tests\FollowWidget\Regression\Barrons_Regression.robot:235
      Sign In Process    
    ~~~~~~~~~~~~~~~~~~~~~~~~~~~~~~~~~~~~~~~~~~~~~~~~~~~~~~~~~~~~~~~~~~~~~~~~~~
    File  D:\Users\sasikumarj\PycharmProjects\userservices-qa-automation\panda-qa\Resources\DefinedKeywords.robot:27
      Set Selenium Implicit Wait    10s
______________________________________________________________________________
| FAIL |
WebDriverException: Message: Session not started or terminated
------------------------------------------------------------------------------
Validate the Barrons digest notification :: This test case validat... 
18:50:04 [browserstack_sdk.__init__][INFO] - Completed setup!
  
  Traceback (most recent call last):
    ~~~~~~~~~~~~~~~~~~~~~~~~~~~~~~~~~~~~~~~~~~~~~~~~~~~~~~~~~~~~~~~~~~~~~~~~~~
    File  D:\Users\sasikumarj\PycharmProjects\userservices-qa-automation\panda-qa\Tests\FollowWidget\Regression\Barrons_Regression.robot:258
    T:  Validate the Barrons digest notification    
    ~~~~~~~~~~~~~~~~~~~~~~~~~~~~~~~~~~~~~~~~~~~~~~~~~~~~~~~~~~~~~~~~~~~~~~~~~~
    File  D:\Users\sasikumarj\PycharmProjects\userservices-qa-automation\panda-qa\Tests\FollowWidget\Regression\Barrons_Regression.robot:262
      Login    
    ~~~~~~~~~~~~~~~~~~~~~~~~~~~~~~~~~~~~~~~~~~~~~~~~~~~~~~~~~~~~~~~~~~~~~~~~~~
    File  D:\Users\sasikumarj\PycharmProjects\userservices-qa-automation\panda-qa\Resources\PageObjects\BarronsMailboxPage.robot:27
      Wait Until Element Is Visible    //*[@id="acceptButton"]
______________________________________________________________________________
| FAIL |
Element '//*[@id="acceptButton"]' not visible after 5 seconds.
------------------------------------------------------------------------------
Validate the Barrons real-time author notification :: This test ca... 
18:51:02 [browserstack_sdk.__init__][INFO] - Completed setup!
  
  Traceback (most recent call last):
    ~~~~~~~~~~~~~~~~~~~~~~~~~~~~~~~~~~~~~~~~~~~~~~~~~~~~~~~~~~~~~~~~~~~~~~~~~~
    File  D:\Users\sasikumarj\PycharmProjects\userservices-qa-automation\panda-qa\Tests\FollowWidget\Regression\Barrons_Regression.robot:268
    T:  Validate the Barrons real-time author notification    
    ~~~~~~~~~~~~~~~~~~~~~~~~~~~~~~~~~~~~~~~~~~~~~~~~~~~~~~~~~~~~~~~~~~~~~~~~~~
    File  D:\Users\sasikumarj\PycharmProjects\userservices-qa-automation\panda-qa\Tests\FollowWidget\Regression\Barrons_Regression.robot:272
      Login    
    ~~~~~~~~~~~~~~~~~~~~~~~~~~~~~~~~~~~~~~~~~~~~~~~~~~~~~~~~~~~~~~~~~~~~~~~~~~
    File  D:\Users\sasikumarj\PycharmProjects\userservices-qa-automation\panda-qa\Resources\PageObjects\BarronsMailboxPage.robot:27
      Wait Until Element Is Visible    //*[@id="acceptButton"]
______________________________________________________________________________
| FAIL |
Element '//*[@id="acceptButton"]' not visible after 5 seconds.
------------------------------------------------------------------------------
Validate the Barrons real-time company notification :: This test c... 
18:51:59 [browserstack_sdk.__init__][INFO] - Completed setup!
  
  Traceback (most recent call last):
    ~~~~~~~~~~~~~~~~~~~~~~~~~~~~~~~~~~~~~~~~~~~~~~~~~~~~~~~~~~~~~~~~~~~~~~~~~~
    File  D:\Users\sasikumarj\PycharmProjects\userservices-qa-automation\panda-qa\Tests\FollowWidget\Regression\Barrons_Regression.robot:278
    T:  Validate the Barrons real-time company notification    
    ~~~~~~~~~~~~~~~~~~~~~~~~~~~~~~~~~~~~~~~~~~~~~~~~~~~~~~~~~~~~~~~~~~~~~~~~~~
    File  D:\Users\sasikumarj\PycharmProjects\userservices-qa-automation\panda-qa\Tests\FollowWidget\Regression\Barrons_Regression.robot:282
      Login    
    ~~~~~~~~~~~~~~~~~~~~~~~~~~~~~~~~~~~~~~~~~~~~~~~~~~~~~~~~~~~~~~~~~~~~~~~~~~
    File  D:\Users\sasikumarj\PycharmProjects\userservices-qa-automation\panda-qa\Resources\PageObjects\BarronsMailboxPage.robot:27
      Wait Until Element Is Visible    //*[@id="acceptButton"]
______________________________________________________________________________
| FAIL |
Element '//*[@id="acceptButton"]' not visible after 5 seconds.
------------------------------------------------------------------------------
Validate the Barrons real-time stock picks notification :: This te... 
18:52:57 [browserstack_sdk.__init__][INFO] - Completed setup!
  
  Traceback (most recent call last):
    ~~~~~~~~~~~~~~~~~~~~~~~~~~~~~~~~~~~~~~~~~~~~~~~~~~~~~~~~~~~~~~~~~~~~~~~~~~
    File  D:\Users\sasikumarj\PycharmProjects\userservices-qa-automation\panda-qa\Tests\FollowWidget\Regression\Barrons_Regression.robot:288
    T:  Validate the Barrons real-time stock picks notification    
    ~~~~~~~~~~~~~~~~~~~~~~~~~~~~~~~~~~~~~~~~~~~~~~~~~~~~~~~~~~~~~~~~~~~~~~~~~~
    File  D:\Users\sasikumarj\PycharmProjects\userservices-qa-automation\panda-qa\Tests\FollowWidget\Regression\Barrons_Regression.robot:292
      Login    
    ~~~~~~~~~~~~~~~~~~~~~~~~~~~~~~~~~~~~~~~~~~~~~~~~~~~~~~~~~~~~~~~~~~~~~~~~~~
    File  D:\Users\sasikumarj\PycharmProjects\userservices-qa-automation\panda-qa\Resources\PageObjects\BarronsMailboxPage.robot:27
      Wait Until Element Is Visible    //*[@id="acceptButton"]
______________________________________________________________________________
| FAIL |
Element '//*[@id="acceptButton"]' not visible after 5 seconds.
------------------------------------------------------------------------------
Validate Postback on Preference Center :: This test case validates... 
18:53:54 [browserstack_sdk.__init__][INFO] - Completed setup!
  
  Traceback (most recent call last):
    ~~~~~~~~~~~~~~~~~~~~~~~~~~~~~~~~~~~~~~~~~~~~~~~~~~~~~~~~~~~~~~~~~~~~~~~~~~
    File  D:\Users\sasikumarj\PycharmProjects\userservices-qa-automation\panda-qa\Tests\FollowWidget\Regression\Barrons_Regression.robot:298
    T:  Validate Postback on Preference Center    
    ~~~~~~~~~~~~~~~~~~~~~~~~~~~~~~~~~~~~~~~~~~~~~~~~~~~~~~~~~~~~~~~~~~~~~~~~~~
    File  D:\Users\sasikumarj\PycharmProjects\userservices-qa-automation\panda-qa\Tests\FollowWidget\Regression\Barrons_Regression.robot:302
      Sign In Process    
    ~~~~~~~~~~~~~~~~~~~~~~~~~~~~~~~~~~~~~~~~~~~~~~~~~~~~~~~~~~~~~~~~~~~~~~~~~~
    File  D:\Users\sasikumarj\PycharmProjects\userservices-qa-automation\panda-qa\Resources\DefinedKeywords.robot:27
      Set Selenium Implicit Wait    10s
______________________________________________________________________________
| FAIL |
WebDriverException: Message: Session not started or terminated
------------------------------------------------------------------------------
Userservices-Qa-Automation.Panda-Qa.Tests.FollowWidget.Regression.... | FAIL |
15 tests, 2 passed, 13 failed
==============================================================================
Userservices-Qa-Automation.Panda-Qa.Tests.FollowWidget.Regression     | FAIL |
15 tests, 2 passed, 13 failed
==============================================================================
Userservices-Qa-Automation.Panda-Qa.Tests.FollowWidget                | FAIL |
15 tests, 2 passed, 13 failed
==============================================================================
Userservices-Qa-Automation.Panda-Qa.Tests                             | FAIL |
15 tests, 2 passed, 13 failed
==============================================================================
Userservices-Qa-Automation.Panda-Qa                                   | FAIL |
15 tests, 2 passed, 13 failed
==============================================================================
Userservices-Qa-Automation                                            | FAIL |
15 tests, 2 passed, 13 failed
==============================================================================
Output:  D:\Users\sasikumarj\PycharmProjects\userservices-qa-automation\resultspabot\pabot_results\4\output.xml

18:54:28 [browserstack_sdk.__init__][INFO] - Handling session close

18:54:32 [browserstack_sdk.__init__][INFO] - All done!
